# gmm-acc-stats-ali models/mono/1.mdl "ark,s,cs:apply-cmvn  --utt2spk=ark:data/train/split4/1/utt2spk scp:data/train/split4/1/cmvn.scp scp:data/train/split4/1/feats.scp ark:- | add-deltas  ark:- ark:- |" "ark:gunzip -c models/mono/ali.1.gz|" models/mono/1.1.acc 
# Started at Sun May 15 20:33:27 EEST 2022
#
gmm-acc-stats-ali models/mono/1.mdl 'ark,s,cs:apply-cmvn  --utt2spk=ark:data/train/split4/1/utt2spk scp:data/train/split4/1/cmvn.scp scp:data/train/split4/1/feats.scp ark:- | add-deltas  ark:- ark:- |' 'ark:gunzip -c models/mono/ali.1.gz|' models/mono/1.1.acc 
apply-cmvn --utt2spk=ark:data/train/split4/1/utt2spk scp:data/train/split4/1/cmvn.scp scp:data/train/split4/1/feats.scp ark:- 
add-deltas ark:- ark:- 
WARNING (gmm-acc-stats-ali[5.5.1023~1-d673]:main():gmm-acc-stats-ali.cc:79) No alignment for utterance f1_044
WARNING (gmm-acc-stats-ali[5.5.1023~1-d673]:main():gmm-acc-stats-ali.cc:79) No alignment for utterance f1_049
WARNING (gmm-acc-stats-ali[5.5.1023~1-d673]:main():gmm-acc-stats-ali.cc:79) No alignment for utterance f1_067
LOG (gmm-acc-stats-ali[5.5.1023~1-d673]:main():gmm-acc-stats-ali.cc:105) Processed 50 utterances; for utterance f1_074 avg. like is -99.8083 over 530 frames.
LOG (gmm-acc-stats-ali[5.5.1023~1-d673]:main():gmm-acc-stats-ali.cc:105) Processed 100 utterances; for utterance f1_145 avg. like is -98.6115 over 578 frames.
WARNING (gmm-acc-stats-ali[5.5.1023~1-d673]:main():gmm-acc-stats-ali.cc:79) No alignment for utterance f1_150
WARNING (gmm-acc-stats-ali[5.5.1023~1-d673]:main():gmm-acc-stats-ali.cc:79) No alignment for utterance f1_210
LOG (gmm-acc-stats-ali[5.5.1023~1-d673]:main():gmm-acc-stats-ali.cc:105) Processed 150 utterances; for utterance f1_218 avg. like is -98.1305 over 461 frames.
WARNING (gmm-acc-stats-ali[5.5.1023~1-d673]:main():gmm-acc-stats-ali.cc:79) No alignment for utterance f1_220
WARNING (gmm-acc-stats-ali[5.5.1023~1-d673]:main():gmm-acc-stats-ali.cc:79) No alignment for utterance f1_279
WARNING (gmm-acc-stats-ali[5.5.1023~1-d673]:main():gmm-acc-stats-ali.cc:79) No alignment for utterance f1_284
LOG (gmm-acc-stats-ali[5.5.1023~1-d673]:main():gmm-acc-stats-ali.cc:105) Processed 200 utterances; for utterance f1_292 avg. like is -95.5116 over 441 frames.
WARNING (gmm-acc-stats-ali[5.5.1023~1-d673]:main():gmm-acc-stats-ali.cc:79) No alignment for utterance f1_313
WARNING (gmm-acc-stats-ali[5.5.1023~1-d673]:main():gmm-acc-stats-ali.cc:79) No alignment for utterance f1_319
WARNING (gmm-acc-stats-ali[5.5.1023~1-d673]:main():gmm-acc-stats-ali.cc:79) No alignment for utterance f1_329
WARNING (gmm-acc-stats-ali[5.5.1023~1-d673]:main():gmm-acc-stats-ali.cc:79) No alignment for utterance f1_337
WARNING (gmm-acc-stats-ali[5.5.1023~1-d673]:main():gmm-acc-stats-ali.cc:79) No alignment for utterance f1_353
LOG (gmm-acc-stats-ali[5.5.1023~1-d673]:main():gmm-acc-stats-ali.cc:105) Processed 250 utterances; for utterance f1_368 avg. like is -96.3391 over 449 frames.
WARNING (gmm-acc-stats-ali[5.5.1023~1-d673]:main():gmm-acc-stats-ali.cc:79) No alignment for utterance f1_382
LOG (gmm-acc-stats-ali[5.5.1023~1-d673]:main():gmm-acc-stats-ali.cc:105) Processed 300 utterances; for utterance f1_438 avg. like is -101.44 over 509 frames.
WARNING (gmm-acc-stats-ali[5.5.1023~1-d673]:main():gmm-acc-stats-ali.cc:79) No alignment for utterance f1_447
LOG (apply-cmvn[5.5.1023~1-d673]:main():apply-cmvn.cc:162) Applied cepstral mean normalization to 330 utterances, errors on 0
LOG (gmm-acc-stats-ali[5.5.1023~1-d673]:main():gmm-acc-stats-ali.cc:112) Done 315 files, 15 with errors.
LOG (gmm-acc-stats-ali[5.5.1023~1-d673]:main():gmm-acc-stats-ali.cc:115) Overall avg like per frame (Gaussian only) = -98.5108 over 139016 frames.
LOG (gmm-acc-stats-ali[5.5.1023~1-d673]:main():gmm-acc-stats-ali.cc:123) Written accs.
# Accounting: time=0 threads=1
# Ended (code 0) at Sun May 15 20:33:27 EEST 2022, elapsed time 0 seconds
