# align-equal-compiled "ark:gunzip -c models/mono/fsts.2.gz|" "ark,s,cs:apply-cmvn  --utt2spk=ark:data/train/split4/2/utt2spk scp:data/train/split4/2/cmvn.scp scp:data/train/split4/2/feats.scp ark:- | add-deltas  ark:- ark:- |" ark,t:- | gmm-acc-stats-ali --binary=true models/mono/0.mdl "ark,s,cs:apply-cmvn  --utt2spk=ark:data/train/split4/2/utt2spk scp:data/train/split4/2/cmvn.scp scp:data/train/split4/2/feats.scp ark:- | add-deltas  ark:- ark:- |" ark:- models/mono/0.2.acc 
# Started at Sun May 15 20:32:44 EEST 2022
#
align-equal-compiled 'ark:gunzip -c models/mono/fsts.2.gz|' 'ark,s,cs:apply-cmvn  --utt2spk=ark:data/train/split4/2/utt2spk scp:data/train/split4/2/cmvn.scp scp:data/train/split4/2/feats.scp ark:- | add-deltas  ark:- ark:- |' ark,t:- 
apply-cmvn --utt2spk=ark:data/train/split4/2/utt2spk scp:data/train/split4/2/cmvn.scp scp:data/train/split4/2/feats.scp ark:- 
add-deltas ark:- ark:- 
gmm-acc-stats-ali --binary=true models/mono/0.mdl 'ark,s,cs:apply-cmvn  --utt2spk=ark:data/train/split4/2/utt2spk scp:data/train/split4/2/cmvn.scp scp:data/train/split4/2/feats.scp ark:- | add-deltas  ark:- ark:- |' ark:- models/mono/0.2.acc 
apply-cmvn --utt2spk=ark:data/train/split4/2/utt2spk scp:data/train/split4/2/cmvn.scp scp:data/train/split4/2/feats.scp ark:- 
add-deltas ark:- ark:- 
LOG (gmm-acc-stats-ali[5.5.1023~1-d673]:main():gmm-acc-stats-ali.cc:105) Processed 50 utterances; for utterance f5_070 avg. like is -109.316 over 604 frames.
LOG (gmm-acc-stats-ali[5.5.1023~1-d673]:main():gmm-acc-stats-ali.cc:105) Processed 100 utterances; for utterance f5_140 avg. like is -105.498 over 415 frames.
LOG (gmm-acc-stats-ali[5.5.1023~1-d673]:main():gmm-acc-stats-ali.cc:105) Processed 150 utterances; for utterance f5_209 avg. like is -100.917 over 336 frames.
LOG (gmm-acc-stats-ali[5.5.1023~1-d673]:main():gmm-acc-stats-ali.cc:105) Processed 200 utterances; for utterance f5_279 avg. like is -101.521 over 508 frames.
LOG (gmm-acc-stats-ali[5.5.1023~1-d673]:main():gmm-acc-stats-ali.cc:105) Processed 250 utterances; for utterance f5_348 avg. like is -102.222 over 454 frames.
LOG (apply-cmvn[5.5.1023~1-d673]:main():apply-cmvn.cc:162) Applied cepstral mean normalization to 331 utterances, errors on 0
LOG (align-equal-compiled[5.5.1023~1-d673]:main():align-equal-compiled.cc:107) Success: done 331 utterances.
LOG (gmm-acc-stats-ali[5.5.1023~1-d673]:main():gmm-acc-stats-ali.cc:105) Processed 300 utterances; for utterance f5_418 avg. like is -104.447 over 424 frames.
LOG (apply-cmvn[5.5.1023~1-d673]:main():apply-cmvn.cc:162) Applied cepstral mean normalization to 331 utterances, errors on 0
LOG (gmm-acc-stats-ali[5.5.1023~1-d673]:main():gmm-acc-stats-ali.cc:112) Done 331 files, 0 with errors.
LOG (gmm-acc-stats-ali[5.5.1023~1-d673]:main():gmm-acc-stats-ali.cc:115) Overall avg like per frame (Gaussian only) = -103.634 over 151276 frames.
LOG (gmm-acc-stats-ali[5.5.1023~1-d673]:main():gmm-acc-stats-ali.cc:123) Written accs.
# Accounting: time=1 threads=1
# Ended (code 0) at Sun May 15 20:32:45 EEST 2022, elapsed time 1 seconds
