# gmm-est --write-occs=models/mono/2.occs --mix-up=125 --power=0.25 models/mono/1.mdl "gmm-sum-accs - models/mono/1.*.acc|" models/mono/2.mdl 
# Started at Sun May 15 20:33:27 EEST 2022
#
gmm-est --write-occs=models/mono/2.occs --mix-up=125 --power=0.25 models/mono/1.mdl 'gmm-sum-accs - models/mono/1.*.acc|' models/mono/2.mdl 
gmm-sum-accs - models/mono/1.1.acc models/mono/1.2.acc models/mono/1.3.acc models/mono/1.4.acc 
LOG (gmm-sum-accs[5.5.1023~1-d673]:main():gmm-sum-accs.cc:63) Summed 4 stats, total count 564619, avg like/frame -99.6647
LOG (gmm-sum-accs[5.5.1023~1-d673]:main():gmm-sum-accs.cc:66) Total count of stats is 564619
LOG (gmm-sum-accs[5.5.1023~1-d673]:main():gmm-sum-accs.cc:67) Written stats to -
LOG (gmm-est[5.5.1023~1-d673]:MleUpdate():transition-model.cc:528) TransitionModel::Update, objf change is 0.346667 per frame over 564619 frames. 
LOG (gmm-est[5.5.1023~1-d673]:MleUpdate():transition-model.cc:531) 16 probabilities floored, 379 out of 505 transition-states skipped due to insuffient data (it is normal to have some skipped.)
LOG (gmm-est[5.5.1023~1-d673]:main():gmm-est.cc:102) Transition model update: Overall 0.346667 log-like improvement per frame over 564619 frames.
WARNING (gmm-est[5.5.1023~1-d673]:MleDiagGmmUpdate():mle-diag-gmm.cc:365) Gaussian has too little data but not removing it because it is the last Gaussian: i = 0, occ = 0, weight = 1
WARNING (gmm-est[5.5.1023~1-d673]:MleDiagGmmUpdate():mle-diag-gmm.cc:365) Gaussian has too little data but not removing it because it is the last Gaussian: i = 0, occ = 0, weight = 1
WARNING (gmm-est[5.5.1023~1-d673]:MleDiagGmmUpdate():mle-diag-gmm.cc:365) Gaussian has too little data but not removing it because it is the last Gaussian: i = 0, occ = 0, weight = 1
LOG (gmm-est[5.5.1023~1-d673]:MleAmDiagGmmUpdate():mle-am-diag-gmm.cc:225) 0 variance elements floored in 0 Gaussians, out of 125
LOG (gmm-est[5.5.1023~1-d673]:MleAmDiagGmmUpdate():mle-am-diag-gmm.cc:229) Removed 0 Gaussians due to counts < --min-gaussian-occupancy=10 and --remove-low-count-gaussians=true
LOG (gmm-est[5.5.1023~1-d673]:main():gmm-est.cc:113) GMM update: Overall 5.93015 objective function improvement per frame over 564619 frames
LOG (gmm-est[5.5.1023~1-d673]:main():gmm-est.cc:116) GMM update: Overall avg like per frame = -99.6647 over 564619 frames.
LOG (gmm-est[5.5.1023~1-d673]:SplitByCount():am-diag-gmm.cc:116) Split 125 states with target = 125, power = 0.25, perturb_factor = 0.01 and min_count = 20, split #Gauss from 125 to 125
LOG (gmm-est[5.5.1023~1-d673]:main():gmm-est.cc:146) Written model to models/mono/2.mdl
# Accounting: time=1 threads=1
# Ended (code 0) at Sun May 15 20:33:28 EEST 2022, elapsed time 1 seconds
