# gmm-est --write-occs=models/mono/33.occs --mix-up=995 --power=0.25 models/mono/32.mdl "gmm-sum-accs - models/mono/32.*.acc|" models/mono/33.mdl 
# Started at Sun May 15 20:35:27 EEST 2022
#
gmm-est --write-occs=models/mono/33.occs --mix-up=995 --power=0.25 models/mono/32.mdl 'gmm-sum-accs - models/mono/32.*.acc|' models/mono/33.mdl 
gmm-sum-accs - models/mono/32.1.acc models/mono/32.2.acc models/mono/32.3.acc models/mono/32.4.acc 
LOG (gmm-sum-accs[5.5.1023~1-d673]:main():gmm-sum-accs.cc:63) Summed 4 stats, total count 598008, avg like/frame -85.1168
LOG (gmm-sum-accs[5.5.1023~1-d673]:main():gmm-sum-accs.cc:66) Total count of stats is 598008
LOG (gmm-sum-accs[5.5.1023~1-d673]:main():gmm-sum-accs.cc:67) Written stats to -
LOG (gmm-est[5.5.1023~1-d673]:MleUpdate():transition-model.cc:528) TransitionModel::Update, objf change is 4.36567e-05 per frame over 598008 frames. 
LOG (gmm-est[5.5.1023~1-d673]:MleUpdate():transition-model.cc:531) 16 probabilities floored, 378 out of 505 transition-states skipped due to insuffient data (it is normal to have some skipped.)
LOG (gmm-est[5.5.1023~1-d673]:main():gmm-est.cc:102) Transition model update: Overall 4.36567e-05 log-like improvement per frame over 598008 frames.
WARNING (gmm-est[5.5.1023~1-d673]:MleDiagGmmUpdate():mle-diag-gmm.cc:365) Gaussian has too little data but not removing it because it is the last Gaussian: i = 0, occ = 0, weight = 1
WARNING (gmm-est[5.5.1023~1-d673]:MleDiagGmmUpdate():mle-diag-gmm.cc:365) Gaussian has too little data but not removing it because it is the last Gaussian: i = 0, occ = 0, weight = 1
WARNING (gmm-est[5.5.1023~1-d673]:MleDiagGmmUpdate():mle-diag-gmm.cc:365) Gaussian has too little data but not removing it because it is the last Gaussian: i = 0, occ = 0, weight = 1
WARNING (gmm-est[5.5.1023~1-d673]:MleDiagGmmUpdate():mle-diag-gmm.cc:359) Too little data - removing Gaussian (weight 0.000876, occupation count 0.999955, vector size 39)
LOG (gmm-est[5.5.1023~1-d673]:MleAmDiagGmmUpdate():mle-am-diag-gmm.cc:225) 0 variance elements floored in 0 Gaussians, out of 994
LOG (gmm-est[5.5.1023~1-d673]:MleAmDiagGmmUpdate():mle-am-diag-gmm.cc:229) Removed 1 Gaussians due to counts < --min-gaussian-occupancy=10 and --remove-low-count-gaussians=true
LOG (gmm-est[5.5.1023~1-d673]:main():gmm-est.cc:113) GMM update: Overall 0.0404259 objective function improvement per frame over 598008 frames
LOG (gmm-est[5.5.1023~1-d673]:main():gmm-est.cc:116) GMM update: Overall avg like per frame = -85.1168 over 598008 frames.
LOG (gmm-est[5.5.1023~1-d673]:SplitByCount():am-diag-gmm.cc:116) Split 125 states with target = 995, power = 0.25, perturb_factor = 0.01 and min_count = 20, split #Gauss from 994 to 998
LOG (gmm-est[5.5.1023~1-d673]:main():gmm-est.cc:146) Written model to models/mono/33.mdl
# Accounting: time=0 threads=1
# Ended (code 0) at Sun May 15 20:35:27 EEST 2022, elapsed time 0 seconds
