# gmm-est --write-occs=models/mono/19.occs --mix-up=618 --power=0.25 models/mono/18.mdl "gmm-sum-accs - models/mono/18.*.acc|" models/mono/19.mdl 
# Started at Sun May 15 20:34:52 EEST 2022
#
gmm-est --write-occs=models/mono/19.occs --mix-up=618 --power=0.25 models/mono/18.mdl 'gmm-sum-accs - models/mono/18.*.acc|' models/mono/19.mdl 
gmm-sum-accs - models/mono/18.1.acc models/mono/18.2.acc models/mono/18.3.acc models/mono/18.4.acc 
LOG (gmm-sum-accs[5.5.1023~1-d673]:main():gmm-sum-accs.cc:63) Summed 4 stats, total count 597746, avg like/frame -86.2197
LOG (gmm-sum-accs[5.5.1023~1-d673]:main():gmm-sum-accs.cc:66) Total count of stats is 597746
LOG (gmm-sum-accs[5.5.1023~1-d673]:main():gmm-sum-accs.cc:67) Written stats to -
LOG (gmm-est[5.5.1023~1-d673]:MleUpdate():transition-model.cc:528) TransitionModel::Update, objf change is 0.000205781 per frame over 597746 frames. 
LOG (gmm-est[5.5.1023~1-d673]:MleUpdate():transition-model.cc:531) 15 probabilities floored, 378 out of 505 transition-states skipped due to insuffient data (it is normal to have some skipped.)
LOG (gmm-est[5.5.1023~1-d673]:main():gmm-est.cc:102) Transition model update: Overall 0.000205781 log-like improvement per frame over 597746 frames.
WARNING (gmm-est[5.5.1023~1-d673]:MleDiagGmmUpdate():mle-diag-gmm.cc:365) Gaussian has too little data but not removing it because it is the last Gaussian: i = 0, occ = 0, weight = 1
WARNING (gmm-est[5.5.1023~1-d673]:MleDiagGmmUpdate():mle-diag-gmm.cc:365) Gaussian has too little data but not removing it because it is the last Gaussian: i = 0, occ = 0, weight = 1
WARNING (gmm-est[5.5.1023~1-d673]:MleDiagGmmUpdate():mle-diag-gmm.cc:365) Gaussian has too little data but not removing it because it is the last Gaussian: i = 0, occ = 0, weight = 1
LOG (gmm-est[5.5.1023~1-d673]:MleAmDiagGmmUpdate():mle-am-diag-gmm.cc:225) 0 variance elements floored in 0 Gaussians, out of 589
LOG (gmm-est[5.5.1023~1-d673]:MleAmDiagGmmUpdate():mle-am-diag-gmm.cc:229) Removed 0 Gaussians due to counts < --min-gaussian-occupancy=10 and --remove-low-count-gaussians=true
LOG (gmm-est[5.5.1023~1-d673]:main():gmm-est.cc:113) GMM update: Overall 0.066498 objective function improvement per frame over 597746 frames
LOG (gmm-est[5.5.1023~1-d673]:main():gmm-est.cc:116) GMM update: Overall avg like per frame = -86.2197 over 597746 frames.
LOG (gmm-est[5.5.1023~1-d673]:SplitByCount():am-diag-gmm.cc:116) Split 125 states with target = 618, power = 0.25, perturb_factor = 0.01 and min_count = 20, split #Gauss from 589 to 618
LOG (gmm-est[5.5.1023~1-d673]:main():gmm-est.cc:146) Written model to models/mono/19.mdl
# Accounting: time=0 threads=1
# Ended (code 0) at Sun May 15 20:34:52 EEST 2022, elapsed time 0 seconds
