# build-tree --verbose=1 --max-leaves=2000 --cluster-thresh=-1 models/tri1/treeacc data/lang/phones/roots.int models/tri1/questions.qst data/lang/topo models/tri1/tree 
# Started at Mon May 16 17:08:21 EEST 2022
#
build-tree --verbose=1 --max-leaves=2000 --cluster-thresh=-1 models/tri1/treeacc data/lang/phones/roots.int models/tri1/questions.qst data/lang/topo models/tri1/tree 
LOG (build-tree[5.5.1023~1-d673]:main():build-tree.cc:104) Number of separate statistics is 17353
LOG (build-tree[5.5.1023~1-d673]:BuildTree():build-tree.cc:161) BuildTree: before building trees, map has 41 leaves.
LOG (build-tree[5.5.1023~1-d673]:SplitDecisionTree():build-tree-utils.cc:577) DoDecisionTreeSplit: split 1171 times, #leaves now 1212
LOG (build-tree[5.5.1023~1-d673]:BuildTree():build-tree.cc:187) Setting clustering threshold to smallest split 300.178
VLOG[1] (build-tree[5.5.1023~1-d673]:BuildTree():build-tree.cc:196) After decision tree split, num-leaves = 1212, like-impr = 5.2773 per frame over 598008 frames.
VLOG[1] (build-tree[5.5.1023~1-d673]:BuildTree():build-tree.cc:200) Including just phones that were split, improvement is 5.2773 per frame over 598008 frames.
LOG (build-tree[5.5.1023~1-d673]:BuildTree():build-tree.cc:215) BuildTree: removed 280 leaves.
VLOG[1] (build-tree[5.5.1023~1-d673]:ClusterEventMapToNClustersRestrictedByMap():build-tree-utils.cc:914) Number of non-empty clusters in map = 40
VLOG[1] (build-tree[5.5.1023~1-d673]:ClusterEventMapToNClustersRestrictedByMap():build-tree-utils.cc:915) Number of non-empty clusters = 931
LOG (build-tree[5.5.1023~1-d673]:BuildTree():build-tree.cc:231) BuildTree: Rounded num leaves to multiple of 8 by removing 4 leaves.
VLOG[1] (build-tree[5.5.1023~1-d673]:BuildTree():build-tree.cc:256) Objf change due to clustering -0.100166 per frame.
VLOG[1] (build-tree[5.5.1023~1-d673]:BuildTree():build-tree.cc:259) Normalizing over only split phones, this is: -0.100166 per frame.
VLOG[1] (build-tree[5.5.1023~1-d673]:BuildTree():build-tree.cc:262) Num-leaves is now 928
VLOG[1] (build-tree[5.5.1023~1-d673]:main():build-tree.cc:143) For pdf-id 1, low count 0
VLOG[1] (build-tree[5.5.1023~1-d673]:main():build-tree.cc:143) For pdf-id 13, low count 52
VLOG[1] (build-tree[5.5.1023~1-d673]:main():build-tree.cc:143) For pdf-id 17, low count 72
VLOG[1] (build-tree[5.5.1023~1-d673]:main():build-tree.cc:143) For pdf-id 26, low count 13
VLOG[1] (build-tree[5.5.1023~1-d673]:main():build-tree.cc:143) For pdf-id 27, low count 91
VLOG[1] (build-tree[5.5.1023~1-d673]:main():build-tree.cc:143) For pdf-id 29, low count 23
VLOG[1] (build-tree[5.5.1023~1-d673]:main():build-tree.cc:143) For pdf-id 34, low count 94
VLOG[1] (build-tree[5.5.1023~1-d673]:main():build-tree.cc:143) For pdf-id 50, low count 99
VLOG[1] (build-tree[5.5.1023~1-d673]:main():build-tree.cc:143) For pdf-id 64, low count 90
VLOG[1] (build-tree[5.5.1023~1-d673]:main():build-tree.cc:143) For pdf-id 71, low count 14
VLOG[1] (build-tree[5.5.1023~1-d673]:main():build-tree.cc:143) For pdf-id 76, low count 57
VLOG[1] (build-tree[5.5.1023~1-d673]:main():build-tree.cc:143) For pdf-id 81, low count 73
VLOG[1] (build-tree[5.5.1023~1-d673]:main():build-tree.cc:143) For pdf-id 100, low count 71
VLOG[1] (build-tree[5.5.1023~1-d673]:main():build-tree.cc:143) For pdf-id 128, low count 89
VLOG[1] (build-tree[5.5.1023~1-d673]:main():build-tree.cc:143) For pdf-id 136, low count 38
VLOG[1] (build-tree[5.5.1023~1-d673]:main():build-tree.cc:143) For pdf-id 143, low count 70
VLOG[1] (build-tree[5.5.1023~1-d673]:main():build-tree.cc:143) For pdf-id 147, low count 33
VLOG[1] (build-tree[5.5.1023~1-d673]:main():build-tree.cc:143) For pdf-id 149, low count 46
VLOG[1] (build-tree[5.5.1023~1-d673]:main():build-tree.cc:143) For pdf-id 156, low count 79
VLOG[1] (build-tree[5.5.1023~1-d673]:main():build-tree.cc:143) For pdf-id 180, low count 88
VLOG[1] (build-tree[5.5.1023~1-d673]:main():build-tree.cc:143) For pdf-id 189, low count 72
VLOG[1] (build-tree[5.5.1023~1-d673]:main():build-tree.cc:143) For pdf-id 195, low count 93
VLOG[1] (build-tree[5.5.1023~1-d673]:main():build-tree.cc:143) For pdf-id 229, low count 81
VLOG[1] (build-tree[5.5.1023~1-d673]:main():build-tree.cc:143) For pdf-id 253, low count 67
VLOG[1] (build-tree[5.5.1023~1-d673]:main():build-tree.cc:143) For pdf-id 268, low count 22
VLOG[1] (build-tree[5.5.1023~1-d673]:main():build-tree.cc:143) For pdf-id 271, low count 60
VLOG[1] (build-tree[5.5.1023~1-d673]:main():build-tree.cc:143) For pdf-id 278, low count 75
VLOG[1] (build-tree[5.5.1023~1-d673]:main():build-tree.cc:143) For pdf-id 295, low count 99
VLOG[1] (build-tree[5.5.1023~1-d673]:main():build-tree.cc:143) For pdf-id 319, low count 70
VLOG[1] (build-tree[5.5.1023~1-d673]:main():build-tree.cc:143) For pdf-id 338, low count 51
VLOG[1] (build-tree[5.5.1023~1-d673]:main():build-tree.cc:143) For pdf-id 346, low count 82
VLOG[1] (build-tree[5.5.1023~1-d673]:main():build-tree.cc:143) For pdf-id 347, low count 70
VLOG[1] (build-tree[5.5.1023~1-d673]:main():build-tree.cc:143) For pdf-id 348, low count 83
VLOG[1] (build-tree[5.5.1023~1-d673]:main():build-tree.cc:143) For pdf-id 376, low count 60
VLOG[1] (build-tree[5.5.1023~1-d673]:main():build-tree.cc:143) For pdf-id 377, low count 73
VLOG[1] (build-tree[5.5.1023~1-d673]:main():build-tree.cc:143) For pdf-id 381, low count 72
VLOG[1] (build-tree[5.5.1023~1-d673]:main():build-tree.cc:143) For pdf-id 399, low count 43
VLOG[1] (build-tree[5.5.1023~1-d673]:main():build-tree.cc:143) For pdf-id 401, low count 95
VLOG[1] (build-tree[5.5.1023~1-d673]:main():build-tree.cc:143) For pdf-id 408, low count 92
VLOG[1] (build-tree[5.5.1023~1-d673]:main():build-tree.cc:143) For pdf-id 421, low count 44
VLOG[1] (build-tree[5.5.1023~1-d673]:main():build-tree.cc:143) For pdf-id 445, low count 61
VLOG[1] (build-tree[5.5.1023~1-d673]:main():build-tree.cc:143) For pdf-id 452, low count 92
VLOG[1] (build-tree[5.5.1023~1-d673]:main():build-tree.cc:143) For pdf-id 455, low count 83
VLOG[1] (build-tree[5.5.1023~1-d673]:main():build-tree.cc:143) For pdf-id 463, low count 8
VLOG[1] (build-tree[5.5.1023~1-d673]:main():build-tree.cc:143) For pdf-id 472, low count 34
VLOG[1] (build-tree[5.5.1023~1-d673]:main():build-tree.cc:143) For pdf-id 474, low count 96
VLOG[1] (build-tree[5.5.1023~1-d673]:main():build-tree.cc:143) For pdf-id 477, low count 42
VLOG[1] (build-tree[5.5.1023~1-d673]:main():build-tree.cc:143) For pdf-id 481, low count 76
VLOG[1] (build-tree[5.5.1023~1-d673]:main():build-tree.cc:143) For pdf-id 507, low count 85
VLOG[1] (build-tree[5.5.1023~1-d673]:main():build-tree.cc:143) For pdf-id 544, low count 11
VLOG[1] (build-tree[5.5.1023~1-d673]:main():build-tree.cc:143) For pdf-id 551, low count 67
VLOG[1] (build-tree[5.5.1023~1-d673]:main():build-tree.cc:143) For pdf-id 559, low count 77
VLOG[1] (build-tree[5.5.1023~1-d673]:main():build-tree.cc:143) For pdf-id 560, low count 87
VLOG[1] (build-tree[5.5.1023~1-d673]:main():build-tree.cc:143) For pdf-id 596, low count 12
VLOG[1] (build-tree[5.5.1023~1-d673]:main():build-tree.cc:143) For pdf-id 598, low count 99
VLOG[1] (build-tree[5.5.1023~1-d673]:main():build-tree.cc:143) For pdf-id 614, low count 69
VLOG[1] (build-tree[5.5.1023~1-d673]:main():build-tree.cc:143) For pdf-id 620, low count 81
VLOG[1] (build-tree[5.5.1023~1-d673]:main():build-tree.cc:143) For pdf-id 632, low count 95
VLOG[1] (build-tree[5.5.1023~1-d673]:main():build-tree.cc:143) For pdf-id 635, low count 81
VLOG[1] (build-tree[5.5.1023~1-d673]:main():build-tree.cc:143) For pdf-id 640, low count 83
VLOG[1] (build-tree[5.5.1023~1-d673]:main():build-tree.cc:143) For pdf-id 681, low count 84
VLOG[1] (build-tree[5.5.1023~1-d673]:main():build-tree.cc:143) For pdf-id 691, low count 97
VLOG[1] (build-tree[5.5.1023~1-d673]:main():build-tree.cc:143) For pdf-id 718, low count 85
VLOG[1] (build-tree[5.5.1023~1-d673]:main():build-tree.cc:143) For pdf-id 721, low count 83
VLOG[1] (build-tree[5.5.1023~1-d673]:main():build-tree.cc:143) For pdf-id 779, low count 74
VLOG[1] (build-tree[5.5.1023~1-d673]:main():build-tree.cc:143) For pdf-id 811, low count 95
VLOG[1] (build-tree[5.5.1023~1-d673]:main():build-tree.cc:143) For pdf-id 819, low count 54
VLOG[1] (build-tree[5.5.1023~1-d673]:main():build-tree.cc:143) For pdf-id 916, low count 76
VLOG[1] (build-tree[5.5.1023~1-d673]:main():build-tree.cc:143) For pdf-id 920, low count 72
VLOG[1] (build-tree[5.5.1023~1-d673]:main():build-tree.cc:143) For pdf-id 922, low count 92
WARNING (build-tree[5.5.1023~1-d673]:main():build-tree.cc:185) Saw no stats for following phones: 2 3 4 6 7 8 9 10 11 12 14 15 16 18 19 20 22 23 24 26 27 28 30 31 32 34 35 36 38 39 40 42 43 44 46 47 48 50 51 52 54 55 56 58 59 60 62 63 64 66 67 68 70 71 72 74 75 76 78 79 80 82 83 84 86 87 88 90 91 92 94 95 96 98 99 100 102 103 104 106 107 108 110 111 112 114 115 116 118 119 120 122 123 124 126 127 128 130 131 132 134 135 136 138 139 140 142 143 144 146 147 148 150 151 152 154 155 156 158 159 160 162 163 164 
LOG (build-tree[5.5.1023~1-d673]:main():build-tree.cc:189) Wrote tree
# Accounting: time=2 threads=1
# Ended (code 0) at Mon May 16 17:08:23 EEST 2022, elapsed time 2 seconds
