# gmm-est --mix-up=3600 --power=0.25 --write-occs=models/tri1/7.occs models/tri1/6.mdl "gmm-sum-accs - models/tri1/6.*.acc |" models/tri1/7.mdl 
# Started at Mon May 16 17:08:31 EEST 2022
#
gmm-est --mix-up=3600 --power=0.25 --write-occs=models/tri1/7.occs models/tri1/6.mdl 'gmm-sum-accs - models/tri1/6.*.acc |' models/tri1/7.mdl 
gmm-sum-accs - models/tri1/6.1.acc models/tri1/6.2.acc models/tri1/6.3.acc models/tri1/6.4.acc 
LOG (gmm-sum-accs[5.5.1023~1-d673]:main():gmm-sum-accs.cc:63) Summed 4 stats, total count 598008, avg like/frame -85.402
LOG (gmm-sum-accs[5.5.1023~1-d673]:main():gmm-sum-accs.cc:66) Total count of stats is 598008
LOG (gmm-sum-accs[5.5.1023~1-d673]:main():gmm-sum-accs.cc:67) Written stats to -
LOG (gmm-est[5.5.1023~1-d673]:MleUpdate():transition-model.cc:528) TransitionModel::Update, objf change is 0 per frame over 598008 frames. 
LOG (gmm-est[5.5.1023~1-d673]:MleUpdate():transition-model.cc:531) 21 probabilities floored, 3039 out of 4053 transition-states skipped due to insuffient data (it is normal to have some skipped.)
LOG (gmm-est[5.5.1023~1-d673]:main():gmm-est.cc:102) Transition model update: Overall 0 log-like improvement per frame over 598008 frames.
WARNING (gmm-est[5.5.1023~1-d673]:MleDiagGmmUpdate():mle-diag-gmm.cc:365) Gaussian has too little data but not removing it because it is the last Gaussian: i = 0, occ = 0, weight = 1
WARNING (gmm-est[5.5.1023~1-d673]:MleDiagGmmUpdate():mle-diag-gmm.cc:359) Too little data - removing Gaussian (weight 0.155998, occupation count 7.175906, vector size 39)
WARNING (gmm-est[5.5.1023~1-d673]:MleDiagGmmUpdate():mle-diag-gmm.cc:365) Gaussian has too little data but not removing it because it is the last Gaussian: i = 0, occ = 8, weight = 1
LOG (gmm-est[5.5.1023~1-d673]:MleAmDiagGmmUpdate():mle-am-diag-gmm.cc:225) 0 variance elements floored in 0 Gaussians, out of 3279
LOG (gmm-est[5.5.1023~1-d673]:MleAmDiagGmmUpdate():mle-am-diag-gmm.cc:229) Removed 1 Gaussians due to counts < --min-gaussian-occupancy=10 and --remove-low-count-gaussians=true
LOG (gmm-est[5.5.1023~1-d673]:main():gmm-est.cc:113) GMM update: Overall 0.191306 objective function improvement per frame over 598008 frames
LOG (gmm-est[5.5.1023~1-d673]:main():gmm-est.cc:116) GMM update: Overall avg like per frame = -85.402 over 598008 frames.
LOG (gmm-est[5.5.1023~1-d673]:SplitByCount():am-diag-gmm.cc:116) Split 928 states with target = 3600, power = 0.25, perturb_factor = 0.01 and min_count = 20, split #Gauss from 3279 to 3600
LOG (gmm-est[5.5.1023~1-d673]:main():gmm-est.cc:146) Written model to models/tri1/7.mdl
# Accounting: time=0 threads=1
# Ended (code 0) at Mon May 16 17:08:31 EEST 2022, elapsed time 0 seconds
