# gmm-est --mix-up=9040 --power=0.25 --write-occs=models/tri1/24.occs models/tri1/23.mdl "gmm-sum-accs - models/tri1/23.*.acc |" models/tri1/24.mdl 
# Started at Mon May 16 17:08:58 EEST 2022
#
gmm-est --mix-up=9040 --power=0.25 --write-occs=models/tri1/24.occs models/tri1/23.mdl 'gmm-sum-accs - models/tri1/23.*.acc |' models/tri1/24.mdl 
gmm-sum-accs - models/tri1/23.1.acc models/tri1/23.2.acc models/tri1/23.3.acc models/tri1/23.4.acc 
LOG (gmm-sum-accs[5.5.1023~1-d673]:main():gmm-sum-accs.cc:63) Summed 4 stats, total count 598008, avg like/frame -81.7444
LOG (gmm-sum-accs[5.5.1023~1-d673]:main():gmm-sum-accs.cc:66) Total count of stats is 598008
LOG (gmm-sum-accs[5.5.1023~1-d673]:main():gmm-sum-accs.cc:67) Written stats to -
LOG (gmm-est[5.5.1023~1-d673]:MleUpdate():transition-model.cc:528) TransitionModel::Update, objf change is 0 per frame over 598008 frames. 
LOG (gmm-est[5.5.1023~1-d673]:MleUpdate():transition-model.cc:531) 71 probabilities floored, 3041 out of 4053 transition-states skipped due to insuffient data (it is normal to have some skipped.)
LOG (gmm-est[5.5.1023~1-d673]:main():gmm-est.cc:102) Transition model update: Overall 0 log-like improvement per frame over 598008 frames.
WARNING (gmm-est[5.5.1023~1-d673]:MleDiagGmmUpdate():mle-diag-gmm.cc:365) Gaussian has too little data but not removing it because it is the last Gaussian: i = 0, occ = 0, weight = 1
WARNING (gmm-est[5.5.1023~1-d673]:MleDiagGmmUpdate():mle-diag-gmm.cc:359) Too little data - removing Gaussian (weight 0.052334, occupation count 9.106118, vector size 39)
WARNING (gmm-est[5.5.1023~1-d673]:MleDiagGmmUpdate():mle-diag-gmm.cc:365) Gaussian has too little data but not removing it because it is the last Gaussian: i = 0, occ = 8, weight = 1
LOG (gmm-est[5.5.1023~1-d673]:MleAmDiagGmmUpdate():mle-am-diag-gmm.cc:225) 0 variance elements floored in 0 Gaussians, out of 8723
LOG (gmm-est[5.5.1023~1-d673]:MleAmDiagGmmUpdate():mle-am-diag-gmm.cc:229) Removed 1 Gaussians due to counts < --min-gaussian-occupancy=10 and --remove-low-count-gaussians=true
LOG (gmm-est[5.5.1023~1-d673]:main():gmm-est.cc:113) GMM update: Overall 0.0587701 objective function improvement per frame over 598008 frames
LOG (gmm-est[5.5.1023~1-d673]:main():gmm-est.cc:116) GMM update: Overall avg like per frame = -81.7444 over 598008 frames.
LOG (gmm-est[5.5.1023~1-d673]:SplitByCount():am-diag-gmm.cc:116) Split 928 states with target = 9040, power = 0.25, perturb_factor = 0.01 and min_count = 20, split #Gauss from 8723 to 9044
LOG (gmm-est[5.5.1023~1-d673]:main():gmm-est.cc:146) Written model to models/tri1/24.mdl
# Accounting: time=0 threads=1
# Ended (code 0) at Mon May 16 17:08:58 EEST 2022, elapsed time 0 seconds
