# compute-mfcc-feats --write-utt2dur=ark,t:data/train//log/utt2dur.1 --verbose=2 --config=conf/mfcc.conf scp,p:data/train//log/wav_train.1.scp ark:- | copy-feats --write-num-frames=ark,t:data/train//log/utt2num_frames.1 --compress=true ark:- ark,scp:/home/thodoris/Documents/lab2/usc/data/train//data/raw_mfcc_train.1.ark,/home/thodoris/Documents/lab2/usc/data/train//data/raw_mfcc_train.1.scp 
# Started at Sat May 14 17:21:31 EEST 2022
#
copy-feats --write-num-frames=ark,t:data/train//log/utt2num_frames.1 --compress=true ark:- ark,scp:/home/thodoris/Documents/lab2/usc/data/train//data/raw_mfcc_train.1.ark,/home/thodoris/Documents/lab2/usc/data/train//data/raw_mfcc_train.1.scp 
compute-mfcc-feats --write-utt2dur=ark,t:data/train//log/utt2dur.1 --verbose=2 --config=conf/mfcc.conf scp,p:data/train//log/wav_train.1.scp ark:- 
WARNING (compute-mfcc-feats[5.5.1023~1-d673]:EnsureObjectLoaded():util/kaldi-table-inl.h:310) Failed to open file /wav/f1_003.wav
WARNING (compute-mfcc-feats[5.5.1023~1-d673]:EnsureObjectLoaded():util/kaldi-table-inl.h:310) Failed to open file /wav/f1_004.wav
WARNING (compute-mfcc-feats[5.5.1023~1-d673]:EnsureObjectLoaded():util/kaldi-table-inl.h:310) Failed to open file /wav/f1_005.wav
WARNING (compute-mfcc-feats[5.5.1023~1-d673]:EnsureObjectLoaded():util/kaldi-table-inl.h:310) Failed to open file /wav/f1_007.wav
WARNING (compute-mfcc-feats[5.5.1023~1-d673]:EnsureObjectLoaded():util/kaldi-table-inl.h:310) Failed to open file /wav/f1_008.wav
WARNING (compute-mfcc-feats[5.5.1023~1-d673]:EnsureObjectLoaded():util/kaldi-table-inl.h:310) Failed to open file /wav/f1_009.wav
WARNING (compute-mfcc-feats[5.5.1023~1-d673]:EnsureObjectLoaded():util/kaldi-table-inl.h:310) Failed to open file /wav/f1_010.wav
WARNING (compute-mfcc-feats[5.5.1023~1-d673]:EnsureObjectLoaded():util/kaldi-table-inl.h:310) Failed to open file /wav/f1_012.wav
WARNING (compute-mfcc-feats[5.5.1023~1-d673]:EnsureObjectLoaded():util/kaldi-table-inl.h:310) Failed to open file /wav/f1_013.wav
WARNING (compute-mfcc-feats[5.5.1023~1-d673]:EnsureObjectLoaded():util/kaldi-table-inl.h:310) Failed to open file /wav/f1_015.wav
WARNING (compute-mfcc-feats[5.5.1023~1-d673]:EnsureObjectLoaded():util/kaldi-table-inl.h:310) Failed to open file /wav/f1_017.wav
WARNING (compute-mfcc-feats[5.5.1023~1-d673]:EnsureObjectLoaded():util/kaldi-table-inl.h:310) Failed to open file /wav/f1_018.wav
WARNING (compute-mfcc-feats[5.5.1023~1-d673]:EnsureObjectLoaded():util/kaldi-table-inl.h:310) Failed to open file /wav/f1_019.wav
WARNING (compute-mfcc-feats[5.5.1023~1-d673]:EnsureObjectLoaded():util/kaldi-table-inl.h:310) Failed to open file /wav/f1_020.wav
WARNING (compute-mfcc-feats[5.5.1023~1-d673]:EnsureObjectLoaded():util/kaldi-table-inl.h:310) Failed to open file /wav/f1_022.wav
WARNING (compute-mfcc-feats[5.5.1023~1-d673]:EnsureObjectLoaded():util/kaldi-table-inl.h:310) Failed to open file /wav/f1_023.wav
WARNING (compute-mfcc-feats[5.5.1023~1-d673]:EnsureObjectLoaded():util/kaldi-table-inl.h:310) Failed to open file /wav/f1_024.wav
WARNING (compute-mfcc-feats[5.5.1023~1-d673]:EnsureObjectLoaded():util/kaldi-table-inl.h:310) Failed to open file /wav/f1_025.wav
WARNING (compute-mfcc-feats[5.5.1023~1-d673]:EnsureObjectLoaded():util/kaldi-table-inl.h:310) Failed to open file /wav/f1_028.wav
WARNING (compute-mfcc-feats[5.5.1023~1-d673]:EnsureObjectLoaded():util/kaldi-table-inl.h:310) Failed to open file /wav/f1_029.wav
WARNING (compute-mfcc-feats[5.5.1023~1-d673]:EnsureObjectLoaded():util/kaldi-table-inl.h:310) Failed to open file /wav/f1_030.wav
WARNING (compute-mfcc-feats[5.5.1023~1-d673]:EnsureObjectLoaded():util/kaldi-table-inl.h:310) Failed to open file /wav/f1_032.wav
WARNING (compute-mfcc-feats[5.5.1023~1-d673]:EnsureObjectLoaded():util/kaldi-table-inl.h:310) Failed to open file /wav/f1_033.wav
WARNING (compute-mfcc-feats[5.5.1023~1-d673]:EnsureObjectLoaded():util/kaldi-table-inl.h:310) Failed to open file /wav/f1_034.wav
WARNING (compute-mfcc-feats[5.5.1023~1-d673]:EnsureObjectLoaded():util/kaldi-table-inl.h:310) Failed to open file /wav/f1_035.wav
WARNING (compute-mfcc-feats[5.5.1023~1-d673]:EnsureObjectLoaded():util/kaldi-table-inl.h:310) Failed to open file /wav/f1_037.wav
WARNING (compute-mfcc-feats[5.5.1023~1-d673]:EnsureObjectLoaded():util/kaldi-table-inl.h:310) Failed to open file /wav/f1_038.wav
WARNING (compute-mfcc-feats[5.5.1023~1-d673]:EnsureObjectLoaded():util/kaldi-table-inl.h:310) Failed to open file /wav/f1_040.wav
WARNING (compute-mfcc-feats[5.5.1023~1-d673]:EnsureObjectLoaded():util/kaldi-table-inl.h:310) Failed to open file /wav/f1_042.wav
WARNING (compute-mfcc-feats[5.5.1023~1-d673]:EnsureObjectLoaded():util/kaldi-table-inl.h:310) Failed to open file /wav/f1_043.wav
WARNING (compute-mfcc-feats[5.5.1023~1-d673]:EnsureObjectLoaded():util/kaldi-table-inl.h:310) Failed to open file /wav/f1_044.wav
WARNING (compute-mfcc-feats[5.5.1023~1-d673]:EnsureObjectLoaded():util/kaldi-table-inl.h:310) Failed to open file /wav/f1_045.wav
WARNING (compute-mfcc-feats[5.5.1023~1-d673]:EnsureObjectLoaded():util/kaldi-table-inl.h:310) Failed to open file /wav/f1_047.wav
WARNING (compute-mfcc-feats[5.5.1023~1-d673]:EnsureObjectLoaded():util/kaldi-table-inl.h:310) Failed to open file /wav/f1_048.wav
WARNING (compute-mfcc-feats[5.5.1023~1-d673]:EnsureObjectLoaded():util/kaldi-table-inl.h:310) Failed to open file /wav/f1_049.wav
WARNING (compute-mfcc-feats[5.5.1023~1-d673]:EnsureObjectLoaded():util/kaldi-table-inl.h:310) Failed to open file /wav/f1_050.wav
WARNING (compute-mfcc-feats[5.5.1023~1-d673]:EnsureObjectLoaded():util/kaldi-table-inl.h:310) Failed to open file /wav/f1_053.wav
WARNING (compute-mfcc-feats[5.5.1023~1-d673]:EnsureObjectLoaded():util/kaldi-table-inl.h:310) Failed to open file /wav/f1_054.wav
WARNING (compute-mfcc-feats[5.5.1023~1-d673]:EnsureObjectLoaded():util/kaldi-table-inl.h:310) Failed to open file /wav/f1_055.wav
WARNING (compute-mfcc-feats[5.5.1023~1-d673]:EnsureObjectLoaded():util/kaldi-table-inl.h:310) Failed to open file /wav/f1_057.wav
WARNING (compute-mfcc-feats[5.5.1023~1-d673]:EnsureObjectLoaded():util/kaldi-table-inl.h:310) Failed to open file /wav/f1_058.wav
WARNING (compute-mfcc-feats[5.5.1023~1-d673]:EnsureObjectLoaded():util/kaldi-table-inl.h:310) Failed to open file /wav/f1_059.wav
WARNING (compute-mfcc-feats[5.5.1023~1-d673]:EnsureObjectLoaded():util/kaldi-table-inl.h:310) Failed to open file /wav/f1_060.wav
WARNING (compute-mfcc-feats[5.5.1023~1-d673]:EnsureObjectLoaded():util/kaldi-table-inl.h:310) Failed to open file /wav/f1_062.wav
WARNING (compute-mfcc-feats[5.5.1023~1-d673]:EnsureObjectLoaded():util/kaldi-table-inl.h:310) Failed to open file /wav/f1_063.wav
WARNING (compute-mfcc-feats[5.5.1023~1-d673]:EnsureObjectLoaded():util/kaldi-table-inl.h:310) Failed to open file /wav/f1_065.wav
WARNING (compute-mfcc-feats[5.5.1023~1-d673]:EnsureObjectLoaded():util/kaldi-table-inl.h:310) Failed to open file /wav/f1_067.wav
WARNING (compute-mfcc-feats[5.5.1023~1-d673]:EnsureObjectLoaded():util/kaldi-table-inl.h:310) Failed to open file /wav/f1_068.wav
WARNING (compute-mfcc-feats[5.5.1023~1-d673]:EnsureObjectLoaded():util/kaldi-table-inl.h:310) Failed to open file /wav/f1_069.wav
WARNING (compute-mfcc-feats[5.5.1023~1-d673]:EnsureObjectLoaded():util/kaldi-table-inl.h:310) Failed to open file /wav/f1_070.wav
WARNING (compute-mfcc-feats[5.5.1023~1-d673]:EnsureObjectLoaded():util/kaldi-table-inl.h:310) Failed to open file /wav/f1_072.wav
WARNING (compute-mfcc-feats[5.5.1023~1-d673]:EnsureObjectLoaded():util/kaldi-table-inl.h:310) Failed to open file /wav/f1_073.wav
WARNING (compute-mfcc-feats[5.5.1023~1-d673]:EnsureObjectLoaded():util/kaldi-table-inl.h:310) Failed to open file /wav/f1_074.wav
WARNING (compute-mfcc-feats[5.5.1023~1-d673]:EnsureObjectLoaded():util/kaldi-table-inl.h:310) Failed to open file /wav/f1_075.wav
WARNING (compute-mfcc-feats[5.5.1023~1-d673]:EnsureObjectLoaded():util/kaldi-table-inl.h:310) Failed to open file /wav/f1_078.wav
WARNING (compute-mfcc-feats[5.5.1023~1-d673]:EnsureObjectLoaded():util/kaldi-table-inl.h:310) Failed to open file /wav/f1_079.wav
WARNING (compute-mfcc-feats[5.5.1023~1-d673]:EnsureObjectLoaded():util/kaldi-table-inl.h:310) Failed to open file /wav/f1_080.wav
WARNING (compute-mfcc-feats[5.5.1023~1-d673]:EnsureObjectLoaded():util/kaldi-table-inl.h:310) Failed to open file /wav/f1_082.wav
WARNING (compute-mfcc-feats[5.5.1023~1-d673]:EnsureObjectLoaded():util/kaldi-table-inl.h:310) Failed to open file /wav/f1_083.wav
WARNING (compute-mfcc-feats[5.5.1023~1-d673]:EnsureObjectLoaded():util/kaldi-table-inl.h:310) Failed to open file /wav/f1_084.wav
WARNING (compute-mfcc-feats[5.5.1023~1-d673]:EnsureObjectLoaded():util/kaldi-table-inl.h:310) Failed to open file /wav/f1_085.wav
WARNING (compute-mfcc-feats[5.5.1023~1-d673]:EnsureObjectLoaded():util/kaldi-table-inl.h:310) Failed to open file /wav/f1_087.wav
WARNING (compute-mfcc-feats[5.5.1023~1-d673]:EnsureObjectLoaded():util/kaldi-table-inl.h:310) Failed to open file /wav/f1_088.wav
WARNING (compute-mfcc-feats[5.5.1023~1-d673]:EnsureObjectLoaded():util/kaldi-table-inl.h:310) Failed to open file /wav/f1_090.wav
WARNING (compute-mfcc-feats[5.5.1023~1-d673]:EnsureObjectLoaded():util/kaldi-table-inl.h:310) Failed to open file /wav/f1_092.wav
WARNING (compute-mfcc-feats[5.5.1023~1-d673]:EnsureObjectLoaded():util/kaldi-table-inl.h:310) Failed to open file /wav/f1_093.wav
WARNING (compute-mfcc-feats[5.5.1023~1-d673]:EnsureObjectLoaded():util/kaldi-table-inl.h:310) Failed to open file /wav/f1_094.wav
WARNING (compute-mfcc-feats[5.5.1023~1-d673]:EnsureObjectLoaded():util/kaldi-table-inl.h:310) Failed to open file /wav/f1_095.wav
WARNING (compute-mfcc-feats[5.5.1023~1-d673]:EnsureObjectLoaded():util/kaldi-table-inl.h:310) Failed to open file /wav/f1_097.wav
WARNING (compute-mfcc-feats[5.5.1023~1-d673]:EnsureObjectLoaded():util/kaldi-table-inl.h:310) Failed to open file /wav/f1_098.wav
WARNING (compute-mfcc-feats[5.5.1023~1-d673]:EnsureObjectLoaded():util/kaldi-table-inl.h:310) Failed to open file /wav/f1_099.wav
WARNING (compute-mfcc-feats[5.5.1023~1-d673]:EnsureObjectLoaded():util/kaldi-table-inl.h:310) Failed to open file /wav/f1_100.wav
WARNING (compute-mfcc-feats[5.5.1023~1-d673]:EnsureObjectLoaded():util/kaldi-table-inl.h:310) Failed to open file /wav/f1_103.wav
WARNING (compute-mfcc-feats[5.5.1023~1-d673]:EnsureObjectLoaded():util/kaldi-table-inl.h:310) Failed to open file /wav/f1_104.wav
WARNING (compute-mfcc-feats[5.5.1023~1-d673]:EnsureObjectLoaded():util/kaldi-table-inl.h:310) Failed to open file /wav/f1_105.wav
WARNING (compute-mfcc-feats[5.5.1023~1-d673]:EnsureObjectLoaded():util/kaldi-table-inl.h:310) Failed to open file /wav/f1_107.wav
WARNING (compute-mfcc-feats[5.5.1023~1-d673]:EnsureObjectLoaded():util/kaldi-table-inl.h:310) Failed to open file /wav/f1_108.wav
WARNING (compute-mfcc-feats[5.5.1023~1-d673]:EnsureObjectLoaded():util/kaldi-table-inl.h:310) Failed to open file /wav/f1_109.wav
WARNING (compute-mfcc-feats[5.5.1023~1-d673]:EnsureObjectLoaded():util/kaldi-table-inl.h:310) Failed to open file /wav/f1_110.wav
WARNING (compute-mfcc-feats[5.5.1023~1-d673]:EnsureObjectLoaded():util/kaldi-table-inl.h:310) Failed to open file /wav/f1_112.wav
WARNING (compute-mfcc-feats[5.5.1023~1-d673]:EnsureObjectLoaded():util/kaldi-table-inl.h:310) Failed to open file /wav/f1_113.wav
WARNING (compute-mfcc-feats[5.5.1023~1-d673]:EnsureObjectLoaded():util/kaldi-table-inl.h:310) Failed to open file /wav/f1_115.wav
WARNING (compute-mfcc-feats[5.5.1023~1-d673]:EnsureObjectLoaded():util/kaldi-table-inl.h:310) Failed to open file /wav/f1_117.wav
WARNING (compute-mfcc-feats[5.5.1023~1-d673]:EnsureObjectLoaded():util/kaldi-table-inl.h:310) Failed to open file /wav/f1_118.wav
WARNING (compute-mfcc-feats[5.5.1023~1-d673]:EnsureObjectLoaded():util/kaldi-table-inl.h:310) Failed to open file /wav/f1_119.wav
WARNING (compute-mfcc-feats[5.5.1023~1-d673]:EnsureObjectLoaded():util/kaldi-table-inl.h:310) Failed to open file /wav/f1_120.wav
WARNING (compute-mfcc-feats[5.5.1023~1-d673]:EnsureObjectLoaded():util/kaldi-table-inl.h:310) Failed to open file /wav/f1_122.wav
WARNING (compute-mfcc-feats[5.5.1023~1-d673]:EnsureObjectLoaded():util/kaldi-table-inl.h:310) Failed to open file /wav/f1_123.wav
WARNING (compute-mfcc-feats[5.5.1023~1-d673]:EnsureObjectLoaded():util/kaldi-table-inl.h:310) Failed to open file /wav/f1_124.wav
WARNING (compute-mfcc-feats[5.5.1023~1-d673]:EnsureObjectLoaded():util/kaldi-table-inl.h:310) Failed to open file /wav/f1_125.wav
WARNING (compute-mfcc-feats[5.5.1023~1-d673]:EnsureObjectLoaded():util/kaldi-table-inl.h:310) Failed to open file /wav/f1_128.wav
WARNING (compute-mfcc-feats[5.5.1023~1-d673]:EnsureObjectLoaded():util/kaldi-table-inl.h:310) Failed to open file /wav/f1_129.wav
WARNING (compute-mfcc-feats[5.5.1023~1-d673]:EnsureObjectLoaded():util/kaldi-table-inl.h:310) Failed to open file /wav/f1_130.wav
WARNING (compute-mfcc-feats[5.5.1023~1-d673]:EnsureObjectLoaded():util/kaldi-table-inl.h:310) Failed to open file /wav/f1_132.wav
WARNING (compute-mfcc-feats[5.5.1023~1-d673]:EnsureObjectLoaded():util/kaldi-table-inl.h:310) Failed to open file /wav/f1_133.wav
WARNING (compute-mfcc-feats[5.5.1023~1-d673]:EnsureObjectLoaded():util/kaldi-table-inl.h:310) Failed to open file /wav/f1_134.wav
WARNING (compute-mfcc-feats[5.5.1023~1-d673]:EnsureObjectLoaded():util/kaldi-table-inl.h:310) Failed to open file /wav/f1_135.wav
WARNING (compute-mfcc-feats[5.5.1023~1-d673]:EnsureObjectLoaded():util/kaldi-table-inl.h:310) Failed to open file /wav/f1_137.wav
WARNING (compute-mfcc-feats[5.5.1023~1-d673]:EnsureObjectLoaded():util/kaldi-table-inl.h:310) Failed to open file /wav/f1_138.wav
WARNING (compute-mfcc-feats[5.5.1023~1-d673]:EnsureObjectLoaded():util/kaldi-table-inl.h:310) Failed to open file /wav/f1_140.wav
WARNING (compute-mfcc-feats[5.5.1023~1-d673]:EnsureObjectLoaded():util/kaldi-table-inl.h:310) Failed to open file /wav/f1_142.wav
WARNING (compute-mfcc-feats[5.5.1023~1-d673]:EnsureObjectLoaded():util/kaldi-table-inl.h:310) Failed to open file /wav/f1_143.wav
WARNING (compute-mfcc-feats[5.5.1023~1-d673]:EnsureObjectLoaded():util/kaldi-table-inl.h:310) Failed to open file /wav/f1_144.wav
WARNING (compute-mfcc-feats[5.5.1023~1-d673]:EnsureObjectLoaded():util/kaldi-table-inl.h:310) Failed to open file /wav/f1_145.wav
WARNING (compute-mfcc-feats[5.5.1023~1-d673]:EnsureObjectLoaded():util/kaldi-table-inl.h:310) Failed to open file /wav/f1_147.wav
WARNING (compute-mfcc-feats[5.5.1023~1-d673]:EnsureObjectLoaded():util/kaldi-table-inl.h:310) Failed to open file /wav/f1_148.wav
WARNING (compute-mfcc-feats[5.5.1023~1-d673]:EnsureObjectLoaded():util/kaldi-table-inl.h:310) Failed to open file /wav/f1_149.wav
WARNING (compute-mfcc-feats[5.5.1023~1-d673]:EnsureObjectLoaded():util/kaldi-table-inl.h:310) Failed to open file /wav/f1_150.wav
WARNING (compute-mfcc-feats[5.5.1023~1-d673]:EnsureObjectLoaded():util/kaldi-table-inl.h:310) Failed to open file /wav/f1_153.wav
WARNING (compute-mfcc-feats[5.5.1023~1-d673]:EnsureObjectLoaded():util/kaldi-table-inl.h:310) Failed to open file /wav/f1_154.wav
WARNING (compute-mfcc-feats[5.5.1023~1-d673]:EnsureObjectLoaded():util/kaldi-table-inl.h:310) Failed to open file /wav/f1_155.wav
WARNING (compute-mfcc-feats[5.5.1023~1-d673]:EnsureObjectLoaded():util/kaldi-table-inl.h:310) Failed to open file /wav/f1_157.wav
WARNING (compute-mfcc-feats[5.5.1023~1-d673]:EnsureObjectLoaded():util/kaldi-table-inl.h:310) Failed to open file /wav/f1_158.wav
WARNING (compute-mfcc-feats[5.5.1023~1-d673]:EnsureObjectLoaded():util/kaldi-table-inl.h:310) Failed to open file /wav/f1_159.wav
WARNING (compute-mfcc-feats[5.5.1023~1-d673]:EnsureObjectLoaded():util/kaldi-table-inl.h:310) Failed to open file /wav/f1_160.wav
WARNING (compute-mfcc-feats[5.5.1023~1-d673]:EnsureObjectLoaded():util/kaldi-table-inl.h:310) Failed to open file /wav/f1_162.wav
WARNING (compute-mfcc-feats[5.5.1023~1-d673]:EnsureObjectLoaded():util/kaldi-table-inl.h:310) Failed to open file /wav/f1_163.wav
WARNING (compute-mfcc-feats[5.5.1023~1-d673]:EnsureObjectLoaded():util/kaldi-table-inl.h:310) Failed to open file /wav/f1_165.wav
WARNING (compute-mfcc-feats[5.5.1023~1-d673]:EnsureObjectLoaded():util/kaldi-table-inl.h:310) Failed to open file /wav/f1_167.wav
WARNING (compute-mfcc-feats[5.5.1023~1-d673]:EnsureObjectLoaded():util/kaldi-table-inl.h:310) Failed to open file /wav/f1_168.wav
WARNING (compute-mfcc-feats[5.5.1023~1-d673]:EnsureObjectLoaded():util/kaldi-table-inl.h:310) Failed to open file /wav/f1_169.wav
WARNING (compute-mfcc-feats[5.5.1023~1-d673]:EnsureObjectLoaded():util/kaldi-table-inl.h:310) Failed to open file /wav/f1_170.wav
WARNING (compute-mfcc-feats[5.5.1023~1-d673]:EnsureObjectLoaded():util/kaldi-table-inl.h:310) Failed to open file /wav/f1_172.wav
WARNING (compute-mfcc-feats[5.5.1023~1-d673]:EnsureObjectLoaded():util/kaldi-table-inl.h:310) Failed to open file /wav/f1_173.wav
WARNING (compute-mfcc-feats[5.5.1023~1-d673]:EnsureObjectLoaded():util/kaldi-table-inl.h:310) Failed to open file /wav/f1_174.wav
WARNING (compute-mfcc-feats[5.5.1023~1-d673]:EnsureObjectLoaded():util/kaldi-table-inl.h:310) Failed to open file /wav/f1_175.wav
WARNING (compute-mfcc-feats[5.5.1023~1-d673]:EnsureObjectLoaded():util/kaldi-table-inl.h:310) Failed to open file /wav/f1_178.wav
WARNING (compute-mfcc-feats[5.5.1023~1-d673]:EnsureObjectLoaded():util/kaldi-table-inl.h:310) Failed to open file /wav/f1_179.wav
WARNING (compute-mfcc-feats[5.5.1023~1-d673]:EnsureObjectLoaded():util/kaldi-table-inl.h:310) Failed to open file /wav/f1_180.wav
WARNING (compute-mfcc-feats[5.5.1023~1-d673]:EnsureObjectLoaded():util/kaldi-table-inl.h:310) Failed to open file /wav/f1_182.wav
WARNING (compute-mfcc-feats[5.5.1023~1-d673]:EnsureObjectLoaded():util/kaldi-table-inl.h:310) Failed to open file /wav/f1_183.wav
WARNING (compute-mfcc-feats[5.5.1023~1-d673]:EnsureObjectLoaded():util/kaldi-table-inl.h:310) Failed to open file /wav/f1_184.wav
WARNING (compute-mfcc-feats[5.5.1023~1-d673]:EnsureObjectLoaded():util/kaldi-table-inl.h:310) Failed to open file /wav/f1_185.wav
WARNING (compute-mfcc-feats[5.5.1023~1-d673]:EnsureObjectLoaded():util/kaldi-table-inl.h:310) Failed to open file /wav/f1_187.wav
WARNING (compute-mfcc-feats[5.5.1023~1-d673]:EnsureObjectLoaded():util/kaldi-table-inl.h:310) Failed to open file /wav/f1_188.wav
WARNING (compute-mfcc-feats[5.5.1023~1-d673]:EnsureObjectLoaded():util/kaldi-table-inl.h:310) Failed to open file /wav/f1_190.wav
WARNING (compute-mfcc-feats[5.5.1023~1-d673]:EnsureObjectLoaded():util/kaldi-table-inl.h:310) Failed to open file /wav/f1_192.wav
WARNING (compute-mfcc-feats[5.5.1023~1-d673]:EnsureObjectLoaded():util/kaldi-table-inl.h:310) Failed to open file /wav/f1_193.wav
WARNING (compute-mfcc-feats[5.5.1023~1-d673]:EnsureObjectLoaded():util/kaldi-table-inl.h:310) Failed to open file /wav/f1_194.wav
WARNING (compute-mfcc-feats[5.5.1023~1-d673]:EnsureObjectLoaded():util/kaldi-table-inl.h:310) Failed to open file /wav/f1_195.wav
WARNING (compute-mfcc-feats[5.5.1023~1-d673]:EnsureObjectLoaded():util/kaldi-table-inl.h:310) Failed to open file /wav/f1_197.wav
WARNING (compute-mfcc-feats[5.5.1023~1-d673]:EnsureObjectLoaded():util/kaldi-table-inl.h:310) Failed to open file /wav/f1_198.wav
WARNING (compute-mfcc-feats[5.5.1023~1-d673]:EnsureObjectLoaded():util/kaldi-table-inl.h:310) Failed to open file /wav/f1_199.wav
WARNING (compute-mfcc-feats[5.5.1023~1-d673]:EnsureObjectLoaded():util/kaldi-table-inl.h:310) Failed to open file /wav/f1_200.wav
WARNING (compute-mfcc-feats[5.5.1023~1-d673]:EnsureObjectLoaded():util/kaldi-table-inl.h:310) Failed to open file /wav/f1_203.wav
WARNING (compute-mfcc-feats[5.5.1023~1-d673]:EnsureObjectLoaded():util/kaldi-table-inl.h:310) Failed to open file /wav/f1_204.wav
WARNING (compute-mfcc-feats[5.5.1023~1-d673]:EnsureObjectLoaded():util/kaldi-table-inl.h:310) Failed to open file /wav/f1_205.wav
WARNING (compute-mfcc-feats[5.5.1023~1-d673]:EnsureObjectLoaded():util/kaldi-table-inl.h:310) Failed to open file /wav/f1_207.wav
WARNING (compute-mfcc-feats[5.5.1023~1-d673]:EnsureObjectLoaded():util/kaldi-table-inl.h:310) Failed to open file /wav/f1_208.wav
WARNING (compute-mfcc-feats[5.5.1023~1-d673]:EnsureObjectLoaded():util/kaldi-table-inl.h:310) Failed to open file /wav/f1_209.wav
WARNING (compute-mfcc-feats[5.5.1023~1-d673]:EnsureObjectLoaded():util/kaldi-table-inl.h:310) Failed to open file /wav/f1_210.wav
WARNING (compute-mfcc-feats[5.5.1023~1-d673]:EnsureObjectLoaded():util/kaldi-table-inl.h:310) Failed to open file /wav/f1_212.wav
WARNING (compute-mfcc-feats[5.5.1023~1-d673]:EnsureObjectLoaded():util/kaldi-table-inl.h:310) Failed to open file /wav/f1_213.wav
WARNING (compute-mfcc-feats[5.5.1023~1-d673]:EnsureObjectLoaded():util/kaldi-table-inl.h:310) Failed to open file /wav/f1_215.wav
WARNING (compute-mfcc-feats[5.5.1023~1-d673]:EnsureObjectLoaded():util/kaldi-table-inl.h:310) Failed to open file /wav/f1_217.wav
WARNING (compute-mfcc-feats[5.5.1023~1-d673]:EnsureObjectLoaded():util/kaldi-table-inl.h:310) Failed to open file /wav/f1_218.wav
WARNING (compute-mfcc-feats[5.5.1023~1-d673]:EnsureObjectLoaded():util/kaldi-table-inl.h:310) Failed to open file /wav/f1_219.wav
WARNING (compute-mfcc-feats[5.5.1023~1-d673]:EnsureObjectLoaded():util/kaldi-table-inl.h:310) Failed to open file /wav/f1_220.wav
WARNING (compute-mfcc-feats[5.5.1023~1-d673]:EnsureObjectLoaded():util/kaldi-table-inl.h:310) Failed to open file /wav/f1_222.wav
WARNING (compute-mfcc-feats[5.5.1023~1-d673]:EnsureObjectLoaded():util/kaldi-table-inl.h:310) Failed to open file /wav/f1_223.wav
WARNING (compute-mfcc-feats[5.5.1023~1-d673]:EnsureObjectLoaded():util/kaldi-table-inl.h:310) Failed to open file /wav/f1_224.wav
WARNING (compute-mfcc-feats[5.5.1023~1-d673]:EnsureObjectLoaded():util/kaldi-table-inl.h:310) Failed to open file /wav/f1_225.wav
WARNING (compute-mfcc-feats[5.5.1023~1-d673]:EnsureObjectLoaded():util/kaldi-table-inl.h:310) Failed to open file /wav/f1_228.wav
WARNING (compute-mfcc-feats[5.5.1023~1-d673]:EnsureObjectLoaded():util/kaldi-table-inl.h:310) Failed to open file /wav/f1_229.wav
WARNING (compute-mfcc-feats[5.5.1023~1-d673]:EnsureObjectLoaded():util/kaldi-table-inl.h:310) Failed to open file /wav/f1_230.wav
WARNING (compute-mfcc-feats[5.5.1023~1-d673]:EnsureObjectLoaded():util/kaldi-table-inl.h:310) Failed to open file /wav/f1_232.wav
WARNING (compute-mfcc-feats[5.5.1023~1-d673]:EnsureObjectLoaded():util/kaldi-table-inl.h:310) Failed to open file /wav/f1_233.wav
WARNING (compute-mfcc-feats[5.5.1023~1-d673]:EnsureObjectLoaded():util/kaldi-table-inl.h:310) Failed to open file /wav/f1_234.wav
WARNING (compute-mfcc-feats[5.5.1023~1-d673]:EnsureObjectLoaded():util/kaldi-table-inl.h:310) Failed to open file /wav/f1_235.wav
WARNING (compute-mfcc-feats[5.5.1023~1-d673]:EnsureObjectLoaded():util/kaldi-table-inl.h:310) Failed to open file /wav/f1_237.wav
WARNING (compute-mfcc-feats[5.5.1023~1-d673]:EnsureObjectLoaded():util/kaldi-table-inl.h:310) Failed to open file /wav/f1_238.wav
WARNING (compute-mfcc-feats[5.5.1023~1-d673]:EnsureObjectLoaded():util/kaldi-table-inl.h:310) Failed to open file /wav/f1_240.wav
WARNING (compute-mfcc-feats[5.5.1023~1-d673]:EnsureObjectLoaded():util/kaldi-table-inl.h:310) Failed to open file /wav/f1_242.wav
WARNING (compute-mfcc-feats[5.5.1023~1-d673]:EnsureObjectLoaded():util/kaldi-table-inl.h:310) Failed to open file /wav/f1_243.wav
WARNING (compute-mfcc-feats[5.5.1023~1-d673]:EnsureObjectLoaded():util/kaldi-table-inl.h:310) Failed to open file /wav/f1_244.wav
WARNING (compute-mfcc-feats[5.5.1023~1-d673]:EnsureObjectLoaded():util/kaldi-table-inl.h:310) Failed to open file /wav/f1_245.wav
WARNING (compute-mfcc-feats[5.5.1023~1-d673]:EnsureObjectLoaded():util/kaldi-table-inl.h:310) Failed to open file /wav/f1_247.wav
WARNING (compute-mfcc-feats[5.5.1023~1-d673]:EnsureObjectLoaded():util/kaldi-table-inl.h:310) Failed to open file /wav/f1_248.wav
WARNING (compute-mfcc-feats[5.5.1023~1-d673]:EnsureObjectLoaded():util/kaldi-table-inl.h:310) Failed to open file /wav/f1_249.wav
WARNING (compute-mfcc-feats[5.5.1023~1-d673]:EnsureObjectLoaded():util/kaldi-table-inl.h:310) Failed to open file /wav/f1_250.wav
WARNING (compute-mfcc-feats[5.5.1023~1-d673]:EnsureObjectLoaded():util/kaldi-table-inl.h:310) Failed to open file /wav/f1_253.wav
WARNING (compute-mfcc-feats[5.5.1023~1-d673]:EnsureObjectLoaded():util/kaldi-table-inl.h:310) Failed to open file /wav/f1_254.wav
WARNING (compute-mfcc-feats[5.5.1023~1-d673]:EnsureObjectLoaded():util/kaldi-table-inl.h:310) Failed to open file /wav/f1_255.wav
WARNING (compute-mfcc-feats[5.5.1023~1-d673]:EnsureObjectLoaded():util/kaldi-table-inl.h:310) Failed to open file /wav/f1_257.wav
WARNING (compute-mfcc-feats[5.5.1023~1-d673]:EnsureObjectLoaded():util/kaldi-table-inl.h:310) Failed to open file /wav/f1_258.wav
WARNING (compute-mfcc-feats[5.5.1023~1-d673]:EnsureObjectLoaded():util/kaldi-table-inl.h:310) Failed to open file /wav/f1_259.wav
WARNING (compute-mfcc-feats[5.5.1023~1-d673]:EnsureObjectLoaded():util/kaldi-table-inl.h:310) Failed to open file /wav/f1_260.wav
WARNING (compute-mfcc-feats[5.5.1023~1-d673]:EnsureObjectLoaded():util/kaldi-table-inl.h:310) Failed to open file /wav/f1_262.wav
WARNING (compute-mfcc-feats[5.5.1023~1-d673]:EnsureObjectLoaded():util/kaldi-table-inl.h:310) Failed to open file /wav/f1_263.wav
WARNING (compute-mfcc-feats[5.5.1023~1-d673]:EnsureObjectLoaded():util/kaldi-table-inl.h:310) Failed to open file /wav/f1_265.wav
WARNING (compute-mfcc-feats[5.5.1023~1-d673]:EnsureObjectLoaded():util/kaldi-table-inl.h:310) Failed to open file /wav/f1_267.wav
WARNING (compute-mfcc-feats[5.5.1023~1-d673]:EnsureObjectLoaded():util/kaldi-table-inl.h:310) Failed to open file /wav/f1_268.wav
WARNING (compute-mfcc-feats[5.5.1023~1-d673]:EnsureObjectLoaded():util/kaldi-table-inl.h:310) Failed to open file /wav/f1_269.wav
WARNING (compute-mfcc-feats[5.5.1023~1-d673]:EnsureObjectLoaded():util/kaldi-table-inl.h:310) Failed to open file /wav/f1_270.wav
WARNING (compute-mfcc-feats[5.5.1023~1-d673]:EnsureObjectLoaded():util/kaldi-table-inl.h:310) Failed to open file /wav/f1_272.wav
WARNING (compute-mfcc-feats[5.5.1023~1-d673]:EnsureObjectLoaded():util/kaldi-table-inl.h:310) Failed to open file /wav/f1_273.wav
WARNING (compute-mfcc-feats[5.5.1023~1-d673]:EnsureObjectLoaded():util/kaldi-table-inl.h:310) Failed to open file /wav/f1_274.wav
WARNING (compute-mfcc-feats[5.5.1023~1-d673]:EnsureObjectLoaded():util/kaldi-table-inl.h:310) Failed to open file /wav/f1_275.wav
WARNING (compute-mfcc-feats[5.5.1023~1-d673]:EnsureObjectLoaded():util/kaldi-table-inl.h:310) Failed to open file /wav/f1_278.wav
WARNING (compute-mfcc-feats[5.5.1023~1-d673]:EnsureObjectLoaded():util/kaldi-table-inl.h:310) Failed to open file /wav/f1_279.wav
WARNING (compute-mfcc-feats[5.5.1023~1-d673]:EnsureObjectLoaded():util/kaldi-table-inl.h:310) Failed to open file /wav/f1_280.wav
WARNING (compute-mfcc-feats[5.5.1023~1-d673]:EnsureObjectLoaded():util/kaldi-table-inl.h:310) Failed to open file /wav/f1_282.wav
WARNING (compute-mfcc-feats[5.5.1023~1-d673]:EnsureObjectLoaded():util/kaldi-table-inl.h:310) Failed to open file /wav/f1_283.wav
WARNING (compute-mfcc-feats[5.5.1023~1-d673]:EnsureObjectLoaded():util/kaldi-table-inl.h:310) Failed to open file /wav/f1_284.wav
WARNING (compute-mfcc-feats[5.5.1023~1-d673]:EnsureObjectLoaded():util/kaldi-table-inl.h:310) Failed to open file /wav/f1_285.wav
WARNING (compute-mfcc-feats[5.5.1023~1-d673]:EnsureObjectLoaded():util/kaldi-table-inl.h:310) Failed to open file /wav/f1_287.wav
WARNING (compute-mfcc-feats[5.5.1023~1-d673]:EnsureObjectLoaded():util/kaldi-table-inl.h:310) Failed to open file /wav/f1_288.wav
WARNING (compute-mfcc-feats[5.5.1023~1-d673]:EnsureObjectLoaded():util/kaldi-table-inl.h:310) Failed to open file /wav/f1_290.wav
WARNING (compute-mfcc-feats[5.5.1023~1-d673]:EnsureObjectLoaded():util/kaldi-table-inl.h:310) Failed to open file /wav/f1_292.wav
WARNING (compute-mfcc-feats[5.5.1023~1-d673]:EnsureObjectLoaded():util/kaldi-table-inl.h:310) Failed to open file /wav/f1_293.wav
WARNING (compute-mfcc-feats[5.5.1023~1-d673]:EnsureObjectLoaded():util/kaldi-table-inl.h:310) Failed to open file /wav/f1_294.wav
WARNING (compute-mfcc-feats[5.5.1023~1-d673]:EnsureObjectLoaded():util/kaldi-table-inl.h:310) Failed to open file /wav/f1_295.wav
WARNING (compute-mfcc-feats[5.5.1023~1-d673]:EnsureObjectLoaded():util/kaldi-table-inl.h:310) Failed to open file /wav/f1_297.wav
WARNING (compute-mfcc-feats[5.5.1023~1-d673]:EnsureObjectLoaded():util/kaldi-table-inl.h:310) Failed to open file /wav/f1_298.wav
WARNING (compute-mfcc-feats[5.5.1023~1-d673]:EnsureObjectLoaded():util/kaldi-table-inl.h:310) Failed to open file /wav/f1_299.wav
WARNING (compute-mfcc-feats[5.5.1023~1-d673]:EnsureObjectLoaded():util/kaldi-table-inl.h:310) Failed to open file /wav/f1_300.wav
WARNING (compute-mfcc-feats[5.5.1023~1-d673]:EnsureObjectLoaded():util/kaldi-table-inl.h:310) Failed to open file /wav/f1_303.wav
WARNING (compute-mfcc-feats[5.5.1023~1-d673]:EnsureObjectLoaded():util/kaldi-table-inl.h:310) Failed to open file /wav/f1_304.wav
WARNING (compute-mfcc-feats[5.5.1023~1-d673]:EnsureObjectLoaded():util/kaldi-table-inl.h:310) Failed to open file /wav/f1_305.wav
WARNING (compute-mfcc-feats[5.5.1023~1-d673]:EnsureObjectLoaded():util/kaldi-table-inl.h:310) Failed to open file /wav/f1_307.wav
WARNING (compute-mfcc-feats[5.5.1023~1-d673]:EnsureObjectLoaded():util/kaldi-table-inl.h:310) Failed to open file /wav/f1_308.wav
WARNING (compute-mfcc-feats[5.5.1023~1-d673]:EnsureObjectLoaded():util/kaldi-table-inl.h:310) Failed to open file /wav/f1_309.wav
WARNING (compute-mfcc-feats[5.5.1023~1-d673]:EnsureObjectLoaded():util/kaldi-table-inl.h:310) Failed to open file /wav/f1_310.wav
WARNING (compute-mfcc-feats[5.5.1023~1-d673]:EnsureObjectLoaded():util/kaldi-table-inl.h:310) Failed to open file /wav/f1_312.wav
WARNING (compute-mfcc-feats[5.5.1023~1-d673]:EnsureObjectLoaded():util/kaldi-table-inl.h:310) Failed to open file /wav/f1_313.wav
WARNING (compute-mfcc-feats[5.5.1023~1-d673]:EnsureObjectLoaded():util/kaldi-table-inl.h:310) Failed to open file /wav/f1_315.wav
WARNING (compute-mfcc-feats[5.5.1023~1-d673]:EnsureObjectLoaded():util/kaldi-table-inl.h:310) Failed to open file /wav/f1_317.wav
WARNING (compute-mfcc-feats[5.5.1023~1-d673]:EnsureObjectLoaded():util/kaldi-table-inl.h:310) Failed to open file /wav/f1_318.wav
WARNING (compute-mfcc-feats[5.5.1023~1-d673]:EnsureObjectLoaded():util/kaldi-table-inl.h:310) Failed to open file /wav/f1_319.wav
WARNING (compute-mfcc-feats[5.5.1023~1-d673]:EnsureObjectLoaded():util/kaldi-table-inl.h:310) Failed to open file /wav/f1_320.wav
WARNING (compute-mfcc-feats[5.5.1023~1-d673]:EnsureObjectLoaded():util/kaldi-table-inl.h:310) Failed to open file /wav/f1_322.wav
WARNING (compute-mfcc-feats[5.5.1023~1-d673]:EnsureObjectLoaded():util/kaldi-table-inl.h:310) Failed to open file /wav/f1_323.wav
WARNING (compute-mfcc-feats[5.5.1023~1-d673]:EnsureObjectLoaded():util/kaldi-table-inl.h:310) Failed to open file /wav/f1_324.wav
WARNING (compute-mfcc-feats[5.5.1023~1-d673]:EnsureObjectLoaded():util/kaldi-table-inl.h:310) Failed to open file /wav/f1_325.wav
WARNING (compute-mfcc-feats[5.5.1023~1-d673]:EnsureObjectLoaded():util/kaldi-table-inl.h:310) Failed to open file /wav/f1_328.wav
WARNING (compute-mfcc-feats[5.5.1023~1-d673]:EnsureObjectLoaded():util/kaldi-table-inl.h:310) Failed to open file /wav/f1_329.wav
WARNING (compute-mfcc-feats[5.5.1023~1-d673]:EnsureObjectLoaded():util/kaldi-table-inl.h:310) Failed to open file /wav/f1_330.wav
WARNING (compute-mfcc-feats[5.5.1023~1-d673]:EnsureObjectLoaded():util/kaldi-table-inl.h:310) Failed to open file /wav/f1_332.wav
WARNING (compute-mfcc-feats[5.5.1023~1-d673]:EnsureObjectLoaded():util/kaldi-table-inl.h:310) Failed to open file /wav/f1_333.wav
WARNING (compute-mfcc-feats[5.5.1023~1-d673]:EnsureObjectLoaded():util/kaldi-table-inl.h:310) Failed to open file /wav/f1_334.wav
WARNING (compute-mfcc-feats[5.5.1023~1-d673]:EnsureObjectLoaded():util/kaldi-table-inl.h:310) Failed to open file /wav/f1_335.wav
WARNING (compute-mfcc-feats[5.5.1023~1-d673]:EnsureObjectLoaded():util/kaldi-table-inl.h:310) Failed to open file /wav/f1_337.wav
WARNING (compute-mfcc-feats[5.5.1023~1-d673]:EnsureObjectLoaded():util/kaldi-table-inl.h:310) Failed to open file /wav/f1_338.wav
WARNING (compute-mfcc-feats[5.5.1023~1-d673]:EnsureObjectLoaded():util/kaldi-table-inl.h:310) Failed to open file /wav/f1_340.wav
WARNING (compute-mfcc-feats[5.5.1023~1-d673]:EnsureObjectLoaded():util/kaldi-table-inl.h:310) Failed to open file /wav/f1_342.wav
WARNING (compute-mfcc-feats[5.5.1023~1-d673]:EnsureObjectLoaded():util/kaldi-table-inl.h:310) Failed to open file /wav/f1_343.wav
WARNING (compute-mfcc-feats[5.5.1023~1-d673]:EnsureObjectLoaded():util/kaldi-table-inl.h:310) Failed to open file /wav/f1_344.wav
WARNING (compute-mfcc-feats[5.5.1023~1-d673]:EnsureObjectLoaded():util/kaldi-table-inl.h:310) Failed to open file /wav/f1_345.wav
WARNING (compute-mfcc-feats[5.5.1023~1-d673]:EnsureObjectLoaded():util/kaldi-table-inl.h:310) Failed to open file /wav/f1_347.wav
WARNING (compute-mfcc-feats[5.5.1023~1-d673]:EnsureObjectLoaded():util/kaldi-table-inl.h:310) Failed to open file /wav/f1_348.wav
WARNING (compute-mfcc-feats[5.5.1023~1-d673]:EnsureObjectLoaded():util/kaldi-table-inl.h:310) Failed to open file /wav/f1_349.wav
WARNING (compute-mfcc-feats[5.5.1023~1-d673]:EnsureObjectLoaded():util/kaldi-table-inl.h:310) Failed to open file /wav/f1_350.wav
WARNING (compute-mfcc-feats[5.5.1023~1-d673]:EnsureObjectLoaded():util/kaldi-table-inl.h:310) Failed to open file /wav/f1_353.wav
WARNING (compute-mfcc-feats[5.5.1023~1-d673]:EnsureObjectLoaded():util/kaldi-table-inl.h:310) Failed to open file /wav/f1_354.wav
WARNING (compute-mfcc-feats[5.5.1023~1-d673]:EnsureObjectLoaded():util/kaldi-table-inl.h:310) Failed to open file /wav/f1_355.wav
WARNING (compute-mfcc-feats[5.5.1023~1-d673]:EnsureObjectLoaded():util/kaldi-table-inl.h:310) Failed to open file /wav/f1_357.wav
WARNING (compute-mfcc-feats[5.5.1023~1-d673]:EnsureObjectLoaded():util/kaldi-table-inl.h:310) Failed to open file /wav/f1_358.wav
WARNING (compute-mfcc-feats[5.5.1023~1-d673]:EnsureObjectLoaded():util/kaldi-table-inl.h:310) Failed to open file /wav/f1_359.wav
WARNING (compute-mfcc-feats[5.5.1023~1-d673]:EnsureObjectLoaded():util/kaldi-table-inl.h:310) Failed to open file /wav/f1_360.wav
WARNING (compute-mfcc-feats[5.5.1023~1-d673]:EnsureObjectLoaded():util/kaldi-table-inl.h:310) Failed to open file /wav/f1_362.wav
WARNING (compute-mfcc-feats[5.5.1023~1-d673]:EnsureObjectLoaded():util/kaldi-table-inl.h:310) Failed to open file /wav/f1_363.wav
WARNING (compute-mfcc-feats[5.5.1023~1-d673]:EnsureObjectLoaded():util/kaldi-table-inl.h:310) Failed to open file /wav/f1_365.wav
WARNING (compute-mfcc-feats[5.5.1023~1-d673]:EnsureObjectLoaded():util/kaldi-table-inl.h:310) Failed to open file /wav/f1_367.wav
WARNING (compute-mfcc-feats[5.5.1023~1-d673]:EnsureObjectLoaded():util/kaldi-table-inl.h:310) Failed to open file /wav/f1_368.wav
WARNING (compute-mfcc-feats[5.5.1023~1-d673]:EnsureObjectLoaded():util/kaldi-table-inl.h:310) Failed to open file /wav/f1_369.wav
WARNING (compute-mfcc-feats[5.5.1023~1-d673]:EnsureObjectLoaded():util/kaldi-table-inl.h:310) Failed to open file /wav/f1_370.wav
WARNING (compute-mfcc-feats[5.5.1023~1-d673]:EnsureObjectLoaded():util/kaldi-table-inl.h:310) Failed to open file /wav/f1_372.wav
WARNING (compute-mfcc-feats[5.5.1023~1-d673]:EnsureObjectLoaded():util/kaldi-table-inl.h:310) Failed to open file /wav/f1_373.wav
WARNING (compute-mfcc-feats[5.5.1023~1-d673]:EnsureObjectLoaded():util/kaldi-table-inl.h:310) Failed to open file /wav/f1_374.wav
WARNING (compute-mfcc-feats[5.5.1023~1-d673]:EnsureObjectLoaded():util/kaldi-table-inl.h:310) Failed to open file /wav/f1_375.wav
WARNING (compute-mfcc-feats[5.5.1023~1-d673]:EnsureObjectLoaded():util/kaldi-table-inl.h:310) Failed to open file /wav/f1_378.wav
WARNING (compute-mfcc-feats[5.5.1023~1-d673]:EnsureObjectLoaded():util/kaldi-table-inl.h:310) Failed to open file /wav/f1_379.wav
WARNING (compute-mfcc-feats[5.5.1023~1-d673]:EnsureObjectLoaded():util/kaldi-table-inl.h:310) Failed to open file /wav/f1_380.wav
WARNING (compute-mfcc-feats[5.5.1023~1-d673]:EnsureObjectLoaded():util/kaldi-table-inl.h:310) Failed to open file /wav/f1_382.wav
WARNING (compute-mfcc-feats[5.5.1023~1-d673]:EnsureObjectLoaded():util/kaldi-table-inl.h:310) Failed to open file /wav/f1_383.wav
WARNING (compute-mfcc-feats[5.5.1023~1-d673]:EnsureObjectLoaded():util/kaldi-table-inl.h:310) Failed to open file /wav/f1_384.wav
WARNING (compute-mfcc-feats[5.5.1023~1-d673]:EnsureObjectLoaded():util/kaldi-table-inl.h:310) Failed to open file /wav/f1_385.wav
WARNING (compute-mfcc-feats[5.5.1023~1-d673]:EnsureObjectLoaded():util/kaldi-table-inl.h:310) Failed to open file /wav/f1_387.wav
WARNING (compute-mfcc-feats[5.5.1023~1-d673]:EnsureObjectLoaded():util/kaldi-table-inl.h:310) Failed to open file /wav/f1_388.wav
WARNING (compute-mfcc-feats[5.5.1023~1-d673]:EnsureObjectLoaded():util/kaldi-table-inl.h:310) Failed to open file /wav/f1_390.wav
WARNING (compute-mfcc-feats[5.5.1023~1-d673]:EnsureObjectLoaded():util/kaldi-table-inl.h:310) Failed to open file /wav/f1_392.wav
WARNING (compute-mfcc-feats[5.5.1023~1-d673]:EnsureObjectLoaded():util/kaldi-table-inl.h:310) Failed to open file /wav/f1_393.wav
WARNING (compute-mfcc-feats[5.5.1023~1-d673]:EnsureObjectLoaded():util/kaldi-table-inl.h:310) Failed to open file /wav/f1_394.wav
WARNING (compute-mfcc-feats[5.5.1023~1-d673]:EnsureObjectLoaded():util/kaldi-table-inl.h:310) Failed to open file /wav/f1_395.wav
WARNING (compute-mfcc-feats[5.5.1023~1-d673]:EnsureObjectLoaded():util/kaldi-table-inl.h:310) Failed to open file /wav/f1_397.wav
WARNING (compute-mfcc-feats[5.5.1023~1-d673]:EnsureObjectLoaded():util/kaldi-table-inl.h:310) Failed to open file /wav/f1_398.wav
WARNING (compute-mfcc-feats[5.5.1023~1-d673]:EnsureObjectLoaded():util/kaldi-table-inl.h:310) Failed to open file /wav/f1_399.wav
WARNING (compute-mfcc-feats[5.5.1023~1-d673]:EnsureObjectLoaded():util/kaldi-table-inl.h:310) Failed to open file /wav/f1_400.wav
WARNING (compute-mfcc-feats[5.5.1023~1-d673]:EnsureObjectLoaded():util/kaldi-table-inl.h:310) Failed to open file /wav/f1_403.wav
WARNING (compute-mfcc-feats[5.5.1023~1-d673]:EnsureObjectLoaded():util/kaldi-table-inl.h:310) Failed to open file /wav/f1_404.wav
WARNING (compute-mfcc-feats[5.5.1023~1-d673]:EnsureObjectLoaded():util/kaldi-table-inl.h:310) Failed to open file /wav/f1_405.wav
WARNING (compute-mfcc-feats[5.5.1023~1-d673]:EnsureObjectLoaded():util/kaldi-table-inl.h:310) Failed to open file /wav/f1_407.wav
WARNING (compute-mfcc-feats[5.5.1023~1-d673]:EnsureObjectLoaded():util/kaldi-table-inl.h:310) Failed to open file /wav/f1_408.wav
WARNING (compute-mfcc-feats[5.5.1023~1-d673]:EnsureObjectLoaded():util/kaldi-table-inl.h:310) Failed to open file /wav/f1_409.wav
WARNING (compute-mfcc-feats[5.5.1023~1-d673]:EnsureObjectLoaded():util/kaldi-table-inl.h:310) Failed to open file /wav/f1_410.wav
WARNING (compute-mfcc-feats[5.5.1023~1-d673]:EnsureObjectLoaded():util/kaldi-table-inl.h:310) Failed to open file /wav/f1_412.wav
WARNING (compute-mfcc-feats[5.5.1023~1-d673]:EnsureObjectLoaded():util/kaldi-table-inl.h:310) Failed to open file /wav/f1_413.wav
WARNING (compute-mfcc-feats[5.5.1023~1-d673]:EnsureObjectLoaded():util/kaldi-table-inl.h:310) Failed to open file /wav/f1_415.wav
WARNING (compute-mfcc-feats[5.5.1023~1-d673]:EnsureObjectLoaded():util/kaldi-table-inl.h:310) Failed to open file /wav/f1_417.wav
WARNING (compute-mfcc-feats[5.5.1023~1-d673]:EnsureObjectLoaded():util/kaldi-table-inl.h:310) Failed to open file /wav/f1_418.wav
WARNING (compute-mfcc-feats[5.5.1023~1-d673]:EnsureObjectLoaded():util/kaldi-table-inl.h:310) Failed to open file /wav/f1_419.wav
WARNING (compute-mfcc-feats[5.5.1023~1-d673]:EnsureObjectLoaded():util/kaldi-table-inl.h:310) Failed to open file /wav/f1_420.wav
WARNING (compute-mfcc-feats[5.5.1023~1-d673]:EnsureObjectLoaded():util/kaldi-table-inl.h:310) Failed to open file /wav/f1_422.wav
WARNING (compute-mfcc-feats[5.5.1023~1-d673]:EnsureObjectLoaded():util/kaldi-table-inl.h:310) Failed to open file /wav/f1_423.wav
WARNING (compute-mfcc-feats[5.5.1023~1-d673]:EnsureObjectLoaded():util/kaldi-table-inl.h:310) Failed to open file /wav/f1_424.wav
WARNING (compute-mfcc-feats[5.5.1023~1-d673]:EnsureObjectLoaded():util/kaldi-table-inl.h:310) Failed to open file /wav/f1_425.wav
WARNING (compute-mfcc-feats[5.5.1023~1-d673]:EnsureObjectLoaded():util/kaldi-table-inl.h:310) Failed to open file /wav/f1_428.wav
WARNING (compute-mfcc-feats[5.5.1023~1-d673]:EnsureObjectLoaded():util/kaldi-table-inl.h:310) Failed to open file /wav/f1_429.wav
WARNING (compute-mfcc-feats[5.5.1023~1-d673]:EnsureObjectLoaded():util/kaldi-table-inl.h:310) Failed to open file /wav/f1_430.wav
WARNING (compute-mfcc-feats[5.5.1023~1-d673]:EnsureObjectLoaded():util/kaldi-table-inl.h:310) Failed to open file /wav/f1_432.wav
WARNING (compute-mfcc-feats[5.5.1023~1-d673]:EnsureObjectLoaded():util/kaldi-table-inl.h:310) Failed to open file /wav/f1_433.wav
WARNING (compute-mfcc-feats[5.5.1023~1-d673]:EnsureObjectLoaded():util/kaldi-table-inl.h:310) Failed to open file /wav/f1_434.wav
WARNING (compute-mfcc-feats[5.5.1023~1-d673]:EnsureObjectLoaded():util/kaldi-table-inl.h:310) Failed to open file /wav/f1_435.wav
WARNING (compute-mfcc-feats[5.5.1023~1-d673]:EnsureObjectLoaded():util/kaldi-table-inl.h:310) Failed to open file /wav/f1_437.wav
WARNING (compute-mfcc-feats[5.5.1023~1-d673]:EnsureObjectLoaded():util/kaldi-table-inl.h:310) Failed to open file /wav/f1_438.wav
WARNING (compute-mfcc-feats[5.5.1023~1-d673]:EnsureObjectLoaded():util/kaldi-table-inl.h:310) Failed to open file /wav/f1_440.wav
WARNING (compute-mfcc-feats[5.5.1023~1-d673]:EnsureObjectLoaded():util/kaldi-table-inl.h:310) Failed to open file /wav/f1_442.wav
WARNING (compute-mfcc-feats[5.5.1023~1-d673]:EnsureObjectLoaded():util/kaldi-table-inl.h:310) Failed to open file /wav/f1_443.wav
WARNING (compute-mfcc-feats[5.5.1023~1-d673]:EnsureObjectLoaded():util/kaldi-table-inl.h:310) Failed to open file /wav/f1_444.wav
WARNING (compute-mfcc-feats[5.5.1023~1-d673]:EnsureObjectLoaded():util/kaldi-table-inl.h:310) Failed to open file /wav/f1_445.wav
WARNING (compute-mfcc-feats[5.5.1023~1-d673]:EnsureObjectLoaded():util/kaldi-table-inl.h:310) Failed to open file /wav/f1_447.wav
WARNING (compute-mfcc-feats[5.5.1023~1-d673]:EnsureObjectLoaded():util/kaldi-table-inl.h:310) Failed to open file /wav/f1_448.wav
WARNING (compute-mfcc-feats[5.5.1023~1-d673]:EnsureObjectLoaded():util/kaldi-table-inl.h:310) Failed to open file /wav/f1_449.wav
WARNING (compute-mfcc-feats[5.5.1023~1-d673]:EnsureObjectLoaded():util/kaldi-table-inl.h:310) Failed to open file /wav/f1_450.wav
WARNING (compute-mfcc-feats[5.5.1023~1-d673]:EnsureObjectLoaded():util/kaldi-table-inl.h:310) Failed to open file /wav/f1_453.wav
WARNING (compute-mfcc-feats[5.5.1023~1-d673]:EnsureObjectLoaded():util/kaldi-table-inl.h:310) Failed to open file /wav/f1_454.wav
WARNING (compute-mfcc-feats[5.5.1023~1-d673]:EnsureObjectLoaded():util/kaldi-table-inl.h:310) Failed to open file /wav/f1_455.wav
WARNING (compute-mfcc-feats[5.5.1023~1-d673]:EnsureObjectLoaded():util/kaldi-table-inl.h:310) Failed to open file /wav/f1_457.wav
WARNING (compute-mfcc-feats[5.5.1023~1-d673]:EnsureObjectLoaded():util/kaldi-table-inl.h:310) Failed to open file /wav/f1_458.wav
WARNING (compute-mfcc-feats[5.5.1023~1-d673]:EnsureObjectLoaded():util/kaldi-table-inl.h:310) Failed to open file /wav/f1_459.wav
LOG (compute-mfcc-feats[5.5.1023~1-d673]:main():compute-mfcc-feats.cc:185)  Done 0 out of 0 utterances.
LOG (copy-feats[5.5.1023~1-d673]:main():copy-feats.cc:143) Copied 0 feature matrices.
# Accounting: time=0 threads=1
# Ended (code 1) at Sat May 14 17:21:31 EEST 2022, elapsed time 0 seconds
