# compute-mfcc-feats --write-utt2dur=ark,t:data/train//log/utt2dur.3 --verbose=2 --config=conf/mfcc.conf scp,p:data/train//log/wav_train.3.scp ark:- | copy-feats --write-num-frames=ark,t:data/train//log/utt2num_frames.3 --compress=true ark:- ark,scp:/home/thodoris/Documents/lab2/usc/data/train//data/raw_mfcc_train.3.ark,/home/thodoris/Documents/lab2/usc/data/train//data/raw_mfcc_train.3.scp 
# Started at Sat May 14 17:21:31 EEST 2022
#
copy-feats --write-num-frames=ark,t:data/train//log/utt2num_frames.3 --compress=true ark:- ark,scp:/home/thodoris/Documents/lab2/usc/data/train//data/raw_mfcc_train.3.ark,/home/thodoris/Documents/lab2/usc/data/train//data/raw_mfcc_train.3.scp 
compute-mfcc-feats --write-utt2dur=ark,t:data/train//log/utt2dur.3 --verbose=2 --config=conf/mfcc.conf scp,p:data/train//log/wav_train.3.scp ark:- 
WARNING (compute-mfcc-feats[5.5.1023~1-d673]:EnsureObjectLoaded():util/kaldi-table-inl.h:310) Failed to open file /wav/f5_459.wav
WARNING (compute-mfcc-feats[5.5.1023~1-d673]:EnsureObjectLoaded():util/kaldi-table-inl.h:310) Failed to open file /wav/f5_460.wav
WARNING (compute-mfcc-feats[5.5.1023~1-d673]:EnsureObjectLoaded():util/kaldi-table-inl.h:310) Failed to open file /wav/m1_003.wav
WARNING (compute-mfcc-feats[5.5.1023~1-d673]:EnsureObjectLoaded():util/kaldi-table-inl.h:310) Failed to open file /wav/m1_004.wav
WARNING (compute-mfcc-feats[5.5.1023~1-d673]:EnsureObjectLoaded():util/kaldi-table-inl.h:310) Failed to open file /wav/m1_005.wav
WARNING (compute-mfcc-feats[5.5.1023~1-d673]:EnsureObjectLoaded():util/kaldi-table-inl.h:310) Failed to open file /wav/m1_007.wav
WARNING (compute-mfcc-feats[5.5.1023~1-d673]:EnsureObjectLoaded():util/kaldi-table-inl.h:310) Failed to open file /wav/m1_008.wav
WARNING (compute-mfcc-feats[5.5.1023~1-d673]:EnsureObjectLoaded():util/kaldi-table-inl.h:310) Failed to open file /wav/m1_009.wav
WARNING (compute-mfcc-feats[5.5.1023~1-d673]:EnsureObjectLoaded():util/kaldi-table-inl.h:310) Failed to open file /wav/m1_010.wav
WARNING (compute-mfcc-feats[5.5.1023~1-d673]:EnsureObjectLoaded():util/kaldi-table-inl.h:310) Failed to open file /wav/m1_012.wav
WARNING (compute-mfcc-feats[5.5.1023~1-d673]:EnsureObjectLoaded():util/kaldi-table-inl.h:310) Failed to open file /wav/m1_013.wav
WARNING (compute-mfcc-feats[5.5.1023~1-d673]:EnsureObjectLoaded():util/kaldi-table-inl.h:310) Failed to open file /wav/m1_015.wav
WARNING (compute-mfcc-feats[5.5.1023~1-d673]:EnsureObjectLoaded():util/kaldi-table-inl.h:310) Failed to open file /wav/m1_017.wav
WARNING (compute-mfcc-feats[5.5.1023~1-d673]:EnsureObjectLoaded():util/kaldi-table-inl.h:310) Failed to open file /wav/m1_018.wav
WARNING (compute-mfcc-feats[5.5.1023~1-d673]:EnsureObjectLoaded():util/kaldi-table-inl.h:310) Failed to open file /wav/m1_019.wav
WARNING (compute-mfcc-feats[5.5.1023~1-d673]:EnsureObjectLoaded():util/kaldi-table-inl.h:310) Failed to open file /wav/m1_020.wav
WARNING (compute-mfcc-feats[5.5.1023~1-d673]:EnsureObjectLoaded():util/kaldi-table-inl.h:310) Failed to open file /wav/m1_022.wav
WARNING (compute-mfcc-feats[5.5.1023~1-d673]:EnsureObjectLoaded():util/kaldi-table-inl.h:310) Failed to open file /wav/m1_023.wav
WARNING (compute-mfcc-feats[5.5.1023~1-d673]:EnsureObjectLoaded():util/kaldi-table-inl.h:310) Failed to open file /wav/m1_024.wav
WARNING (compute-mfcc-feats[5.5.1023~1-d673]:EnsureObjectLoaded():util/kaldi-table-inl.h:310) Failed to open file /wav/m1_025.wav
WARNING (compute-mfcc-feats[5.5.1023~1-d673]:EnsureObjectLoaded():util/kaldi-table-inl.h:310) Failed to open file /wav/m1_028.wav
WARNING (compute-mfcc-feats[5.5.1023~1-d673]:EnsureObjectLoaded():util/kaldi-table-inl.h:310) Failed to open file /wav/m1_029.wav
WARNING (compute-mfcc-feats[5.5.1023~1-d673]:EnsureObjectLoaded():util/kaldi-table-inl.h:310) Failed to open file /wav/m1_030.wav
WARNING (compute-mfcc-feats[5.5.1023~1-d673]:EnsureObjectLoaded():util/kaldi-table-inl.h:310) Failed to open file /wav/m1_032.wav
WARNING (compute-mfcc-feats[5.5.1023~1-d673]:EnsureObjectLoaded():util/kaldi-table-inl.h:310) Failed to open file /wav/m1_033.wav
WARNING (compute-mfcc-feats[5.5.1023~1-d673]:EnsureObjectLoaded():util/kaldi-table-inl.h:310) Failed to open file /wav/m1_034.wav
WARNING (compute-mfcc-feats[5.5.1023~1-d673]:EnsureObjectLoaded():util/kaldi-table-inl.h:310) Failed to open file /wav/m1_035.wav
WARNING (compute-mfcc-feats[5.5.1023~1-d673]:EnsureObjectLoaded():util/kaldi-table-inl.h:310) Failed to open file /wav/m1_037.wav
WARNING (compute-mfcc-feats[5.5.1023~1-d673]:EnsureObjectLoaded():util/kaldi-table-inl.h:310) Failed to open file /wav/m1_038.wav
WARNING (compute-mfcc-feats[5.5.1023~1-d673]:EnsureObjectLoaded():util/kaldi-table-inl.h:310) Failed to open file /wav/m1_040.wav
WARNING (compute-mfcc-feats[5.5.1023~1-d673]:EnsureObjectLoaded():util/kaldi-table-inl.h:310) Failed to open file /wav/m1_042.wav
WARNING (compute-mfcc-feats[5.5.1023~1-d673]:EnsureObjectLoaded():util/kaldi-table-inl.h:310) Failed to open file /wav/m1_043.wav
WARNING (compute-mfcc-feats[5.5.1023~1-d673]:EnsureObjectLoaded():util/kaldi-table-inl.h:310) Failed to open file /wav/m1_044.wav
WARNING (compute-mfcc-feats[5.5.1023~1-d673]:EnsureObjectLoaded():util/kaldi-table-inl.h:310) Failed to open file /wav/m1_045.wav
WARNING (compute-mfcc-feats[5.5.1023~1-d673]:EnsureObjectLoaded():util/kaldi-table-inl.h:310) Failed to open file /wav/m1_047.wav
WARNING (compute-mfcc-feats[5.5.1023~1-d673]:EnsureObjectLoaded():util/kaldi-table-inl.h:310) Failed to open file /wav/m1_048.wav
WARNING (compute-mfcc-feats[5.5.1023~1-d673]:EnsureObjectLoaded():util/kaldi-table-inl.h:310) Failed to open file /wav/m1_049.wav
WARNING (compute-mfcc-feats[5.5.1023~1-d673]:EnsureObjectLoaded():util/kaldi-table-inl.h:310) Failed to open file /wav/m1_050.wav
WARNING (compute-mfcc-feats[5.5.1023~1-d673]:EnsureObjectLoaded():util/kaldi-table-inl.h:310) Failed to open file /wav/m1_053.wav
WARNING (compute-mfcc-feats[5.5.1023~1-d673]:EnsureObjectLoaded():util/kaldi-table-inl.h:310) Failed to open file /wav/m1_054.wav
WARNING (compute-mfcc-feats[5.5.1023~1-d673]:EnsureObjectLoaded():util/kaldi-table-inl.h:310) Failed to open file /wav/m1_055.wav
WARNING (compute-mfcc-feats[5.5.1023~1-d673]:EnsureObjectLoaded():util/kaldi-table-inl.h:310) Failed to open file /wav/m1_057.wav
WARNING (compute-mfcc-feats[5.5.1023~1-d673]:EnsureObjectLoaded():util/kaldi-table-inl.h:310) Failed to open file /wav/m1_058.wav
WARNING (compute-mfcc-feats[5.5.1023~1-d673]:EnsureObjectLoaded():util/kaldi-table-inl.h:310) Failed to open file /wav/m1_059.wav
WARNING (compute-mfcc-feats[5.5.1023~1-d673]:EnsureObjectLoaded():util/kaldi-table-inl.h:310) Failed to open file /wav/m1_060.wav
WARNING (compute-mfcc-feats[5.5.1023~1-d673]:EnsureObjectLoaded():util/kaldi-table-inl.h:310) Failed to open file /wav/m1_062.wav
WARNING (compute-mfcc-feats[5.5.1023~1-d673]:EnsureObjectLoaded():util/kaldi-table-inl.h:310) Failed to open file /wav/m1_063.wav
WARNING (compute-mfcc-feats[5.5.1023~1-d673]:EnsureObjectLoaded():util/kaldi-table-inl.h:310) Failed to open file /wav/m1_065.wav
WARNING (compute-mfcc-feats[5.5.1023~1-d673]:EnsureObjectLoaded():util/kaldi-table-inl.h:310) Failed to open file /wav/m1_067.wav
WARNING (compute-mfcc-feats[5.5.1023~1-d673]:EnsureObjectLoaded():util/kaldi-table-inl.h:310) Failed to open file /wav/m1_068.wav
WARNING (compute-mfcc-feats[5.5.1023~1-d673]:EnsureObjectLoaded():util/kaldi-table-inl.h:310) Failed to open file /wav/m1_069.wav
WARNING (compute-mfcc-feats[5.5.1023~1-d673]:EnsureObjectLoaded():util/kaldi-table-inl.h:310) Failed to open file /wav/m1_070.wav
WARNING (compute-mfcc-feats[5.5.1023~1-d673]:EnsureObjectLoaded():util/kaldi-table-inl.h:310) Failed to open file /wav/m1_072.wav
WARNING (compute-mfcc-feats[5.5.1023~1-d673]:EnsureObjectLoaded():util/kaldi-table-inl.h:310) Failed to open file /wav/m1_073.wav
WARNING (compute-mfcc-feats[5.5.1023~1-d673]:EnsureObjectLoaded():util/kaldi-table-inl.h:310) Failed to open file /wav/m1_074.wav
WARNING (compute-mfcc-feats[5.5.1023~1-d673]:EnsureObjectLoaded():util/kaldi-table-inl.h:310) Failed to open file /wav/m1_075.wav
WARNING (compute-mfcc-feats[5.5.1023~1-d673]:EnsureObjectLoaded():util/kaldi-table-inl.h:310) Failed to open file /wav/m1_078.wav
WARNING (compute-mfcc-feats[5.5.1023~1-d673]:EnsureObjectLoaded():util/kaldi-table-inl.h:310) Failed to open file /wav/m1_079.wav
WARNING (compute-mfcc-feats[5.5.1023~1-d673]:EnsureObjectLoaded():util/kaldi-table-inl.h:310) Failed to open file /wav/m1_080.wav
WARNING (compute-mfcc-feats[5.5.1023~1-d673]:EnsureObjectLoaded():util/kaldi-table-inl.h:310) Failed to open file /wav/m1_082.wav
WARNING (compute-mfcc-feats[5.5.1023~1-d673]:EnsureObjectLoaded():util/kaldi-table-inl.h:310) Failed to open file /wav/m1_083.wav
WARNING (compute-mfcc-feats[5.5.1023~1-d673]:EnsureObjectLoaded():util/kaldi-table-inl.h:310) Failed to open file /wav/m1_084.wav
WARNING (compute-mfcc-feats[5.5.1023~1-d673]:EnsureObjectLoaded():util/kaldi-table-inl.h:310) Failed to open file /wav/m1_085.wav
WARNING (compute-mfcc-feats[5.5.1023~1-d673]:EnsureObjectLoaded():util/kaldi-table-inl.h:310) Failed to open file /wav/m1_087.wav
WARNING (compute-mfcc-feats[5.5.1023~1-d673]:EnsureObjectLoaded():util/kaldi-table-inl.h:310) Failed to open file /wav/m1_088.wav
WARNING (compute-mfcc-feats[5.5.1023~1-d673]:EnsureObjectLoaded():util/kaldi-table-inl.h:310) Failed to open file /wav/m1_090.wav
WARNING (compute-mfcc-feats[5.5.1023~1-d673]:EnsureObjectLoaded():util/kaldi-table-inl.h:310) Failed to open file /wav/m1_092.wav
WARNING (compute-mfcc-feats[5.5.1023~1-d673]:EnsureObjectLoaded():util/kaldi-table-inl.h:310) Failed to open file /wav/m1_093.wav
WARNING (compute-mfcc-feats[5.5.1023~1-d673]:EnsureObjectLoaded():util/kaldi-table-inl.h:310) Failed to open file /wav/m1_094.wav
WARNING (compute-mfcc-feats[5.5.1023~1-d673]:EnsureObjectLoaded():util/kaldi-table-inl.h:310) Failed to open file /wav/m1_095.wav
WARNING (compute-mfcc-feats[5.5.1023~1-d673]:EnsureObjectLoaded():util/kaldi-table-inl.h:310) Failed to open file /wav/m1_097.wav
WARNING (compute-mfcc-feats[5.5.1023~1-d673]:EnsureObjectLoaded():util/kaldi-table-inl.h:310) Failed to open file /wav/m1_098.wav
WARNING (compute-mfcc-feats[5.5.1023~1-d673]:EnsureObjectLoaded():util/kaldi-table-inl.h:310) Failed to open file /wav/m1_099.wav
WARNING (compute-mfcc-feats[5.5.1023~1-d673]:EnsureObjectLoaded():util/kaldi-table-inl.h:310) Failed to open file /wav/m1_100.wav
WARNING (compute-mfcc-feats[5.5.1023~1-d673]:EnsureObjectLoaded():util/kaldi-table-inl.h:310) Failed to open file /wav/m1_103.wav
WARNING (compute-mfcc-feats[5.5.1023~1-d673]:EnsureObjectLoaded():util/kaldi-table-inl.h:310) Failed to open file /wav/m1_104.wav
WARNING (compute-mfcc-feats[5.5.1023~1-d673]:EnsureObjectLoaded():util/kaldi-table-inl.h:310) Failed to open file /wav/m1_105.wav
WARNING (compute-mfcc-feats[5.5.1023~1-d673]:EnsureObjectLoaded():util/kaldi-table-inl.h:310) Failed to open file /wav/m1_107.wav
WARNING (compute-mfcc-feats[5.5.1023~1-d673]:EnsureObjectLoaded():util/kaldi-table-inl.h:310) Failed to open file /wav/m1_108.wav
WARNING (compute-mfcc-feats[5.5.1023~1-d673]:EnsureObjectLoaded():util/kaldi-table-inl.h:310) Failed to open file /wav/m1_109.wav
WARNING (compute-mfcc-feats[5.5.1023~1-d673]:EnsureObjectLoaded():util/kaldi-table-inl.h:310) Failed to open file /wav/m1_110.wav
WARNING (compute-mfcc-feats[5.5.1023~1-d673]:EnsureObjectLoaded():util/kaldi-table-inl.h:310) Failed to open file /wav/m1_112.wav
WARNING (compute-mfcc-feats[5.5.1023~1-d673]:EnsureObjectLoaded():util/kaldi-table-inl.h:310) Failed to open file /wav/m1_113.wav
WARNING (compute-mfcc-feats[5.5.1023~1-d673]:EnsureObjectLoaded():util/kaldi-table-inl.h:310) Failed to open file /wav/m1_115.wav
WARNING (compute-mfcc-feats[5.5.1023~1-d673]:EnsureObjectLoaded():util/kaldi-table-inl.h:310) Failed to open file /wav/m1_117.wav
WARNING (compute-mfcc-feats[5.5.1023~1-d673]:EnsureObjectLoaded():util/kaldi-table-inl.h:310) Failed to open file /wav/m1_118.wav
WARNING (compute-mfcc-feats[5.5.1023~1-d673]:EnsureObjectLoaded():util/kaldi-table-inl.h:310) Failed to open file /wav/m1_119.wav
WARNING (compute-mfcc-feats[5.5.1023~1-d673]:EnsureObjectLoaded():util/kaldi-table-inl.h:310) Failed to open file /wav/m1_120.wav
WARNING (compute-mfcc-feats[5.5.1023~1-d673]:EnsureObjectLoaded():util/kaldi-table-inl.h:310) Failed to open file /wav/m1_122.wav
WARNING (compute-mfcc-feats[5.5.1023~1-d673]:EnsureObjectLoaded():util/kaldi-table-inl.h:310) Failed to open file /wav/m1_123.wav
WARNING (compute-mfcc-feats[5.5.1023~1-d673]:EnsureObjectLoaded():util/kaldi-table-inl.h:310) Failed to open file /wav/m1_124.wav
WARNING (compute-mfcc-feats[5.5.1023~1-d673]:EnsureObjectLoaded():util/kaldi-table-inl.h:310) Failed to open file /wav/m1_125.wav
WARNING (compute-mfcc-feats[5.5.1023~1-d673]:EnsureObjectLoaded():util/kaldi-table-inl.h:310) Failed to open file /wav/m1_128.wav
WARNING (compute-mfcc-feats[5.5.1023~1-d673]:EnsureObjectLoaded():util/kaldi-table-inl.h:310) Failed to open file /wav/m1_129.wav
WARNING (compute-mfcc-feats[5.5.1023~1-d673]:EnsureObjectLoaded():util/kaldi-table-inl.h:310) Failed to open file /wav/m1_130.wav
WARNING (compute-mfcc-feats[5.5.1023~1-d673]:EnsureObjectLoaded():util/kaldi-table-inl.h:310) Failed to open file /wav/m1_132.wav
WARNING (compute-mfcc-feats[5.5.1023~1-d673]:EnsureObjectLoaded():util/kaldi-table-inl.h:310) Failed to open file /wav/m1_133.wav
WARNING (compute-mfcc-feats[5.5.1023~1-d673]:EnsureObjectLoaded():util/kaldi-table-inl.h:310) Failed to open file /wav/m1_134.wav
WARNING (compute-mfcc-feats[5.5.1023~1-d673]:EnsureObjectLoaded():util/kaldi-table-inl.h:310) Failed to open file /wav/m1_135.wav
WARNING (compute-mfcc-feats[5.5.1023~1-d673]:EnsureObjectLoaded():util/kaldi-table-inl.h:310) Failed to open file /wav/m1_137.wav
WARNING (compute-mfcc-feats[5.5.1023~1-d673]:EnsureObjectLoaded():util/kaldi-table-inl.h:310) Failed to open file /wav/m1_138.wav
WARNING (compute-mfcc-feats[5.5.1023~1-d673]:EnsureObjectLoaded():util/kaldi-table-inl.h:310) Failed to open file /wav/m1_140.wav
WARNING (compute-mfcc-feats[5.5.1023~1-d673]:EnsureObjectLoaded():util/kaldi-table-inl.h:310) Failed to open file /wav/m1_142.wav
WARNING (compute-mfcc-feats[5.5.1023~1-d673]:EnsureObjectLoaded():util/kaldi-table-inl.h:310) Failed to open file /wav/m1_143.wav
WARNING (compute-mfcc-feats[5.5.1023~1-d673]:EnsureObjectLoaded():util/kaldi-table-inl.h:310) Failed to open file /wav/m1_144.wav
WARNING (compute-mfcc-feats[5.5.1023~1-d673]:EnsureObjectLoaded():util/kaldi-table-inl.h:310) Failed to open file /wav/m1_145.wav
WARNING (compute-mfcc-feats[5.5.1023~1-d673]:EnsureObjectLoaded():util/kaldi-table-inl.h:310) Failed to open file /wav/m1_147.wav
WARNING (compute-mfcc-feats[5.5.1023~1-d673]:EnsureObjectLoaded():util/kaldi-table-inl.h:310) Failed to open file /wav/m1_148.wav
WARNING (compute-mfcc-feats[5.5.1023~1-d673]:EnsureObjectLoaded():util/kaldi-table-inl.h:310) Failed to open file /wav/m1_149.wav
WARNING (compute-mfcc-feats[5.5.1023~1-d673]:EnsureObjectLoaded():util/kaldi-table-inl.h:310) Failed to open file /wav/m1_150.wav
WARNING (compute-mfcc-feats[5.5.1023~1-d673]:EnsureObjectLoaded():util/kaldi-table-inl.h:310) Failed to open file /wav/m1_153.wav
WARNING (compute-mfcc-feats[5.5.1023~1-d673]:EnsureObjectLoaded():util/kaldi-table-inl.h:310) Failed to open file /wav/m1_154.wav
WARNING (compute-mfcc-feats[5.5.1023~1-d673]:EnsureObjectLoaded():util/kaldi-table-inl.h:310) Failed to open file /wav/m1_155.wav
WARNING (compute-mfcc-feats[5.5.1023~1-d673]:EnsureObjectLoaded():util/kaldi-table-inl.h:310) Failed to open file /wav/m1_157.wav
WARNING (compute-mfcc-feats[5.5.1023~1-d673]:EnsureObjectLoaded():util/kaldi-table-inl.h:310) Failed to open file /wav/m1_158.wav
WARNING (compute-mfcc-feats[5.5.1023~1-d673]:EnsureObjectLoaded():util/kaldi-table-inl.h:310) Failed to open file /wav/m1_159.wav
WARNING (compute-mfcc-feats[5.5.1023~1-d673]:EnsureObjectLoaded():util/kaldi-table-inl.h:310) Failed to open file /wav/m1_160.wav
WARNING (compute-mfcc-feats[5.5.1023~1-d673]:EnsureObjectLoaded():util/kaldi-table-inl.h:310) Failed to open file /wav/m1_162.wav
WARNING (compute-mfcc-feats[5.5.1023~1-d673]:EnsureObjectLoaded():util/kaldi-table-inl.h:310) Failed to open file /wav/m1_163.wav
WARNING (compute-mfcc-feats[5.5.1023~1-d673]:EnsureObjectLoaded():util/kaldi-table-inl.h:310) Failed to open file /wav/m1_165.wav
WARNING (compute-mfcc-feats[5.5.1023~1-d673]:EnsureObjectLoaded():util/kaldi-table-inl.h:310) Failed to open file /wav/m1_167.wav
WARNING (compute-mfcc-feats[5.5.1023~1-d673]:EnsureObjectLoaded():util/kaldi-table-inl.h:310) Failed to open file /wav/m1_168.wav
WARNING (compute-mfcc-feats[5.5.1023~1-d673]:EnsureObjectLoaded():util/kaldi-table-inl.h:310) Failed to open file /wav/m1_169.wav
WARNING (compute-mfcc-feats[5.5.1023~1-d673]:EnsureObjectLoaded():util/kaldi-table-inl.h:310) Failed to open file /wav/m1_170.wav
WARNING (compute-mfcc-feats[5.5.1023~1-d673]:EnsureObjectLoaded():util/kaldi-table-inl.h:310) Failed to open file /wav/m1_172.wav
WARNING (compute-mfcc-feats[5.5.1023~1-d673]:EnsureObjectLoaded():util/kaldi-table-inl.h:310) Failed to open file /wav/m1_173.wav
WARNING (compute-mfcc-feats[5.5.1023~1-d673]:EnsureObjectLoaded():util/kaldi-table-inl.h:310) Failed to open file /wav/m1_174.wav
WARNING (compute-mfcc-feats[5.5.1023~1-d673]:EnsureObjectLoaded():util/kaldi-table-inl.h:310) Failed to open file /wav/m1_175.wav
WARNING (compute-mfcc-feats[5.5.1023~1-d673]:EnsureObjectLoaded():util/kaldi-table-inl.h:310) Failed to open file /wav/m1_178.wav
WARNING (compute-mfcc-feats[5.5.1023~1-d673]:EnsureObjectLoaded():util/kaldi-table-inl.h:310) Failed to open file /wav/m1_179.wav
WARNING (compute-mfcc-feats[5.5.1023~1-d673]:EnsureObjectLoaded():util/kaldi-table-inl.h:310) Failed to open file /wav/m1_180.wav
WARNING (compute-mfcc-feats[5.5.1023~1-d673]:EnsureObjectLoaded():util/kaldi-table-inl.h:310) Failed to open file /wav/m1_182.wav
WARNING (compute-mfcc-feats[5.5.1023~1-d673]:EnsureObjectLoaded():util/kaldi-table-inl.h:310) Failed to open file /wav/m1_183.wav
WARNING (compute-mfcc-feats[5.5.1023~1-d673]:EnsureObjectLoaded():util/kaldi-table-inl.h:310) Failed to open file /wav/m1_184.wav
WARNING (compute-mfcc-feats[5.5.1023~1-d673]:EnsureObjectLoaded():util/kaldi-table-inl.h:310) Failed to open file /wav/m1_185.wav
WARNING (compute-mfcc-feats[5.5.1023~1-d673]:EnsureObjectLoaded():util/kaldi-table-inl.h:310) Failed to open file /wav/m1_187.wav
WARNING (compute-mfcc-feats[5.5.1023~1-d673]:EnsureObjectLoaded():util/kaldi-table-inl.h:310) Failed to open file /wav/m1_188.wav
WARNING (compute-mfcc-feats[5.5.1023~1-d673]:EnsureObjectLoaded():util/kaldi-table-inl.h:310) Failed to open file /wav/m1_190.wav
WARNING (compute-mfcc-feats[5.5.1023~1-d673]:EnsureObjectLoaded():util/kaldi-table-inl.h:310) Failed to open file /wav/m1_192.wav
WARNING (compute-mfcc-feats[5.5.1023~1-d673]:EnsureObjectLoaded():util/kaldi-table-inl.h:310) Failed to open file /wav/m1_193.wav
WARNING (compute-mfcc-feats[5.5.1023~1-d673]:EnsureObjectLoaded():util/kaldi-table-inl.h:310) Failed to open file /wav/m1_194.wav
WARNING (compute-mfcc-feats[5.5.1023~1-d673]:EnsureObjectLoaded():util/kaldi-table-inl.h:310) Failed to open file /wav/m1_195.wav
WARNING (compute-mfcc-feats[5.5.1023~1-d673]:EnsureObjectLoaded():util/kaldi-table-inl.h:310) Failed to open file /wav/m1_197.wav
WARNING (compute-mfcc-feats[5.5.1023~1-d673]:EnsureObjectLoaded():util/kaldi-table-inl.h:310) Failed to open file /wav/m1_198.wav
WARNING (compute-mfcc-feats[5.5.1023~1-d673]:EnsureObjectLoaded():util/kaldi-table-inl.h:310) Failed to open file /wav/m1_199.wav
WARNING (compute-mfcc-feats[5.5.1023~1-d673]:EnsureObjectLoaded():util/kaldi-table-inl.h:310) Failed to open file /wav/m1_200.wav
WARNING (compute-mfcc-feats[5.5.1023~1-d673]:EnsureObjectLoaded():util/kaldi-table-inl.h:310) Failed to open file /wav/m1_203.wav
WARNING (compute-mfcc-feats[5.5.1023~1-d673]:EnsureObjectLoaded():util/kaldi-table-inl.h:310) Failed to open file /wav/m1_204.wav
WARNING (compute-mfcc-feats[5.5.1023~1-d673]:EnsureObjectLoaded():util/kaldi-table-inl.h:310) Failed to open file /wav/m1_205.wav
WARNING (compute-mfcc-feats[5.5.1023~1-d673]:EnsureObjectLoaded():util/kaldi-table-inl.h:310) Failed to open file /wav/m1_207.wav
WARNING (compute-mfcc-feats[5.5.1023~1-d673]:EnsureObjectLoaded():util/kaldi-table-inl.h:310) Failed to open file /wav/m1_208.wav
WARNING (compute-mfcc-feats[5.5.1023~1-d673]:EnsureObjectLoaded():util/kaldi-table-inl.h:310) Failed to open file /wav/m1_209.wav
WARNING (compute-mfcc-feats[5.5.1023~1-d673]:EnsureObjectLoaded():util/kaldi-table-inl.h:310) Failed to open file /wav/m1_210.wav
WARNING (compute-mfcc-feats[5.5.1023~1-d673]:EnsureObjectLoaded():util/kaldi-table-inl.h:310) Failed to open file /wav/m1_212.wav
WARNING (compute-mfcc-feats[5.5.1023~1-d673]:EnsureObjectLoaded():util/kaldi-table-inl.h:310) Failed to open file /wav/m1_213.wav
WARNING (compute-mfcc-feats[5.5.1023~1-d673]:EnsureObjectLoaded():util/kaldi-table-inl.h:310) Failed to open file /wav/m1_215.wav
WARNING (compute-mfcc-feats[5.5.1023~1-d673]:EnsureObjectLoaded():util/kaldi-table-inl.h:310) Failed to open file /wav/m1_217.wav
WARNING (compute-mfcc-feats[5.5.1023~1-d673]:EnsureObjectLoaded():util/kaldi-table-inl.h:310) Failed to open file /wav/m1_218.wav
WARNING (compute-mfcc-feats[5.5.1023~1-d673]:EnsureObjectLoaded():util/kaldi-table-inl.h:310) Failed to open file /wav/m1_219.wav
WARNING (compute-mfcc-feats[5.5.1023~1-d673]:EnsureObjectLoaded():util/kaldi-table-inl.h:310) Failed to open file /wav/m1_220.wav
WARNING (compute-mfcc-feats[5.5.1023~1-d673]:EnsureObjectLoaded():util/kaldi-table-inl.h:310) Failed to open file /wav/m1_222.wav
WARNING (compute-mfcc-feats[5.5.1023~1-d673]:EnsureObjectLoaded():util/kaldi-table-inl.h:310) Failed to open file /wav/m1_223.wav
WARNING (compute-mfcc-feats[5.5.1023~1-d673]:EnsureObjectLoaded():util/kaldi-table-inl.h:310) Failed to open file /wav/m1_224.wav
WARNING (compute-mfcc-feats[5.5.1023~1-d673]:EnsureObjectLoaded():util/kaldi-table-inl.h:310) Failed to open file /wav/m1_225.wav
WARNING (compute-mfcc-feats[5.5.1023~1-d673]:EnsureObjectLoaded():util/kaldi-table-inl.h:310) Failed to open file /wav/m1_228.wav
WARNING (compute-mfcc-feats[5.5.1023~1-d673]:EnsureObjectLoaded():util/kaldi-table-inl.h:310) Failed to open file /wav/m1_229.wav
WARNING (compute-mfcc-feats[5.5.1023~1-d673]:EnsureObjectLoaded():util/kaldi-table-inl.h:310) Failed to open file /wav/m1_230.wav
WARNING (compute-mfcc-feats[5.5.1023~1-d673]:EnsureObjectLoaded():util/kaldi-table-inl.h:310) Failed to open file /wav/m1_237.wav
WARNING (compute-mfcc-feats[5.5.1023~1-d673]:EnsureObjectLoaded():util/kaldi-table-inl.h:310) Failed to open file /wav/m1_238.wav
WARNING (compute-mfcc-feats[5.5.1023~1-d673]:EnsureObjectLoaded():util/kaldi-table-inl.h:310) Failed to open file /wav/m1_239.wav
WARNING (compute-mfcc-feats[5.5.1023~1-d673]:EnsureObjectLoaded():util/kaldi-table-inl.h:310) Failed to open file /wav/m1_240.wav
WARNING (compute-mfcc-feats[5.5.1023~1-d673]:EnsureObjectLoaded():util/kaldi-table-inl.h:310) Failed to open file /wav/m1_242.wav
WARNING (compute-mfcc-feats[5.5.1023~1-d673]:EnsureObjectLoaded():util/kaldi-table-inl.h:310) Failed to open file /wav/m1_243.wav
WARNING (compute-mfcc-feats[5.5.1023~1-d673]:EnsureObjectLoaded():util/kaldi-table-inl.h:310) Failed to open file /wav/m1_245.wav
WARNING (compute-mfcc-feats[5.5.1023~1-d673]:EnsureObjectLoaded():util/kaldi-table-inl.h:310) Failed to open file /wav/m1_247.wav
WARNING (compute-mfcc-feats[5.5.1023~1-d673]:EnsureObjectLoaded():util/kaldi-table-inl.h:310) Failed to open file /wav/m1_248.wav
WARNING (compute-mfcc-feats[5.5.1023~1-d673]:EnsureObjectLoaded():util/kaldi-table-inl.h:310) Failed to open file /wav/m1_249.wav
WARNING (compute-mfcc-feats[5.5.1023~1-d673]:EnsureObjectLoaded():util/kaldi-table-inl.h:310) Failed to open file /wav/m1_250.wav
WARNING (compute-mfcc-feats[5.5.1023~1-d673]:EnsureObjectLoaded():util/kaldi-table-inl.h:310) Failed to open file /wav/m1_252.wav
WARNING (compute-mfcc-feats[5.5.1023~1-d673]:EnsureObjectLoaded():util/kaldi-table-inl.h:310) Failed to open file /wav/m1_253.wav
WARNING (compute-mfcc-feats[5.5.1023~1-d673]:EnsureObjectLoaded():util/kaldi-table-inl.h:310) Failed to open file /wav/m1_254.wav
WARNING (compute-mfcc-feats[5.5.1023~1-d673]:EnsureObjectLoaded():util/kaldi-table-inl.h:310) Failed to open file /wav/m1_255.wav
WARNING (compute-mfcc-feats[5.5.1023~1-d673]:EnsureObjectLoaded():util/kaldi-table-inl.h:310) Failed to open file /wav/m1_258.wav
WARNING (compute-mfcc-feats[5.5.1023~1-d673]:EnsureObjectLoaded():util/kaldi-table-inl.h:310) Failed to open file /wav/m1_259.wav
WARNING (compute-mfcc-feats[5.5.1023~1-d673]:EnsureObjectLoaded():util/kaldi-table-inl.h:310) Failed to open file /wav/m1_260.wav
WARNING (compute-mfcc-feats[5.5.1023~1-d673]:EnsureObjectLoaded():util/kaldi-table-inl.h:310) Failed to open file /wav/m1_262.wav
WARNING (compute-mfcc-feats[5.5.1023~1-d673]:EnsureObjectLoaded():util/kaldi-table-inl.h:310) Failed to open file /wav/m1_263.wav
WARNING (compute-mfcc-feats[5.5.1023~1-d673]:EnsureObjectLoaded():util/kaldi-table-inl.h:310) Failed to open file /wav/m1_264.wav
WARNING (compute-mfcc-feats[5.5.1023~1-d673]:EnsureObjectLoaded():util/kaldi-table-inl.h:310) Failed to open file /wav/m1_265.wav
WARNING (compute-mfcc-feats[5.5.1023~1-d673]:EnsureObjectLoaded():util/kaldi-table-inl.h:310) Failed to open file /wav/m1_267.wav
WARNING (compute-mfcc-feats[5.5.1023~1-d673]:EnsureObjectLoaded():util/kaldi-table-inl.h:310) Failed to open file /wav/m1_268.wav
WARNING (compute-mfcc-feats[5.5.1023~1-d673]:EnsureObjectLoaded():util/kaldi-table-inl.h:310) Failed to open file /wav/m1_270.wav
WARNING (compute-mfcc-feats[5.5.1023~1-d673]:EnsureObjectLoaded():util/kaldi-table-inl.h:310) Failed to open file /wav/m1_272.wav
WARNING (compute-mfcc-feats[5.5.1023~1-d673]:EnsureObjectLoaded():util/kaldi-table-inl.h:310) Failed to open file /wav/m1_273.wav
WARNING (compute-mfcc-feats[5.5.1023~1-d673]:EnsureObjectLoaded():util/kaldi-table-inl.h:310) Failed to open file /wav/m1_274.wav
WARNING (compute-mfcc-feats[5.5.1023~1-d673]:EnsureObjectLoaded():util/kaldi-table-inl.h:310) Failed to open file /wav/m1_275.wav
WARNING (compute-mfcc-feats[5.5.1023~1-d673]:EnsureObjectLoaded():util/kaldi-table-inl.h:310) Failed to open file /wav/m1_277.wav
WARNING (compute-mfcc-feats[5.5.1023~1-d673]:EnsureObjectLoaded():util/kaldi-table-inl.h:310) Failed to open file /wav/m1_278.wav
WARNING (compute-mfcc-feats[5.5.1023~1-d673]:EnsureObjectLoaded():util/kaldi-table-inl.h:310) Failed to open file /wav/m1_279.wav
WARNING (compute-mfcc-feats[5.5.1023~1-d673]:EnsureObjectLoaded():util/kaldi-table-inl.h:310) Failed to open file /wav/m1_280.wav
WARNING (compute-mfcc-feats[5.5.1023~1-d673]:EnsureObjectLoaded():util/kaldi-table-inl.h:310) Failed to open file /wav/m1_283.wav
WARNING (compute-mfcc-feats[5.5.1023~1-d673]:EnsureObjectLoaded():util/kaldi-table-inl.h:310) Failed to open file /wav/m1_284.wav
WARNING (compute-mfcc-feats[5.5.1023~1-d673]:EnsureObjectLoaded():util/kaldi-table-inl.h:310) Failed to open file /wav/m1_285.wav
WARNING (compute-mfcc-feats[5.5.1023~1-d673]:EnsureObjectLoaded():util/kaldi-table-inl.h:310) Failed to open file /wav/m1_287.wav
WARNING (compute-mfcc-feats[5.5.1023~1-d673]:EnsureObjectLoaded():util/kaldi-table-inl.h:310) Failed to open file /wav/m1_288.wav
WARNING (compute-mfcc-feats[5.5.1023~1-d673]:EnsureObjectLoaded():util/kaldi-table-inl.h:310) Failed to open file /wav/m1_289.wav
WARNING (compute-mfcc-feats[5.5.1023~1-d673]:EnsureObjectLoaded():util/kaldi-table-inl.h:310) Failed to open file /wav/m1_290.wav
WARNING (compute-mfcc-feats[5.5.1023~1-d673]:EnsureObjectLoaded():util/kaldi-table-inl.h:310) Failed to open file /wav/m1_292.wav
WARNING (compute-mfcc-feats[5.5.1023~1-d673]:EnsureObjectLoaded():util/kaldi-table-inl.h:310) Failed to open file /wav/m1_293.wav
WARNING (compute-mfcc-feats[5.5.1023~1-d673]:EnsureObjectLoaded():util/kaldi-table-inl.h:310) Failed to open file /wav/m1_295.wav
WARNING (compute-mfcc-feats[5.5.1023~1-d673]:EnsureObjectLoaded():util/kaldi-table-inl.h:310) Failed to open file /wav/m1_297.wav
WARNING (compute-mfcc-feats[5.5.1023~1-d673]:EnsureObjectLoaded():util/kaldi-table-inl.h:310) Failed to open file /wav/m1_298.wav
WARNING (compute-mfcc-feats[5.5.1023~1-d673]:EnsureObjectLoaded():util/kaldi-table-inl.h:310) Failed to open file /wav/m1_299.wav
WARNING (compute-mfcc-feats[5.5.1023~1-d673]:EnsureObjectLoaded():util/kaldi-table-inl.h:310) Failed to open file /wav/m1_300.wav
WARNING (compute-mfcc-feats[5.5.1023~1-d673]:EnsureObjectLoaded():util/kaldi-table-inl.h:310) Failed to open file /wav/m1_302.wav
WARNING (compute-mfcc-feats[5.5.1023~1-d673]:EnsureObjectLoaded():util/kaldi-table-inl.h:310) Failed to open file /wav/m1_303.wav
WARNING (compute-mfcc-feats[5.5.1023~1-d673]:EnsureObjectLoaded():util/kaldi-table-inl.h:310) Failed to open file /wav/m1_304.wav
WARNING (compute-mfcc-feats[5.5.1023~1-d673]:EnsureObjectLoaded():util/kaldi-table-inl.h:310) Failed to open file /wav/m1_305.wav
WARNING (compute-mfcc-feats[5.5.1023~1-d673]:EnsureObjectLoaded():util/kaldi-table-inl.h:310) Failed to open file /wav/m1_308.wav
WARNING (compute-mfcc-feats[5.5.1023~1-d673]:EnsureObjectLoaded():util/kaldi-table-inl.h:310) Failed to open file /wav/m1_309.wav
WARNING (compute-mfcc-feats[5.5.1023~1-d673]:EnsureObjectLoaded():util/kaldi-table-inl.h:310) Failed to open file /wav/m1_310.wav
WARNING (compute-mfcc-feats[5.5.1023~1-d673]:EnsureObjectLoaded():util/kaldi-table-inl.h:310) Failed to open file /wav/m1_312.wav
WARNING (compute-mfcc-feats[5.5.1023~1-d673]:EnsureObjectLoaded():util/kaldi-table-inl.h:310) Failed to open file /wav/m1_313.wav
WARNING (compute-mfcc-feats[5.5.1023~1-d673]:EnsureObjectLoaded():util/kaldi-table-inl.h:310) Failed to open file /wav/m1_314.wav
WARNING (compute-mfcc-feats[5.5.1023~1-d673]:EnsureObjectLoaded():util/kaldi-table-inl.h:310) Failed to open file /wav/m1_315.wav
WARNING (compute-mfcc-feats[5.5.1023~1-d673]:EnsureObjectLoaded():util/kaldi-table-inl.h:310) Failed to open file /wav/m1_317.wav
WARNING (compute-mfcc-feats[5.5.1023~1-d673]:EnsureObjectLoaded():util/kaldi-table-inl.h:310) Failed to open file /wav/m1_318.wav
WARNING (compute-mfcc-feats[5.5.1023~1-d673]:EnsureObjectLoaded():util/kaldi-table-inl.h:310) Failed to open file /wav/m1_320.wav
WARNING (compute-mfcc-feats[5.5.1023~1-d673]:EnsureObjectLoaded():util/kaldi-table-inl.h:310) Failed to open file /wav/m1_322.wav
WARNING (compute-mfcc-feats[5.5.1023~1-d673]:EnsureObjectLoaded():util/kaldi-table-inl.h:310) Failed to open file /wav/m1_323.wav
WARNING (compute-mfcc-feats[5.5.1023~1-d673]:EnsureObjectLoaded():util/kaldi-table-inl.h:310) Failed to open file /wav/m1_324.wav
WARNING (compute-mfcc-feats[5.5.1023~1-d673]:EnsureObjectLoaded():util/kaldi-table-inl.h:310) Failed to open file /wav/m1_325.wav
WARNING (compute-mfcc-feats[5.5.1023~1-d673]:EnsureObjectLoaded():util/kaldi-table-inl.h:310) Failed to open file /wav/m1_327.wav
WARNING (compute-mfcc-feats[5.5.1023~1-d673]:EnsureObjectLoaded():util/kaldi-table-inl.h:310) Failed to open file /wav/m1_328.wav
WARNING (compute-mfcc-feats[5.5.1023~1-d673]:EnsureObjectLoaded():util/kaldi-table-inl.h:310) Failed to open file /wav/m1_329.wav
WARNING (compute-mfcc-feats[5.5.1023~1-d673]:EnsureObjectLoaded():util/kaldi-table-inl.h:310) Failed to open file /wav/m1_330.wav
WARNING (compute-mfcc-feats[5.5.1023~1-d673]:EnsureObjectLoaded():util/kaldi-table-inl.h:310) Failed to open file /wav/m1_333.wav
WARNING (compute-mfcc-feats[5.5.1023~1-d673]:EnsureObjectLoaded():util/kaldi-table-inl.h:310) Failed to open file /wav/m1_334.wav
WARNING (compute-mfcc-feats[5.5.1023~1-d673]:EnsureObjectLoaded():util/kaldi-table-inl.h:310) Failed to open file /wav/m1_335.wav
WARNING (compute-mfcc-feats[5.5.1023~1-d673]:EnsureObjectLoaded():util/kaldi-table-inl.h:310) Failed to open file /wav/m1_337.wav
WARNING (compute-mfcc-feats[5.5.1023~1-d673]:EnsureObjectLoaded():util/kaldi-table-inl.h:310) Failed to open file /wav/m1_338.wav
WARNING (compute-mfcc-feats[5.5.1023~1-d673]:EnsureObjectLoaded():util/kaldi-table-inl.h:310) Failed to open file /wav/m1_339.wav
WARNING (compute-mfcc-feats[5.5.1023~1-d673]:EnsureObjectLoaded():util/kaldi-table-inl.h:310) Failed to open file /wav/m1_340.wav
WARNING (compute-mfcc-feats[5.5.1023~1-d673]:EnsureObjectLoaded():util/kaldi-table-inl.h:310) Failed to open file /wav/m1_342.wav
WARNING (compute-mfcc-feats[5.5.1023~1-d673]:EnsureObjectLoaded():util/kaldi-table-inl.h:310) Failed to open file /wav/m1_343.wav
WARNING (compute-mfcc-feats[5.5.1023~1-d673]:EnsureObjectLoaded():util/kaldi-table-inl.h:310) Failed to open file /wav/m1_345.wav
WARNING (compute-mfcc-feats[5.5.1023~1-d673]:EnsureObjectLoaded():util/kaldi-table-inl.h:310) Failed to open file /wav/m1_347.wav
WARNING (compute-mfcc-feats[5.5.1023~1-d673]:EnsureObjectLoaded():util/kaldi-table-inl.h:310) Failed to open file /wav/m1_348.wav
WARNING (compute-mfcc-feats[5.5.1023~1-d673]:EnsureObjectLoaded():util/kaldi-table-inl.h:310) Failed to open file /wav/m1_349.wav
WARNING (compute-mfcc-feats[5.5.1023~1-d673]:EnsureObjectLoaded():util/kaldi-table-inl.h:310) Failed to open file /wav/m1_350.wav
WARNING (compute-mfcc-feats[5.5.1023~1-d673]:EnsureObjectLoaded():util/kaldi-table-inl.h:310) Failed to open file /wav/m1_352.wav
WARNING (compute-mfcc-feats[5.5.1023~1-d673]:EnsureObjectLoaded():util/kaldi-table-inl.h:310) Failed to open file /wav/m1_353.wav
WARNING (compute-mfcc-feats[5.5.1023~1-d673]:EnsureObjectLoaded():util/kaldi-table-inl.h:310) Failed to open file /wav/m1_354.wav
WARNING (compute-mfcc-feats[5.5.1023~1-d673]:EnsureObjectLoaded():util/kaldi-table-inl.h:310) Failed to open file /wav/m1_355.wav
WARNING (compute-mfcc-feats[5.5.1023~1-d673]:EnsureObjectLoaded():util/kaldi-table-inl.h:310) Failed to open file /wav/m1_358.wav
WARNING (compute-mfcc-feats[5.5.1023~1-d673]:EnsureObjectLoaded():util/kaldi-table-inl.h:310) Failed to open file /wav/m1_359.wav
WARNING (compute-mfcc-feats[5.5.1023~1-d673]:EnsureObjectLoaded():util/kaldi-table-inl.h:310) Failed to open file /wav/m1_360.wav
WARNING (compute-mfcc-feats[5.5.1023~1-d673]:EnsureObjectLoaded():util/kaldi-table-inl.h:310) Failed to open file /wav/m1_362.wav
WARNING (compute-mfcc-feats[5.5.1023~1-d673]:EnsureObjectLoaded():util/kaldi-table-inl.h:310) Failed to open file /wav/m1_363.wav
WARNING (compute-mfcc-feats[5.5.1023~1-d673]:EnsureObjectLoaded():util/kaldi-table-inl.h:310) Failed to open file /wav/m1_364.wav
WARNING (compute-mfcc-feats[5.5.1023~1-d673]:EnsureObjectLoaded():util/kaldi-table-inl.h:310) Failed to open file /wav/m1_365.wav
WARNING (compute-mfcc-feats[5.5.1023~1-d673]:EnsureObjectLoaded():util/kaldi-table-inl.h:310) Failed to open file /wav/m1_367.wav
WARNING (compute-mfcc-feats[5.5.1023~1-d673]:EnsureObjectLoaded():util/kaldi-table-inl.h:310) Failed to open file /wav/m1_368.wav
WARNING (compute-mfcc-feats[5.5.1023~1-d673]:EnsureObjectLoaded():util/kaldi-table-inl.h:310) Failed to open file /wav/m1_370.wav
WARNING (compute-mfcc-feats[5.5.1023~1-d673]:EnsureObjectLoaded():util/kaldi-table-inl.h:310) Failed to open file /wav/m1_372.wav
WARNING (compute-mfcc-feats[5.5.1023~1-d673]:EnsureObjectLoaded():util/kaldi-table-inl.h:310) Failed to open file /wav/m1_373.wav
WARNING (compute-mfcc-feats[5.5.1023~1-d673]:EnsureObjectLoaded():util/kaldi-table-inl.h:310) Failed to open file /wav/m1_374.wav
WARNING (compute-mfcc-feats[5.5.1023~1-d673]:EnsureObjectLoaded():util/kaldi-table-inl.h:310) Failed to open file /wav/m1_375.wav
WARNING (compute-mfcc-feats[5.5.1023~1-d673]:EnsureObjectLoaded():util/kaldi-table-inl.h:310) Failed to open file /wav/m1_377.wav
WARNING (compute-mfcc-feats[5.5.1023~1-d673]:EnsureObjectLoaded():util/kaldi-table-inl.h:310) Failed to open file /wav/m1_378.wav
WARNING (compute-mfcc-feats[5.5.1023~1-d673]:EnsureObjectLoaded():util/kaldi-table-inl.h:310) Failed to open file /wav/m1_379.wav
WARNING (compute-mfcc-feats[5.5.1023~1-d673]:EnsureObjectLoaded():util/kaldi-table-inl.h:310) Failed to open file /wav/m1_380.wav
WARNING (compute-mfcc-feats[5.5.1023~1-d673]:EnsureObjectLoaded():util/kaldi-table-inl.h:310) Failed to open file /wav/m1_383.wav
WARNING (compute-mfcc-feats[5.5.1023~1-d673]:EnsureObjectLoaded():util/kaldi-table-inl.h:310) Failed to open file /wav/m1_384.wav
WARNING (compute-mfcc-feats[5.5.1023~1-d673]:EnsureObjectLoaded():util/kaldi-table-inl.h:310) Failed to open file /wav/m1_385.wav
WARNING (compute-mfcc-feats[5.5.1023~1-d673]:EnsureObjectLoaded():util/kaldi-table-inl.h:310) Failed to open file /wav/m1_387.wav
WARNING (compute-mfcc-feats[5.5.1023~1-d673]:EnsureObjectLoaded():util/kaldi-table-inl.h:310) Failed to open file /wav/m1_388.wav
WARNING (compute-mfcc-feats[5.5.1023~1-d673]:EnsureObjectLoaded():util/kaldi-table-inl.h:310) Failed to open file /wav/m1_389.wav
WARNING (compute-mfcc-feats[5.5.1023~1-d673]:EnsureObjectLoaded():util/kaldi-table-inl.h:310) Failed to open file /wav/m1_390.wav
WARNING (compute-mfcc-feats[5.5.1023~1-d673]:EnsureObjectLoaded():util/kaldi-table-inl.h:310) Failed to open file /wav/m1_392.wav
WARNING (compute-mfcc-feats[5.5.1023~1-d673]:EnsureObjectLoaded():util/kaldi-table-inl.h:310) Failed to open file /wav/m1_393.wav
WARNING (compute-mfcc-feats[5.5.1023~1-d673]:EnsureObjectLoaded():util/kaldi-table-inl.h:310) Failed to open file /wav/m1_395.wav
WARNING (compute-mfcc-feats[5.5.1023~1-d673]:EnsureObjectLoaded():util/kaldi-table-inl.h:310) Failed to open file /wav/m1_397.wav
WARNING (compute-mfcc-feats[5.5.1023~1-d673]:EnsureObjectLoaded():util/kaldi-table-inl.h:310) Failed to open file /wav/m1_398.wav
WARNING (compute-mfcc-feats[5.5.1023~1-d673]:EnsureObjectLoaded():util/kaldi-table-inl.h:310) Failed to open file /wav/m1_399.wav
WARNING (compute-mfcc-feats[5.5.1023~1-d673]:EnsureObjectLoaded():util/kaldi-table-inl.h:310) Failed to open file /wav/m1_400.wav
WARNING (compute-mfcc-feats[5.5.1023~1-d673]:EnsureObjectLoaded():util/kaldi-table-inl.h:310) Failed to open file /wav/m1_402.wav
WARNING (compute-mfcc-feats[5.5.1023~1-d673]:EnsureObjectLoaded():util/kaldi-table-inl.h:310) Failed to open file /wav/m1_403.wav
WARNING (compute-mfcc-feats[5.5.1023~1-d673]:EnsureObjectLoaded():util/kaldi-table-inl.h:310) Failed to open file /wav/m1_404.wav
WARNING (compute-mfcc-feats[5.5.1023~1-d673]:EnsureObjectLoaded():util/kaldi-table-inl.h:310) Failed to open file /wav/m1_405.wav
WARNING (compute-mfcc-feats[5.5.1023~1-d673]:EnsureObjectLoaded():util/kaldi-table-inl.h:310) Failed to open file /wav/m1_408.wav
WARNING (compute-mfcc-feats[5.5.1023~1-d673]:EnsureObjectLoaded():util/kaldi-table-inl.h:310) Failed to open file /wav/m1_409.wav
WARNING (compute-mfcc-feats[5.5.1023~1-d673]:EnsureObjectLoaded():util/kaldi-table-inl.h:310) Failed to open file /wav/m1_410.wav
WARNING (compute-mfcc-feats[5.5.1023~1-d673]:EnsureObjectLoaded():util/kaldi-table-inl.h:310) Failed to open file /wav/m1_412.wav
WARNING (compute-mfcc-feats[5.5.1023~1-d673]:EnsureObjectLoaded():util/kaldi-table-inl.h:310) Failed to open file /wav/m1_413.wav
WARNING (compute-mfcc-feats[5.5.1023~1-d673]:EnsureObjectLoaded():util/kaldi-table-inl.h:310) Failed to open file /wav/m1_414.wav
WARNING (compute-mfcc-feats[5.5.1023~1-d673]:EnsureObjectLoaded():util/kaldi-table-inl.h:310) Failed to open file /wav/m1_415.wav
WARNING (compute-mfcc-feats[5.5.1023~1-d673]:EnsureObjectLoaded():util/kaldi-table-inl.h:310) Failed to open file /wav/m1_417.wav
WARNING (compute-mfcc-feats[5.5.1023~1-d673]:EnsureObjectLoaded():util/kaldi-table-inl.h:310) Failed to open file /wav/m1_418.wav
WARNING (compute-mfcc-feats[5.5.1023~1-d673]:EnsureObjectLoaded():util/kaldi-table-inl.h:310) Failed to open file /wav/m1_420.wav
WARNING (compute-mfcc-feats[5.5.1023~1-d673]:EnsureObjectLoaded():util/kaldi-table-inl.h:310) Failed to open file /wav/m1_422.wav
WARNING (compute-mfcc-feats[5.5.1023~1-d673]:EnsureObjectLoaded():util/kaldi-table-inl.h:310) Failed to open file /wav/m1_423.wav
WARNING (compute-mfcc-feats[5.5.1023~1-d673]:EnsureObjectLoaded():util/kaldi-table-inl.h:310) Failed to open file /wav/m1_424.wav
WARNING (compute-mfcc-feats[5.5.1023~1-d673]:EnsureObjectLoaded():util/kaldi-table-inl.h:310) Failed to open file /wav/m1_425.wav
WARNING (compute-mfcc-feats[5.5.1023~1-d673]:EnsureObjectLoaded():util/kaldi-table-inl.h:310) Failed to open file /wav/m1_427.wav
WARNING (compute-mfcc-feats[5.5.1023~1-d673]:EnsureObjectLoaded():util/kaldi-table-inl.h:310) Failed to open file /wav/m1_428.wav
WARNING (compute-mfcc-feats[5.5.1023~1-d673]:EnsureObjectLoaded():util/kaldi-table-inl.h:310) Failed to open file /wav/m1_429.wav
WARNING (compute-mfcc-feats[5.5.1023~1-d673]:EnsureObjectLoaded():util/kaldi-table-inl.h:310) Failed to open file /wav/m1_430.wav
WARNING (compute-mfcc-feats[5.5.1023~1-d673]:EnsureObjectLoaded():util/kaldi-table-inl.h:310) Failed to open file /wav/m1_433.wav
WARNING (compute-mfcc-feats[5.5.1023~1-d673]:EnsureObjectLoaded():util/kaldi-table-inl.h:310) Failed to open file /wav/m1_434.wav
WARNING (compute-mfcc-feats[5.5.1023~1-d673]:EnsureObjectLoaded():util/kaldi-table-inl.h:310) Failed to open file /wav/m1_435.wav
WARNING (compute-mfcc-feats[5.5.1023~1-d673]:EnsureObjectLoaded():util/kaldi-table-inl.h:310) Failed to open file /wav/m1_437.wav
WARNING (compute-mfcc-feats[5.5.1023~1-d673]:EnsureObjectLoaded():util/kaldi-table-inl.h:310) Failed to open file /wav/m1_438.wav
WARNING (compute-mfcc-feats[5.5.1023~1-d673]:EnsureObjectLoaded():util/kaldi-table-inl.h:310) Failed to open file /wav/m1_439.wav
WARNING (compute-mfcc-feats[5.5.1023~1-d673]:EnsureObjectLoaded():util/kaldi-table-inl.h:310) Failed to open file /wav/m1_440.wav
WARNING (compute-mfcc-feats[5.5.1023~1-d673]:EnsureObjectLoaded():util/kaldi-table-inl.h:310) Failed to open file /wav/m1_442.wav
WARNING (compute-mfcc-feats[5.5.1023~1-d673]:EnsureObjectLoaded():util/kaldi-table-inl.h:310) Failed to open file /wav/m1_443.wav
WARNING (compute-mfcc-feats[5.5.1023~1-d673]:EnsureObjectLoaded():util/kaldi-table-inl.h:310) Failed to open file /wav/m1_445.wav
WARNING (compute-mfcc-feats[5.5.1023~1-d673]:EnsureObjectLoaded():util/kaldi-table-inl.h:310) Failed to open file /wav/m1_447.wav
WARNING (compute-mfcc-feats[5.5.1023~1-d673]:EnsureObjectLoaded():util/kaldi-table-inl.h:310) Failed to open file /wav/m1_448.wav
WARNING (compute-mfcc-feats[5.5.1023~1-d673]:EnsureObjectLoaded():util/kaldi-table-inl.h:310) Failed to open file /wav/m1_449.wav
WARNING (compute-mfcc-feats[5.5.1023~1-d673]:EnsureObjectLoaded():util/kaldi-table-inl.h:310) Failed to open file /wav/m1_450.wav
WARNING (compute-mfcc-feats[5.5.1023~1-d673]:EnsureObjectLoaded():util/kaldi-table-inl.h:310) Failed to open file /wav/m1_452.wav
WARNING (compute-mfcc-feats[5.5.1023~1-d673]:EnsureObjectLoaded():util/kaldi-table-inl.h:310) Failed to open file /wav/m1_453.wav
WARNING (compute-mfcc-feats[5.5.1023~1-d673]:EnsureObjectLoaded():util/kaldi-table-inl.h:310) Failed to open file /wav/m1_454.wav
WARNING (compute-mfcc-feats[5.5.1023~1-d673]:EnsureObjectLoaded():util/kaldi-table-inl.h:310) Failed to open file /wav/m1_455.wav
WARNING (compute-mfcc-feats[5.5.1023~1-d673]:EnsureObjectLoaded():util/kaldi-table-inl.h:310) Failed to open file /wav/m1_458.wav
WARNING (compute-mfcc-feats[5.5.1023~1-d673]:EnsureObjectLoaded():util/kaldi-table-inl.h:310) Failed to open file /wav/m1_459.wav
WARNING (compute-mfcc-feats[5.5.1023~1-d673]:EnsureObjectLoaded():util/kaldi-table-inl.h:310) Failed to open file /wav/m1_460.wav
WARNING (compute-mfcc-feats[5.5.1023~1-d673]:EnsureObjectLoaded():util/kaldi-table-inl.h:310) Failed to open file /wav/m3_003.wav
LOG (compute-mfcc-feats[5.5.1023~1-d673]:main():compute-mfcc-feats.cc:185)  Done 0 out of 0 utterances.
LOG (copy-feats[5.5.1023~1-d673]:main():copy-feats.cc:143) Copied 0 feature matrices.
# Accounting: time=0 threads=1
# Ended (code 1) at Sat May 14 17:21:31 EEST 2022, elapsed time 0 seconds
