# compute-mfcc-feats --write-utt2dur=ark,t:data/train//log/utt2dur.4 --verbose=2 --config=conf/mfcc.conf scp,p:data/train//log/wav_train.4.scp ark:- | copy-feats --write-num-frames=ark,t:data/train//log/utt2num_frames.4 --compress=true ark:- ark,scp:/home/thodoris/Documents/lab2/usc/data/train//data/raw_mfcc_train.4.ark,/home/thodoris/Documents/lab2/usc/data/train//data/raw_mfcc_train.4.scp 
# Started at Sat May 14 17:21:31 EEST 2022
#
copy-feats --write-num-frames=ark,t:data/train//log/utt2num_frames.4 --compress=true ark:- ark,scp:/home/thodoris/Documents/lab2/usc/data/train//data/raw_mfcc_train.4.ark,/home/thodoris/Documents/lab2/usc/data/train//data/raw_mfcc_train.4.scp 
compute-mfcc-feats --write-utt2dur=ark,t:data/train//log/utt2dur.4 --verbose=2 --config=conf/mfcc.conf scp,p:data/train//log/wav_train.4.scp ark:- 
WARNING (compute-mfcc-feats[5.5.1023~1-d673]:EnsureObjectLoaded():util/kaldi-table-inl.h:310) Failed to open file /wav/m3_004.wav
WARNING (compute-mfcc-feats[5.5.1023~1-d673]:EnsureObjectLoaded():util/kaldi-table-inl.h:310) Failed to open file /wav/m3_005.wav
WARNING (compute-mfcc-feats[5.5.1023~1-d673]:EnsureObjectLoaded():util/kaldi-table-inl.h:310) Failed to open file /wav/m3_007.wav
WARNING (compute-mfcc-feats[5.5.1023~1-d673]:EnsureObjectLoaded():util/kaldi-table-inl.h:310) Failed to open file /wav/m3_008.wav
WARNING (compute-mfcc-feats[5.5.1023~1-d673]:EnsureObjectLoaded():util/kaldi-table-inl.h:310) Failed to open file /wav/m3_009.wav
WARNING (compute-mfcc-feats[5.5.1023~1-d673]:EnsureObjectLoaded():util/kaldi-table-inl.h:310) Failed to open file /wav/m3_010.wav
WARNING (compute-mfcc-feats[5.5.1023~1-d673]:EnsureObjectLoaded():util/kaldi-table-inl.h:310) Failed to open file /wav/m3_012.wav
WARNING (compute-mfcc-feats[5.5.1023~1-d673]:EnsureObjectLoaded():util/kaldi-table-inl.h:310) Failed to open file /wav/m3_013.wav
WARNING (compute-mfcc-feats[5.5.1023~1-d673]:EnsureObjectLoaded():util/kaldi-table-inl.h:310) Failed to open file /wav/m3_015.wav
WARNING (compute-mfcc-feats[5.5.1023~1-d673]:EnsureObjectLoaded():util/kaldi-table-inl.h:310) Failed to open file /wav/m3_017.wav
WARNING (compute-mfcc-feats[5.5.1023~1-d673]:EnsureObjectLoaded():util/kaldi-table-inl.h:310) Failed to open file /wav/m3_018.wav
WARNING (compute-mfcc-feats[5.5.1023~1-d673]:EnsureObjectLoaded():util/kaldi-table-inl.h:310) Failed to open file /wav/m3_019.wav
WARNING (compute-mfcc-feats[5.5.1023~1-d673]:EnsureObjectLoaded():util/kaldi-table-inl.h:310) Failed to open file /wav/m3_020.wav
WARNING (compute-mfcc-feats[5.5.1023~1-d673]:EnsureObjectLoaded():util/kaldi-table-inl.h:310) Failed to open file /wav/m3_022.wav
WARNING (compute-mfcc-feats[5.5.1023~1-d673]:EnsureObjectLoaded():util/kaldi-table-inl.h:310) Failed to open file /wav/m3_023.wav
WARNING (compute-mfcc-feats[5.5.1023~1-d673]:EnsureObjectLoaded():util/kaldi-table-inl.h:310) Failed to open file /wav/m3_024.wav
WARNING (compute-mfcc-feats[5.5.1023~1-d673]:EnsureObjectLoaded():util/kaldi-table-inl.h:310) Failed to open file /wav/m3_025.wav
WARNING (compute-mfcc-feats[5.5.1023~1-d673]:EnsureObjectLoaded():util/kaldi-table-inl.h:310) Failed to open file /wav/m3_028.wav
WARNING (compute-mfcc-feats[5.5.1023~1-d673]:EnsureObjectLoaded():util/kaldi-table-inl.h:310) Failed to open file /wav/m3_029.wav
WARNING (compute-mfcc-feats[5.5.1023~1-d673]:EnsureObjectLoaded():util/kaldi-table-inl.h:310) Failed to open file /wav/m3_030.wav
WARNING (compute-mfcc-feats[5.5.1023~1-d673]:EnsureObjectLoaded():util/kaldi-table-inl.h:310) Failed to open file /wav/m3_032.wav
WARNING (compute-mfcc-feats[5.5.1023~1-d673]:EnsureObjectLoaded():util/kaldi-table-inl.h:310) Failed to open file /wav/m3_033.wav
WARNING (compute-mfcc-feats[5.5.1023~1-d673]:EnsureObjectLoaded():util/kaldi-table-inl.h:310) Failed to open file /wav/m3_034.wav
WARNING (compute-mfcc-feats[5.5.1023~1-d673]:EnsureObjectLoaded():util/kaldi-table-inl.h:310) Failed to open file /wav/m3_035.wav
WARNING (compute-mfcc-feats[5.5.1023~1-d673]:EnsureObjectLoaded():util/kaldi-table-inl.h:310) Failed to open file /wav/m3_037.wav
WARNING (compute-mfcc-feats[5.5.1023~1-d673]:EnsureObjectLoaded():util/kaldi-table-inl.h:310) Failed to open file /wav/m3_038.wav
WARNING (compute-mfcc-feats[5.5.1023~1-d673]:EnsureObjectLoaded():util/kaldi-table-inl.h:310) Failed to open file /wav/m3_040.wav
WARNING (compute-mfcc-feats[5.5.1023~1-d673]:EnsureObjectLoaded():util/kaldi-table-inl.h:310) Failed to open file /wav/m3_042.wav
WARNING (compute-mfcc-feats[5.5.1023~1-d673]:EnsureObjectLoaded():util/kaldi-table-inl.h:310) Failed to open file /wav/m3_043.wav
WARNING (compute-mfcc-feats[5.5.1023~1-d673]:EnsureObjectLoaded():util/kaldi-table-inl.h:310) Failed to open file /wav/m3_044.wav
WARNING (compute-mfcc-feats[5.5.1023~1-d673]:EnsureObjectLoaded():util/kaldi-table-inl.h:310) Failed to open file /wav/m3_045.wav
WARNING (compute-mfcc-feats[5.5.1023~1-d673]:EnsureObjectLoaded():util/kaldi-table-inl.h:310) Failed to open file /wav/m3_047.wav
WARNING (compute-mfcc-feats[5.5.1023~1-d673]:EnsureObjectLoaded():util/kaldi-table-inl.h:310) Failed to open file /wav/m3_048.wav
WARNING (compute-mfcc-feats[5.5.1023~1-d673]:EnsureObjectLoaded():util/kaldi-table-inl.h:310) Failed to open file /wav/m3_049.wav
WARNING (compute-mfcc-feats[5.5.1023~1-d673]:EnsureObjectLoaded():util/kaldi-table-inl.h:310) Failed to open file /wav/m3_050.wav
WARNING (compute-mfcc-feats[5.5.1023~1-d673]:EnsureObjectLoaded():util/kaldi-table-inl.h:310) Failed to open file /wav/m3_053.wav
WARNING (compute-mfcc-feats[5.5.1023~1-d673]:EnsureObjectLoaded():util/kaldi-table-inl.h:310) Failed to open file /wav/m3_054.wav
WARNING (compute-mfcc-feats[5.5.1023~1-d673]:EnsureObjectLoaded():util/kaldi-table-inl.h:310) Failed to open file /wav/m3_055.wav
WARNING (compute-mfcc-feats[5.5.1023~1-d673]:EnsureObjectLoaded():util/kaldi-table-inl.h:310) Failed to open file /wav/m3_057.wav
WARNING (compute-mfcc-feats[5.5.1023~1-d673]:EnsureObjectLoaded():util/kaldi-table-inl.h:310) Failed to open file /wav/m3_058.wav
WARNING (compute-mfcc-feats[5.5.1023~1-d673]:EnsureObjectLoaded():util/kaldi-table-inl.h:310) Failed to open file /wav/m3_059.wav
WARNING (compute-mfcc-feats[5.5.1023~1-d673]:EnsureObjectLoaded():util/kaldi-table-inl.h:310) Failed to open file /wav/m3_060.wav
WARNING (compute-mfcc-feats[5.5.1023~1-d673]:EnsureObjectLoaded():util/kaldi-table-inl.h:310) Failed to open file /wav/m3_062.wav
WARNING (compute-mfcc-feats[5.5.1023~1-d673]:EnsureObjectLoaded():util/kaldi-table-inl.h:310) Failed to open file /wav/m3_063.wav
WARNING (compute-mfcc-feats[5.5.1023~1-d673]:EnsureObjectLoaded():util/kaldi-table-inl.h:310) Failed to open file /wav/m3_065.wav
WARNING (compute-mfcc-feats[5.5.1023~1-d673]:EnsureObjectLoaded():util/kaldi-table-inl.h:310) Failed to open file /wav/m3_067.wav
WARNING (compute-mfcc-feats[5.5.1023~1-d673]:EnsureObjectLoaded():util/kaldi-table-inl.h:310) Failed to open file /wav/m3_068.wav
WARNING (compute-mfcc-feats[5.5.1023~1-d673]:EnsureObjectLoaded():util/kaldi-table-inl.h:310) Failed to open file /wav/m3_069.wav
WARNING (compute-mfcc-feats[5.5.1023~1-d673]:EnsureObjectLoaded():util/kaldi-table-inl.h:310) Failed to open file /wav/m3_070.wav
WARNING (compute-mfcc-feats[5.5.1023~1-d673]:EnsureObjectLoaded():util/kaldi-table-inl.h:310) Failed to open file /wav/m3_072.wav
WARNING (compute-mfcc-feats[5.5.1023~1-d673]:EnsureObjectLoaded():util/kaldi-table-inl.h:310) Failed to open file /wav/m3_073.wav
WARNING (compute-mfcc-feats[5.5.1023~1-d673]:EnsureObjectLoaded():util/kaldi-table-inl.h:310) Failed to open file /wav/m3_074.wav
WARNING (compute-mfcc-feats[5.5.1023~1-d673]:EnsureObjectLoaded():util/kaldi-table-inl.h:310) Failed to open file /wav/m3_075.wav
WARNING (compute-mfcc-feats[5.5.1023~1-d673]:EnsureObjectLoaded():util/kaldi-table-inl.h:310) Failed to open file /wav/m3_078.wav
WARNING (compute-mfcc-feats[5.5.1023~1-d673]:EnsureObjectLoaded():util/kaldi-table-inl.h:310) Failed to open file /wav/m3_079.wav
WARNING (compute-mfcc-feats[5.5.1023~1-d673]:EnsureObjectLoaded():util/kaldi-table-inl.h:310) Failed to open file /wav/m3_080.wav
WARNING (compute-mfcc-feats[5.5.1023~1-d673]:EnsureObjectLoaded():util/kaldi-table-inl.h:310) Failed to open file /wav/m3_082.wav
WARNING (compute-mfcc-feats[5.5.1023~1-d673]:EnsureObjectLoaded():util/kaldi-table-inl.h:310) Failed to open file /wav/m3_083.wav
WARNING (compute-mfcc-feats[5.5.1023~1-d673]:EnsureObjectLoaded():util/kaldi-table-inl.h:310) Failed to open file /wav/m3_084.wav
WARNING (compute-mfcc-feats[5.5.1023~1-d673]:EnsureObjectLoaded():util/kaldi-table-inl.h:310) Failed to open file /wav/m3_085.wav
WARNING (compute-mfcc-feats[5.5.1023~1-d673]:EnsureObjectLoaded():util/kaldi-table-inl.h:310) Failed to open file /wav/m3_087.wav
WARNING (compute-mfcc-feats[5.5.1023~1-d673]:EnsureObjectLoaded():util/kaldi-table-inl.h:310) Failed to open file /wav/m3_088.wav
WARNING (compute-mfcc-feats[5.5.1023~1-d673]:EnsureObjectLoaded():util/kaldi-table-inl.h:310) Failed to open file /wav/m3_090.wav
WARNING (compute-mfcc-feats[5.5.1023~1-d673]:EnsureObjectLoaded():util/kaldi-table-inl.h:310) Failed to open file /wav/m3_092.wav
WARNING (compute-mfcc-feats[5.5.1023~1-d673]:EnsureObjectLoaded():util/kaldi-table-inl.h:310) Failed to open file /wav/m3_093.wav
WARNING (compute-mfcc-feats[5.5.1023~1-d673]:EnsureObjectLoaded():util/kaldi-table-inl.h:310) Failed to open file /wav/m3_094.wav
WARNING (compute-mfcc-feats[5.5.1023~1-d673]:EnsureObjectLoaded():util/kaldi-table-inl.h:310) Failed to open file /wav/m3_095.wav
WARNING (compute-mfcc-feats[5.5.1023~1-d673]:EnsureObjectLoaded():util/kaldi-table-inl.h:310) Failed to open file /wav/m3_097.wav
WARNING (compute-mfcc-feats[5.5.1023~1-d673]:EnsureObjectLoaded():util/kaldi-table-inl.h:310) Failed to open file /wav/m3_098.wav
WARNING (compute-mfcc-feats[5.5.1023~1-d673]:EnsureObjectLoaded():util/kaldi-table-inl.h:310) Failed to open file /wav/m3_099.wav
WARNING (compute-mfcc-feats[5.5.1023~1-d673]:EnsureObjectLoaded():util/kaldi-table-inl.h:310) Failed to open file /wav/m3_100.wav
WARNING (compute-mfcc-feats[5.5.1023~1-d673]:EnsureObjectLoaded():util/kaldi-table-inl.h:310) Failed to open file /wav/m3_103.wav
WARNING (compute-mfcc-feats[5.5.1023~1-d673]:EnsureObjectLoaded():util/kaldi-table-inl.h:310) Failed to open file /wav/m3_104.wav
WARNING (compute-mfcc-feats[5.5.1023~1-d673]:EnsureObjectLoaded():util/kaldi-table-inl.h:310) Failed to open file /wav/m3_105.wav
WARNING (compute-mfcc-feats[5.5.1023~1-d673]:EnsureObjectLoaded():util/kaldi-table-inl.h:310) Failed to open file /wav/m3_107.wav
WARNING (compute-mfcc-feats[5.5.1023~1-d673]:EnsureObjectLoaded():util/kaldi-table-inl.h:310) Failed to open file /wav/m3_108.wav
WARNING (compute-mfcc-feats[5.5.1023~1-d673]:EnsureObjectLoaded():util/kaldi-table-inl.h:310) Failed to open file /wav/m3_109.wav
WARNING (compute-mfcc-feats[5.5.1023~1-d673]:EnsureObjectLoaded():util/kaldi-table-inl.h:310) Failed to open file /wav/m3_110.wav
WARNING (compute-mfcc-feats[5.5.1023~1-d673]:EnsureObjectLoaded():util/kaldi-table-inl.h:310) Failed to open file /wav/m3_112.wav
WARNING (compute-mfcc-feats[5.5.1023~1-d673]:EnsureObjectLoaded():util/kaldi-table-inl.h:310) Failed to open file /wav/m3_113.wav
WARNING (compute-mfcc-feats[5.5.1023~1-d673]:EnsureObjectLoaded():util/kaldi-table-inl.h:310) Failed to open file /wav/m3_115.wav
WARNING (compute-mfcc-feats[5.5.1023~1-d673]:EnsureObjectLoaded():util/kaldi-table-inl.h:310) Failed to open file /wav/m3_117.wav
WARNING (compute-mfcc-feats[5.5.1023~1-d673]:EnsureObjectLoaded():util/kaldi-table-inl.h:310) Failed to open file /wav/m3_118.wav
WARNING (compute-mfcc-feats[5.5.1023~1-d673]:EnsureObjectLoaded():util/kaldi-table-inl.h:310) Failed to open file /wav/m3_119.wav
WARNING (compute-mfcc-feats[5.5.1023~1-d673]:EnsureObjectLoaded():util/kaldi-table-inl.h:310) Failed to open file /wav/m3_120.wav
WARNING (compute-mfcc-feats[5.5.1023~1-d673]:EnsureObjectLoaded():util/kaldi-table-inl.h:310) Failed to open file /wav/m3_122.wav
WARNING (compute-mfcc-feats[5.5.1023~1-d673]:EnsureObjectLoaded():util/kaldi-table-inl.h:310) Failed to open file /wav/m3_123.wav
WARNING (compute-mfcc-feats[5.5.1023~1-d673]:EnsureObjectLoaded():util/kaldi-table-inl.h:310) Failed to open file /wav/m3_124.wav
WARNING (compute-mfcc-feats[5.5.1023~1-d673]:EnsureObjectLoaded():util/kaldi-table-inl.h:310) Failed to open file /wav/m3_125.wav
WARNING (compute-mfcc-feats[5.5.1023~1-d673]:EnsureObjectLoaded():util/kaldi-table-inl.h:310) Failed to open file /wav/m3_128.wav
WARNING (compute-mfcc-feats[5.5.1023~1-d673]:EnsureObjectLoaded():util/kaldi-table-inl.h:310) Failed to open file /wav/m3_129.wav
WARNING (compute-mfcc-feats[5.5.1023~1-d673]:EnsureObjectLoaded():util/kaldi-table-inl.h:310) Failed to open file /wav/m3_130.wav
WARNING (compute-mfcc-feats[5.5.1023~1-d673]:EnsureObjectLoaded():util/kaldi-table-inl.h:310) Failed to open file /wav/m3_132.wav
WARNING (compute-mfcc-feats[5.5.1023~1-d673]:EnsureObjectLoaded():util/kaldi-table-inl.h:310) Failed to open file /wav/m3_133.wav
WARNING (compute-mfcc-feats[5.5.1023~1-d673]:EnsureObjectLoaded():util/kaldi-table-inl.h:310) Failed to open file /wav/m3_134.wav
WARNING (compute-mfcc-feats[5.5.1023~1-d673]:EnsureObjectLoaded():util/kaldi-table-inl.h:310) Failed to open file /wav/m3_135.wav
WARNING (compute-mfcc-feats[5.5.1023~1-d673]:EnsureObjectLoaded():util/kaldi-table-inl.h:310) Failed to open file /wav/m3_137.wav
WARNING (compute-mfcc-feats[5.5.1023~1-d673]:EnsureObjectLoaded():util/kaldi-table-inl.h:310) Failed to open file /wav/m3_138.wav
WARNING (compute-mfcc-feats[5.5.1023~1-d673]:EnsureObjectLoaded():util/kaldi-table-inl.h:310) Failed to open file /wav/m3_140.wav
WARNING (compute-mfcc-feats[5.5.1023~1-d673]:EnsureObjectLoaded():util/kaldi-table-inl.h:310) Failed to open file /wav/m3_142.wav
WARNING (compute-mfcc-feats[5.5.1023~1-d673]:EnsureObjectLoaded():util/kaldi-table-inl.h:310) Failed to open file /wav/m3_143.wav
WARNING (compute-mfcc-feats[5.5.1023~1-d673]:EnsureObjectLoaded():util/kaldi-table-inl.h:310) Failed to open file /wav/m3_144.wav
WARNING (compute-mfcc-feats[5.5.1023~1-d673]:EnsureObjectLoaded():util/kaldi-table-inl.h:310) Failed to open file /wav/m3_145.wav
WARNING (compute-mfcc-feats[5.5.1023~1-d673]:EnsureObjectLoaded():util/kaldi-table-inl.h:310) Failed to open file /wav/m3_147.wav
WARNING (compute-mfcc-feats[5.5.1023~1-d673]:EnsureObjectLoaded():util/kaldi-table-inl.h:310) Failed to open file /wav/m3_148.wav
WARNING (compute-mfcc-feats[5.5.1023~1-d673]:EnsureObjectLoaded():util/kaldi-table-inl.h:310) Failed to open file /wav/m3_149.wav
WARNING (compute-mfcc-feats[5.5.1023~1-d673]:EnsureObjectLoaded():util/kaldi-table-inl.h:310) Failed to open file /wav/m3_150.wav
WARNING (compute-mfcc-feats[5.5.1023~1-d673]:EnsureObjectLoaded():util/kaldi-table-inl.h:310) Failed to open file /wav/m3_153.wav
WARNING (compute-mfcc-feats[5.5.1023~1-d673]:EnsureObjectLoaded():util/kaldi-table-inl.h:310) Failed to open file /wav/m3_154.wav
WARNING (compute-mfcc-feats[5.5.1023~1-d673]:EnsureObjectLoaded():util/kaldi-table-inl.h:310) Failed to open file /wav/m3_155.wav
WARNING (compute-mfcc-feats[5.5.1023~1-d673]:EnsureObjectLoaded():util/kaldi-table-inl.h:310) Failed to open file /wav/m3_157.wav
WARNING (compute-mfcc-feats[5.5.1023~1-d673]:EnsureObjectLoaded():util/kaldi-table-inl.h:310) Failed to open file /wav/m3_158.wav
WARNING (compute-mfcc-feats[5.5.1023~1-d673]:EnsureObjectLoaded():util/kaldi-table-inl.h:310) Failed to open file /wav/m3_159.wav
WARNING (compute-mfcc-feats[5.5.1023~1-d673]:EnsureObjectLoaded():util/kaldi-table-inl.h:310) Failed to open file /wav/m3_160.wav
WARNING (compute-mfcc-feats[5.5.1023~1-d673]:EnsureObjectLoaded():util/kaldi-table-inl.h:310) Failed to open file /wav/m3_162.wav
WARNING (compute-mfcc-feats[5.5.1023~1-d673]:EnsureObjectLoaded():util/kaldi-table-inl.h:310) Failed to open file /wav/m3_163.wav
WARNING (compute-mfcc-feats[5.5.1023~1-d673]:EnsureObjectLoaded():util/kaldi-table-inl.h:310) Failed to open file /wav/m3_165.wav
WARNING (compute-mfcc-feats[5.5.1023~1-d673]:EnsureObjectLoaded():util/kaldi-table-inl.h:310) Failed to open file /wav/m3_167.wav
WARNING (compute-mfcc-feats[5.5.1023~1-d673]:EnsureObjectLoaded():util/kaldi-table-inl.h:310) Failed to open file /wav/m3_168.wav
WARNING (compute-mfcc-feats[5.5.1023~1-d673]:EnsureObjectLoaded():util/kaldi-table-inl.h:310) Failed to open file /wav/m3_169.wav
WARNING (compute-mfcc-feats[5.5.1023~1-d673]:EnsureObjectLoaded():util/kaldi-table-inl.h:310) Failed to open file /wav/m3_170.wav
WARNING (compute-mfcc-feats[5.5.1023~1-d673]:EnsureObjectLoaded():util/kaldi-table-inl.h:310) Failed to open file /wav/m3_172.wav
WARNING (compute-mfcc-feats[5.5.1023~1-d673]:EnsureObjectLoaded():util/kaldi-table-inl.h:310) Failed to open file /wav/m3_173.wav
WARNING (compute-mfcc-feats[5.5.1023~1-d673]:EnsureObjectLoaded():util/kaldi-table-inl.h:310) Failed to open file /wav/m3_174.wav
WARNING (compute-mfcc-feats[5.5.1023~1-d673]:EnsureObjectLoaded():util/kaldi-table-inl.h:310) Failed to open file /wav/m3_175.wav
WARNING (compute-mfcc-feats[5.5.1023~1-d673]:EnsureObjectLoaded():util/kaldi-table-inl.h:310) Failed to open file /wav/m3_178.wav
WARNING (compute-mfcc-feats[5.5.1023~1-d673]:EnsureObjectLoaded():util/kaldi-table-inl.h:310) Failed to open file /wav/m3_179.wav
WARNING (compute-mfcc-feats[5.5.1023~1-d673]:EnsureObjectLoaded():util/kaldi-table-inl.h:310) Failed to open file /wav/m3_180.wav
WARNING (compute-mfcc-feats[5.5.1023~1-d673]:EnsureObjectLoaded():util/kaldi-table-inl.h:310) Failed to open file /wav/m3_182.wav
WARNING (compute-mfcc-feats[5.5.1023~1-d673]:EnsureObjectLoaded():util/kaldi-table-inl.h:310) Failed to open file /wav/m3_183.wav
WARNING (compute-mfcc-feats[5.5.1023~1-d673]:EnsureObjectLoaded():util/kaldi-table-inl.h:310) Failed to open file /wav/m3_184.wav
WARNING (compute-mfcc-feats[5.5.1023~1-d673]:EnsureObjectLoaded():util/kaldi-table-inl.h:310) Failed to open file /wav/m3_185.wav
WARNING (compute-mfcc-feats[5.5.1023~1-d673]:EnsureObjectLoaded():util/kaldi-table-inl.h:310) Failed to open file /wav/m3_187.wav
WARNING (compute-mfcc-feats[5.5.1023~1-d673]:EnsureObjectLoaded():util/kaldi-table-inl.h:310) Failed to open file /wav/m3_188.wav
WARNING (compute-mfcc-feats[5.5.1023~1-d673]:EnsureObjectLoaded():util/kaldi-table-inl.h:310) Failed to open file /wav/m3_190.wav
WARNING (compute-mfcc-feats[5.5.1023~1-d673]:EnsureObjectLoaded():util/kaldi-table-inl.h:310) Failed to open file /wav/m3_192.wav
WARNING (compute-mfcc-feats[5.5.1023~1-d673]:EnsureObjectLoaded():util/kaldi-table-inl.h:310) Failed to open file /wav/m3_193.wav
WARNING (compute-mfcc-feats[5.5.1023~1-d673]:EnsureObjectLoaded():util/kaldi-table-inl.h:310) Failed to open file /wav/m3_194.wav
WARNING (compute-mfcc-feats[5.5.1023~1-d673]:EnsureObjectLoaded():util/kaldi-table-inl.h:310) Failed to open file /wav/m3_195.wav
WARNING (compute-mfcc-feats[5.5.1023~1-d673]:EnsureObjectLoaded():util/kaldi-table-inl.h:310) Failed to open file /wav/m3_197.wav
WARNING (compute-mfcc-feats[5.5.1023~1-d673]:EnsureObjectLoaded():util/kaldi-table-inl.h:310) Failed to open file /wav/m3_198.wav
WARNING (compute-mfcc-feats[5.5.1023~1-d673]:EnsureObjectLoaded():util/kaldi-table-inl.h:310) Failed to open file /wav/m3_199.wav
WARNING (compute-mfcc-feats[5.5.1023~1-d673]:EnsureObjectLoaded():util/kaldi-table-inl.h:310) Failed to open file /wav/m3_200.wav
WARNING (compute-mfcc-feats[5.5.1023~1-d673]:EnsureObjectLoaded():util/kaldi-table-inl.h:310) Failed to open file /wav/m3_203.wav
WARNING (compute-mfcc-feats[5.5.1023~1-d673]:EnsureObjectLoaded():util/kaldi-table-inl.h:310) Failed to open file /wav/m3_204.wav
WARNING (compute-mfcc-feats[5.5.1023~1-d673]:EnsureObjectLoaded():util/kaldi-table-inl.h:310) Failed to open file /wav/m3_205.wav
WARNING (compute-mfcc-feats[5.5.1023~1-d673]:EnsureObjectLoaded():util/kaldi-table-inl.h:310) Failed to open file /wav/m3_207.wav
WARNING (compute-mfcc-feats[5.5.1023~1-d673]:EnsureObjectLoaded():util/kaldi-table-inl.h:310) Failed to open file /wav/m3_208.wav
WARNING (compute-mfcc-feats[5.5.1023~1-d673]:EnsureObjectLoaded():util/kaldi-table-inl.h:310) Failed to open file /wav/m3_209.wav
WARNING (compute-mfcc-feats[5.5.1023~1-d673]:EnsureObjectLoaded():util/kaldi-table-inl.h:310) Failed to open file /wav/m3_210.wav
WARNING (compute-mfcc-feats[5.5.1023~1-d673]:EnsureObjectLoaded():util/kaldi-table-inl.h:310) Failed to open file /wav/m3_212.wav
WARNING (compute-mfcc-feats[5.5.1023~1-d673]:EnsureObjectLoaded():util/kaldi-table-inl.h:310) Failed to open file /wav/m3_213.wav
WARNING (compute-mfcc-feats[5.5.1023~1-d673]:EnsureObjectLoaded():util/kaldi-table-inl.h:310) Failed to open file /wav/m3_215.wav
WARNING (compute-mfcc-feats[5.5.1023~1-d673]:EnsureObjectLoaded():util/kaldi-table-inl.h:310) Failed to open file /wav/m3_217.wav
WARNING (compute-mfcc-feats[5.5.1023~1-d673]:EnsureObjectLoaded():util/kaldi-table-inl.h:310) Failed to open file /wav/m3_218.wav
WARNING (compute-mfcc-feats[5.5.1023~1-d673]:EnsureObjectLoaded():util/kaldi-table-inl.h:310) Failed to open file /wav/m3_219.wav
WARNING (compute-mfcc-feats[5.5.1023~1-d673]:EnsureObjectLoaded():util/kaldi-table-inl.h:310) Failed to open file /wav/m3_220.wav
WARNING (compute-mfcc-feats[5.5.1023~1-d673]:EnsureObjectLoaded():util/kaldi-table-inl.h:310) Failed to open file /wav/m3_222.wav
WARNING (compute-mfcc-feats[5.5.1023~1-d673]:EnsureObjectLoaded():util/kaldi-table-inl.h:310) Failed to open file /wav/m3_223.wav
WARNING (compute-mfcc-feats[5.5.1023~1-d673]:EnsureObjectLoaded():util/kaldi-table-inl.h:310) Failed to open file /wav/m3_224.wav
WARNING (compute-mfcc-feats[5.5.1023~1-d673]:EnsureObjectLoaded():util/kaldi-table-inl.h:310) Failed to open file /wav/m3_225.wav
WARNING (compute-mfcc-feats[5.5.1023~1-d673]:EnsureObjectLoaded():util/kaldi-table-inl.h:310) Failed to open file /wav/m3_228.wav
WARNING (compute-mfcc-feats[5.5.1023~1-d673]:EnsureObjectLoaded():util/kaldi-table-inl.h:310) Failed to open file /wav/m3_229.wav
WARNING (compute-mfcc-feats[5.5.1023~1-d673]:EnsureObjectLoaded():util/kaldi-table-inl.h:310) Failed to open file /wav/m3_230.wav
WARNING (compute-mfcc-feats[5.5.1023~1-d673]:EnsureObjectLoaded():util/kaldi-table-inl.h:310) Failed to open file /wav/m3_232.wav
WARNING (compute-mfcc-feats[5.5.1023~1-d673]:EnsureObjectLoaded():util/kaldi-table-inl.h:310) Failed to open file /wav/m3_233.wav
WARNING (compute-mfcc-feats[5.5.1023~1-d673]:EnsureObjectLoaded():util/kaldi-table-inl.h:310) Failed to open file /wav/m3_234.wav
WARNING (compute-mfcc-feats[5.5.1023~1-d673]:EnsureObjectLoaded():util/kaldi-table-inl.h:310) Failed to open file /wav/m3_235.wav
WARNING (compute-mfcc-feats[5.5.1023~1-d673]:EnsureObjectLoaded():util/kaldi-table-inl.h:310) Failed to open file /wav/m3_237.wav
WARNING (compute-mfcc-feats[5.5.1023~1-d673]:EnsureObjectLoaded():util/kaldi-table-inl.h:310) Failed to open file /wav/m3_238.wav
WARNING (compute-mfcc-feats[5.5.1023~1-d673]:EnsureObjectLoaded():util/kaldi-table-inl.h:310) Failed to open file /wav/m3_240.wav
WARNING (compute-mfcc-feats[5.5.1023~1-d673]:EnsureObjectLoaded():util/kaldi-table-inl.h:310) Failed to open file /wav/m3_242.wav
WARNING (compute-mfcc-feats[5.5.1023~1-d673]:EnsureObjectLoaded():util/kaldi-table-inl.h:310) Failed to open file /wav/m3_243.wav
WARNING (compute-mfcc-feats[5.5.1023~1-d673]:EnsureObjectLoaded():util/kaldi-table-inl.h:310) Failed to open file /wav/m3_244.wav
WARNING (compute-mfcc-feats[5.5.1023~1-d673]:EnsureObjectLoaded():util/kaldi-table-inl.h:310) Failed to open file /wav/m3_245.wav
WARNING (compute-mfcc-feats[5.5.1023~1-d673]:EnsureObjectLoaded():util/kaldi-table-inl.h:310) Failed to open file /wav/m3_247.wav
WARNING (compute-mfcc-feats[5.5.1023~1-d673]:EnsureObjectLoaded():util/kaldi-table-inl.h:310) Failed to open file /wav/m3_248.wav
WARNING (compute-mfcc-feats[5.5.1023~1-d673]:EnsureObjectLoaded():util/kaldi-table-inl.h:310) Failed to open file /wav/m3_249.wav
WARNING (compute-mfcc-feats[5.5.1023~1-d673]:EnsureObjectLoaded():util/kaldi-table-inl.h:310) Failed to open file /wav/m3_250.wav
WARNING (compute-mfcc-feats[5.5.1023~1-d673]:EnsureObjectLoaded():util/kaldi-table-inl.h:310) Failed to open file /wav/m3_253.wav
WARNING (compute-mfcc-feats[5.5.1023~1-d673]:EnsureObjectLoaded():util/kaldi-table-inl.h:310) Failed to open file /wav/m3_254.wav
WARNING (compute-mfcc-feats[5.5.1023~1-d673]:EnsureObjectLoaded():util/kaldi-table-inl.h:310) Failed to open file /wav/m3_255.wav
WARNING (compute-mfcc-feats[5.5.1023~1-d673]:EnsureObjectLoaded():util/kaldi-table-inl.h:310) Failed to open file /wav/m3_257.wav
WARNING (compute-mfcc-feats[5.5.1023~1-d673]:EnsureObjectLoaded():util/kaldi-table-inl.h:310) Failed to open file /wav/m3_258.wav
WARNING (compute-mfcc-feats[5.5.1023~1-d673]:EnsureObjectLoaded():util/kaldi-table-inl.h:310) Failed to open file /wav/m3_259.wav
WARNING (compute-mfcc-feats[5.5.1023~1-d673]:EnsureObjectLoaded():util/kaldi-table-inl.h:310) Failed to open file /wav/m3_260.wav
WARNING (compute-mfcc-feats[5.5.1023~1-d673]:EnsureObjectLoaded():util/kaldi-table-inl.h:310) Failed to open file /wav/m3_262.wav
WARNING (compute-mfcc-feats[5.5.1023~1-d673]:EnsureObjectLoaded():util/kaldi-table-inl.h:310) Failed to open file /wav/m3_263.wav
WARNING (compute-mfcc-feats[5.5.1023~1-d673]:EnsureObjectLoaded():util/kaldi-table-inl.h:310) Failed to open file /wav/m3_265.wav
WARNING (compute-mfcc-feats[5.5.1023~1-d673]:EnsureObjectLoaded():util/kaldi-table-inl.h:310) Failed to open file /wav/m3_267.wav
WARNING (compute-mfcc-feats[5.5.1023~1-d673]:EnsureObjectLoaded():util/kaldi-table-inl.h:310) Failed to open file /wav/m3_268.wav
WARNING (compute-mfcc-feats[5.5.1023~1-d673]:EnsureObjectLoaded():util/kaldi-table-inl.h:310) Failed to open file /wav/m3_269.wav
WARNING (compute-mfcc-feats[5.5.1023~1-d673]:EnsureObjectLoaded():util/kaldi-table-inl.h:310) Failed to open file /wav/m3_270.wav
WARNING (compute-mfcc-feats[5.5.1023~1-d673]:EnsureObjectLoaded():util/kaldi-table-inl.h:310) Failed to open file /wav/m3_272.wav
WARNING (compute-mfcc-feats[5.5.1023~1-d673]:EnsureObjectLoaded():util/kaldi-table-inl.h:310) Failed to open file /wav/m3_273.wav
WARNING (compute-mfcc-feats[5.5.1023~1-d673]:EnsureObjectLoaded():util/kaldi-table-inl.h:310) Failed to open file /wav/m3_274.wav
WARNING (compute-mfcc-feats[5.5.1023~1-d673]:EnsureObjectLoaded():util/kaldi-table-inl.h:310) Failed to open file /wav/m3_275.wav
WARNING (compute-mfcc-feats[5.5.1023~1-d673]:EnsureObjectLoaded():util/kaldi-table-inl.h:310) Failed to open file /wav/m3_278.wav
WARNING (compute-mfcc-feats[5.5.1023~1-d673]:EnsureObjectLoaded():util/kaldi-table-inl.h:310) Failed to open file /wav/m3_279.wav
WARNING (compute-mfcc-feats[5.5.1023~1-d673]:EnsureObjectLoaded():util/kaldi-table-inl.h:310) Failed to open file /wav/m3_280.wav
WARNING (compute-mfcc-feats[5.5.1023~1-d673]:EnsureObjectLoaded():util/kaldi-table-inl.h:310) Failed to open file /wav/m3_282.wav
WARNING (compute-mfcc-feats[5.5.1023~1-d673]:EnsureObjectLoaded():util/kaldi-table-inl.h:310) Failed to open file /wav/m3_283.wav
WARNING (compute-mfcc-feats[5.5.1023~1-d673]:EnsureObjectLoaded():util/kaldi-table-inl.h:310) Failed to open file /wav/m3_284.wav
WARNING (compute-mfcc-feats[5.5.1023~1-d673]:EnsureObjectLoaded():util/kaldi-table-inl.h:310) Failed to open file /wav/m3_285.wav
WARNING (compute-mfcc-feats[5.5.1023~1-d673]:EnsureObjectLoaded():util/kaldi-table-inl.h:310) Failed to open file /wav/m3_287.wav
WARNING (compute-mfcc-feats[5.5.1023~1-d673]:EnsureObjectLoaded():util/kaldi-table-inl.h:310) Failed to open file /wav/m3_288.wav
WARNING (compute-mfcc-feats[5.5.1023~1-d673]:EnsureObjectLoaded():util/kaldi-table-inl.h:310) Failed to open file /wav/m3_290.wav
WARNING (compute-mfcc-feats[5.5.1023~1-d673]:EnsureObjectLoaded():util/kaldi-table-inl.h:310) Failed to open file /wav/m3_292.wav
WARNING (compute-mfcc-feats[5.5.1023~1-d673]:EnsureObjectLoaded():util/kaldi-table-inl.h:310) Failed to open file /wav/m3_293.wav
WARNING (compute-mfcc-feats[5.5.1023~1-d673]:EnsureObjectLoaded():util/kaldi-table-inl.h:310) Failed to open file /wav/m3_294.wav
WARNING (compute-mfcc-feats[5.5.1023~1-d673]:EnsureObjectLoaded():util/kaldi-table-inl.h:310) Failed to open file /wav/m3_295.wav
WARNING (compute-mfcc-feats[5.5.1023~1-d673]:EnsureObjectLoaded():util/kaldi-table-inl.h:310) Failed to open file /wav/m3_297.wav
WARNING (compute-mfcc-feats[5.5.1023~1-d673]:EnsureObjectLoaded():util/kaldi-table-inl.h:310) Failed to open file /wav/m3_298.wav
WARNING (compute-mfcc-feats[5.5.1023~1-d673]:EnsureObjectLoaded():util/kaldi-table-inl.h:310) Failed to open file /wav/m3_299.wav
WARNING (compute-mfcc-feats[5.5.1023~1-d673]:EnsureObjectLoaded():util/kaldi-table-inl.h:310) Failed to open file /wav/m3_300.wav
WARNING (compute-mfcc-feats[5.5.1023~1-d673]:EnsureObjectLoaded():util/kaldi-table-inl.h:310) Failed to open file /wav/m3_303.wav
WARNING (compute-mfcc-feats[5.5.1023~1-d673]:EnsureObjectLoaded():util/kaldi-table-inl.h:310) Failed to open file /wav/m3_304.wav
WARNING (compute-mfcc-feats[5.5.1023~1-d673]:EnsureObjectLoaded():util/kaldi-table-inl.h:310) Failed to open file /wav/m3_305.wav
WARNING (compute-mfcc-feats[5.5.1023~1-d673]:EnsureObjectLoaded():util/kaldi-table-inl.h:310) Failed to open file /wav/m3_307.wav
WARNING (compute-mfcc-feats[5.5.1023~1-d673]:EnsureObjectLoaded():util/kaldi-table-inl.h:310) Failed to open file /wav/m3_308.wav
WARNING (compute-mfcc-feats[5.5.1023~1-d673]:EnsureObjectLoaded():util/kaldi-table-inl.h:310) Failed to open file /wav/m3_309.wav
WARNING (compute-mfcc-feats[5.5.1023~1-d673]:EnsureObjectLoaded():util/kaldi-table-inl.h:310) Failed to open file /wav/m3_310.wav
WARNING (compute-mfcc-feats[5.5.1023~1-d673]:EnsureObjectLoaded():util/kaldi-table-inl.h:310) Failed to open file /wav/m3_312.wav
WARNING (compute-mfcc-feats[5.5.1023~1-d673]:EnsureObjectLoaded():util/kaldi-table-inl.h:310) Failed to open file /wav/m3_313.wav
WARNING (compute-mfcc-feats[5.5.1023~1-d673]:EnsureObjectLoaded():util/kaldi-table-inl.h:310) Failed to open file /wav/m3_315.wav
WARNING (compute-mfcc-feats[5.5.1023~1-d673]:EnsureObjectLoaded():util/kaldi-table-inl.h:310) Failed to open file /wav/m3_317.wav
WARNING (compute-mfcc-feats[5.5.1023~1-d673]:EnsureObjectLoaded():util/kaldi-table-inl.h:310) Failed to open file /wav/m3_318.wav
WARNING (compute-mfcc-feats[5.5.1023~1-d673]:EnsureObjectLoaded():util/kaldi-table-inl.h:310) Failed to open file /wav/m3_319.wav
WARNING (compute-mfcc-feats[5.5.1023~1-d673]:EnsureObjectLoaded():util/kaldi-table-inl.h:310) Failed to open file /wav/m3_320.wav
WARNING (compute-mfcc-feats[5.5.1023~1-d673]:EnsureObjectLoaded():util/kaldi-table-inl.h:310) Failed to open file /wav/m3_322.wav
WARNING (compute-mfcc-feats[5.5.1023~1-d673]:EnsureObjectLoaded():util/kaldi-table-inl.h:310) Failed to open file /wav/m3_323.wav
WARNING (compute-mfcc-feats[5.5.1023~1-d673]:EnsureObjectLoaded():util/kaldi-table-inl.h:310) Failed to open file /wav/m3_324.wav
WARNING (compute-mfcc-feats[5.5.1023~1-d673]:EnsureObjectLoaded():util/kaldi-table-inl.h:310) Failed to open file /wav/m3_325.wav
WARNING (compute-mfcc-feats[5.5.1023~1-d673]:EnsureObjectLoaded():util/kaldi-table-inl.h:310) Failed to open file /wav/m3_328.wav
WARNING (compute-mfcc-feats[5.5.1023~1-d673]:EnsureObjectLoaded():util/kaldi-table-inl.h:310) Failed to open file /wav/m3_329.wav
WARNING (compute-mfcc-feats[5.5.1023~1-d673]:EnsureObjectLoaded():util/kaldi-table-inl.h:310) Failed to open file /wav/m3_330.wav
WARNING (compute-mfcc-feats[5.5.1023~1-d673]:EnsureObjectLoaded():util/kaldi-table-inl.h:310) Failed to open file /wav/m3_332.wav
WARNING (compute-mfcc-feats[5.5.1023~1-d673]:EnsureObjectLoaded():util/kaldi-table-inl.h:310) Failed to open file /wav/m3_333.wav
WARNING (compute-mfcc-feats[5.5.1023~1-d673]:EnsureObjectLoaded():util/kaldi-table-inl.h:310) Failed to open file /wav/m3_334.wav
WARNING (compute-mfcc-feats[5.5.1023~1-d673]:EnsureObjectLoaded():util/kaldi-table-inl.h:310) Failed to open file /wav/m3_335.wav
WARNING (compute-mfcc-feats[5.5.1023~1-d673]:EnsureObjectLoaded():util/kaldi-table-inl.h:310) Failed to open file /wav/m3_337.wav
WARNING (compute-mfcc-feats[5.5.1023~1-d673]:EnsureObjectLoaded():util/kaldi-table-inl.h:310) Failed to open file /wav/m3_338.wav
WARNING (compute-mfcc-feats[5.5.1023~1-d673]:EnsureObjectLoaded():util/kaldi-table-inl.h:310) Failed to open file /wav/m3_340.wav
WARNING (compute-mfcc-feats[5.5.1023~1-d673]:EnsureObjectLoaded():util/kaldi-table-inl.h:310) Failed to open file /wav/m3_342.wav
WARNING (compute-mfcc-feats[5.5.1023~1-d673]:EnsureObjectLoaded():util/kaldi-table-inl.h:310) Failed to open file /wav/m3_343.wav
WARNING (compute-mfcc-feats[5.5.1023~1-d673]:EnsureObjectLoaded():util/kaldi-table-inl.h:310) Failed to open file /wav/m3_344.wav
WARNING (compute-mfcc-feats[5.5.1023~1-d673]:EnsureObjectLoaded():util/kaldi-table-inl.h:310) Failed to open file /wav/m3_345.wav
WARNING (compute-mfcc-feats[5.5.1023~1-d673]:EnsureObjectLoaded():util/kaldi-table-inl.h:310) Failed to open file /wav/m3_347.wav
WARNING (compute-mfcc-feats[5.5.1023~1-d673]:EnsureObjectLoaded():util/kaldi-table-inl.h:310) Failed to open file /wav/m3_348.wav
WARNING (compute-mfcc-feats[5.5.1023~1-d673]:EnsureObjectLoaded():util/kaldi-table-inl.h:310) Failed to open file /wav/m3_349.wav
WARNING (compute-mfcc-feats[5.5.1023~1-d673]:EnsureObjectLoaded():util/kaldi-table-inl.h:310) Failed to open file /wav/m3_350.wav
WARNING (compute-mfcc-feats[5.5.1023~1-d673]:EnsureObjectLoaded():util/kaldi-table-inl.h:310) Failed to open file /wav/m3_353.wav
WARNING (compute-mfcc-feats[5.5.1023~1-d673]:EnsureObjectLoaded():util/kaldi-table-inl.h:310) Failed to open file /wav/m3_354.wav
WARNING (compute-mfcc-feats[5.5.1023~1-d673]:EnsureObjectLoaded():util/kaldi-table-inl.h:310) Failed to open file /wav/m3_355.wav
WARNING (compute-mfcc-feats[5.5.1023~1-d673]:EnsureObjectLoaded():util/kaldi-table-inl.h:310) Failed to open file /wav/m3_357.wav
WARNING (compute-mfcc-feats[5.5.1023~1-d673]:EnsureObjectLoaded():util/kaldi-table-inl.h:310) Failed to open file /wav/m3_358.wav
WARNING (compute-mfcc-feats[5.5.1023~1-d673]:EnsureObjectLoaded():util/kaldi-table-inl.h:310) Failed to open file /wav/m3_359.wav
WARNING (compute-mfcc-feats[5.5.1023~1-d673]:EnsureObjectLoaded():util/kaldi-table-inl.h:310) Failed to open file /wav/m3_360.wav
WARNING (compute-mfcc-feats[5.5.1023~1-d673]:EnsureObjectLoaded():util/kaldi-table-inl.h:310) Failed to open file /wav/m3_362.wav
WARNING (compute-mfcc-feats[5.5.1023~1-d673]:EnsureObjectLoaded():util/kaldi-table-inl.h:310) Failed to open file /wav/m3_363.wav
WARNING (compute-mfcc-feats[5.5.1023~1-d673]:EnsureObjectLoaded():util/kaldi-table-inl.h:310) Failed to open file /wav/m3_365.wav
WARNING (compute-mfcc-feats[5.5.1023~1-d673]:EnsureObjectLoaded():util/kaldi-table-inl.h:310) Failed to open file /wav/m3_367.wav
WARNING (compute-mfcc-feats[5.5.1023~1-d673]:EnsureObjectLoaded():util/kaldi-table-inl.h:310) Failed to open file /wav/m3_368.wav
WARNING (compute-mfcc-feats[5.5.1023~1-d673]:EnsureObjectLoaded():util/kaldi-table-inl.h:310) Failed to open file /wav/m3_369.wav
WARNING (compute-mfcc-feats[5.5.1023~1-d673]:EnsureObjectLoaded():util/kaldi-table-inl.h:310) Failed to open file /wav/m3_370.wav
WARNING (compute-mfcc-feats[5.5.1023~1-d673]:EnsureObjectLoaded():util/kaldi-table-inl.h:310) Failed to open file /wav/m3_372.wav
WARNING (compute-mfcc-feats[5.5.1023~1-d673]:EnsureObjectLoaded():util/kaldi-table-inl.h:310) Failed to open file /wav/m3_373.wav
WARNING (compute-mfcc-feats[5.5.1023~1-d673]:EnsureObjectLoaded():util/kaldi-table-inl.h:310) Failed to open file /wav/m3_374.wav
WARNING (compute-mfcc-feats[5.5.1023~1-d673]:EnsureObjectLoaded():util/kaldi-table-inl.h:310) Failed to open file /wav/m3_375.wav
WARNING (compute-mfcc-feats[5.5.1023~1-d673]:EnsureObjectLoaded():util/kaldi-table-inl.h:310) Failed to open file /wav/m3_378.wav
WARNING (compute-mfcc-feats[5.5.1023~1-d673]:EnsureObjectLoaded():util/kaldi-table-inl.h:310) Failed to open file /wav/m3_379.wav
WARNING (compute-mfcc-feats[5.5.1023~1-d673]:EnsureObjectLoaded():util/kaldi-table-inl.h:310) Failed to open file /wav/m3_380.wav
WARNING (compute-mfcc-feats[5.5.1023~1-d673]:EnsureObjectLoaded():util/kaldi-table-inl.h:310) Failed to open file /wav/m3_382.wav
WARNING (compute-mfcc-feats[5.5.1023~1-d673]:EnsureObjectLoaded():util/kaldi-table-inl.h:310) Failed to open file /wav/m3_383.wav
WARNING (compute-mfcc-feats[5.5.1023~1-d673]:EnsureObjectLoaded():util/kaldi-table-inl.h:310) Failed to open file /wav/m3_384.wav
WARNING (compute-mfcc-feats[5.5.1023~1-d673]:EnsureObjectLoaded():util/kaldi-table-inl.h:310) Failed to open file /wav/m3_385.wav
WARNING (compute-mfcc-feats[5.5.1023~1-d673]:EnsureObjectLoaded():util/kaldi-table-inl.h:310) Failed to open file /wav/m3_387.wav
WARNING (compute-mfcc-feats[5.5.1023~1-d673]:EnsureObjectLoaded():util/kaldi-table-inl.h:310) Failed to open file /wav/m3_388.wav
WARNING (compute-mfcc-feats[5.5.1023~1-d673]:EnsureObjectLoaded():util/kaldi-table-inl.h:310) Failed to open file /wav/m3_390.wav
WARNING (compute-mfcc-feats[5.5.1023~1-d673]:EnsureObjectLoaded():util/kaldi-table-inl.h:310) Failed to open file /wav/m3_392.wav
WARNING (compute-mfcc-feats[5.5.1023~1-d673]:EnsureObjectLoaded():util/kaldi-table-inl.h:310) Failed to open file /wav/m3_393.wav
WARNING (compute-mfcc-feats[5.5.1023~1-d673]:EnsureObjectLoaded():util/kaldi-table-inl.h:310) Failed to open file /wav/m3_394.wav
WARNING (compute-mfcc-feats[5.5.1023~1-d673]:EnsureObjectLoaded():util/kaldi-table-inl.h:310) Failed to open file /wav/m3_395.wav
WARNING (compute-mfcc-feats[5.5.1023~1-d673]:EnsureObjectLoaded():util/kaldi-table-inl.h:310) Failed to open file /wav/m3_397.wav
WARNING (compute-mfcc-feats[5.5.1023~1-d673]:EnsureObjectLoaded():util/kaldi-table-inl.h:310) Failed to open file /wav/m3_398.wav
WARNING (compute-mfcc-feats[5.5.1023~1-d673]:EnsureObjectLoaded():util/kaldi-table-inl.h:310) Failed to open file /wav/m3_399.wav
WARNING (compute-mfcc-feats[5.5.1023~1-d673]:EnsureObjectLoaded():util/kaldi-table-inl.h:310) Failed to open file /wav/m3_400.wav
WARNING (compute-mfcc-feats[5.5.1023~1-d673]:EnsureObjectLoaded():util/kaldi-table-inl.h:310) Failed to open file /wav/m3_403.wav
WARNING (compute-mfcc-feats[5.5.1023~1-d673]:EnsureObjectLoaded():util/kaldi-table-inl.h:310) Failed to open file /wav/m3_404.wav
WARNING (compute-mfcc-feats[5.5.1023~1-d673]:EnsureObjectLoaded():util/kaldi-table-inl.h:310) Failed to open file /wav/m3_405.wav
WARNING (compute-mfcc-feats[5.5.1023~1-d673]:EnsureObjectLoaded():util/kaldi-table-inl.h:310) Failed to open file /wav/m3_407.wav
WARNING (compute-mfcc-feats[5.5.1023~1-d673]:EnsureObjectLoaded():util/kaldi-table-inl.h:310) Failed to open file /wav/m3_408.wav
WARNING (compute-mfcc-feats[5.5.1023~1-d673]:EnsureObjectLoaded():util/kaldi-table-inl.h:310) Failed to open file /wav/m3_409.wav
WARNING (compute-mfcc-feats[5.5.1023~1-d673]:EnsureObjectLoaded():util/kaldi-table-inl.h:310) Failed to open file /wav/m3_410.wav
WARNING (compute-mfcc-feats[5.5.1023~1-d673]:EnsureObjectLoaded():util/kaldi-table-inl.h:310) Failed to open file /wav/m3_412.wav
WARNING (compute-mfcc-feats[5.5.1023~1-d673]:EnsureObjectLoaded():util/kaldi-table-inl.h:310) Failed to open file /wav/m3_413.wav
WARNING (compute-mfcc-feats[5.5.1023~1-d673]:EnsureObjectLoaded():util/kaldi-table-inl.h:310) Failed to open file /wav/m3_415.wav
WARNING (compute-mfcc-feats[5.5.1023~1-d673]:EnsureObjectLoaded():util/kaldi-table-inl.h:310) Failed to open file /wav/m3_417.wav
WARNING (compute-mfcc-feats[5.5.1023~1-d673]:EnsureObjectLoaded():util/kaldi-table-inl.h:310) Failed to open file /wav/m3_418.wav
WARNING (compute-mfcc-feats[5.5.1023~1-d673]:EnsureObjectLoaded():util/kaldi-table-inl.h:310) Failed to open file /wav/m3_419.wav
WARNING (compute-mfcc-feats[5.5.1023~1-d673]:EnsureObjectLoaded():util/kaldi-table-inl.h:310) Failed to open file /wav/m3_420.wav
WARNING (compute-mfcc-feats[5.5.1023~1-d673]:EnsureObjectLoaded():util/kaldi-table-inl.h:310) Failed to open file /wav/m3_422.wav
WARNING (compute-mfcc-feats[5.5.1023~1-d673]:EnsureObjectLoaded():util/kaldi-table-inl.h:310) Failed to open file /wav/m3_423.wav
WARNING (compute-mfcc-feats[5.5.1023~1-d673]:EnsureObjectLoaded():util/kaldi-table-inl.h:310) Failed to open file /wav/m3_424.wav
WARNING (compute-mfcc-feats[5.5.1023~1-d673]:EnsureObjectLoaded():util/kaldi-table-inl.h:310) Failed to open file /wav/m3_425.wav
WARNING (compute-mfcc-feats[5.5.1023~1-d673]:EnsureObjectLoaded():util/kaldi-table-inl.h:310) Failed to open file /wav/m3_428.wav
WARNING (compute-mfcc-feats[5.5.1023~1-d673]:EnsureObjectLoaded():util/kaldi-table-inl.h:310) Failed to open file /wav/m3_429.wav
WARNING (compute-mfcc-feats[5.5.1023~1-d673]:EnsureObjectLoaded():util/kaldi-table-inl.h:310) Failed to open file /wav/m3_430.wav
WARNING (compute-mfcc-feats[5.5.1023~1-d673]:EnsureObjectLoaded():util/kaldi-table-inl.h:310) Failed to open file /wav/m3_432.wav
WARNING (compute-mfcc-feats[5.5.1023~1-d673]:EnsureObjectLoaded():util/kaldi-table-inl.h:310) Failed to open file /wav/m3_433.wav
WARNING (compute-mfcc-feats[5.5.1023~1-d673]:EnsureObjectLoaded():util/kaldi-table-inl.h:310) Failed to open file /wav/m3_434.wav
WARNING (compute-mfcc-feats[5.5.1023~1-d673]:EnsureObjectLoaded():util/kaldi-table-inl.h:310) Failed to open file /wav/m3_435.wav
WARNING (compute-mfcc-feats[5.5.1023~1-d673]:EnsureObjectLoaded():util/kaldi-table-inl.h:310) Failed to open file /wav/m3_437.wav
WARNING (compute-mfcc-feats[5.5.1023~1-d673]:EnsureObjectLoaded():util/kaldi-table-inl.h:310) Failed to open file /wav/m3_438.wav
WARNING (compute-mfcc-feats[5.5.1023~1-d673]:EnsureObjectLoaded():util/kaldi-table-inl.h:310) Failed to open file /wav/m3_440.wav
WARNING (compute-mfcc-feats[5.5.1023~1-d673]:EnsureObjectLoaded():util/kaldi-table-inl.h:310) Failed to open file /wav/m3_442.wav
WARNING (compute-mfcc-feats[5.5.1023~1-d673]:EnsureObjectLoaded():util/kaldi-table-inl.h:310) Failed to open file /wav/m3_443.wav
WARNING (compute-mfcc-feats[5.5.1023~1-d673]:EnsureObjectLoaded():util/kaldi-table-inl.h:310) Failed to open file /wav/m3_444.wav
WARNING (compute-mfcc-feats[5.5.1023~1-d673]:EnsureObjectLoaded():util/kaldi-table-inl.h:310) Failed to open file /wav/m3_445.wav
WARNING (compute-mfcc-feats[5.5.1023~1-d673]:EnsureObjectLoaded():util/kaldi-table-inl.h:310) Failed to open file /wav/m3_447.wav
WARNING (compute-mfcc-feats[5.5.1023~1-d673]:EnsureObjectLoaded():util/kaldi-table-inl.h:310) Failed to open file /wav/m3_448.wav
WARNING (compute-mfcc-feats[5.5.1023~1-d673]:EnsureObjectLoaded():util/kaldi-table-inl.h:310) Failed to open file /wav/m3_449.wav
WARNING (compute-mfcc-feats[5.5.1023~1-d673]:EnsureObjectLoaded():util/kaldi-table-inl.h:310) Failed to open file /wav/m3_450.wav
WARNING (compute-mfcc-feats[5.5.1023~1-d673]:EnsureObjectLoaded():util/kaldi-table-inl.h:310) Failed to open file /wav/m3_453.wav
WARNING (compute-mfcc-feats[5.5.1023~1-d673]:EnsureObjectLoaded():util/kaldi-table-inl.h:310) Failed to open file /wav/m3_454.wav
WARNING (compute-mfcc-feats[5.5.1023~1-d673]:EnsureObjectLoaded():util/kaldi-table-inl.h:310) Failed to open file /wav/m3_455.wav
WARNING (compute-mfcc-feats[5.5.1023~1-d673]:EnsureObjectLoaded():util/kaldi-table-inl.h:310) Failed to open file /wav/m3_457.wav
WARNING (compute-mfcc-feats[5.5.1023~1-d673]:EnsureObjectLoaded():util/kaldi-table-inl.h:310) Failed to open file /wav/m3_458.wav
WARNING (compute-mfcc-feats[5.5.1023~1-d673]:EnsureObjectLoaded():util/kaldi-table-inl.h:310) Failed to open file /wav/m3_459.wav
WARNING (compute-mfcc-feats[5.5.1023~1-d673]:EnsureObjectLoaded():util/kaldi-table-inl.h:310) Failed to open file /wav/m3_460.wav
LOG (compute-mfcc-feats[5.5.1023~1-d673]:main():compute-mfcc-feats.cc:185)  Done 0 out of 0 utterances.
LOG (copy-feats[5.5.1023~1-d673]:main():copy-feats.cc:143) Copied 0 feature matrices.
# Accounting: time=0 threads=1
# Ended (code 1) at Sat May 14 17:21:31 EEST 2022, elapsed time 0 seconds
